[2022-12-14 00:25:31] local.ERROR: App\Jobs\AlarmDataJob has been attempted too many times or run too long. The job may have previously timed out. {"exception":"[object] (Illuminate\\Queue\\MaxAttemptsExceededException(code: 0): App\\Jobs\\AlarmDataJob has been attempted too many times or run too long. The job may have previously timed out. at /www/wwwroot/mis/sass/vendor/laravel/framework/src/Illuminate/Queue/Worker.php:750)
[stacktrace]
#0 /www/wwwroot/mis/sass/vendor/laravel/framework/src/Illuminate/Queue/Worker.php(504): Illuminate\\Queue\\Worker->maxAttemptsExceededException()
#1 /www/wwwroot/mis/sass/vendor/laravel/framework/src/Illuminate/Queue/Worker.php(418): Illuminate\\Queue\\Worker->markJobAsFailedIfAlreadyExceedsMaxAttempts()
#2 /www/wwwroot/mis/sass/vendor/laravel/framework/src/Illuminate/Queue/Worker.php(378): Illuminate\\Queue\\Worker->process()
#3 /www/wwwroot/mis/sass/vendor/laravel/framework/src/Illuminate/Queue/Worker.php(172): Illuminate\\Queue\\Worker->runJob()
#4 /www/wwwroot/mis/sass/vendor/laravel/framework/src/Illuminate/Queue/Console/WorkCommand.php(117): Illuminate\\Queue\\Worker->daemon()
#5 /www/wwwroot/mis/sass/vendor/laravel/framework/src/Illuminate/Queue/Console/WorkCommand.php(101): Illuminate\\Queue\\Console\\WorkCommand->runWorker()
#6 /www/wwwroot/mis/sass/vendor/laravel/framework/src/Illuminate/Container/BoundMethod.php(36): Illuminate\\Queue\\Console\\WorkCommand->handle()
#7 /www/wwwroot/mis/sass/vendor/laravel/framework/src/Illuminate/Container/Util.php(40): Illuminate\\Container\\BoundMethod::Illuminate\\Container\\{closure}()
#8 /www/wwwroot/mis/sass/vendor/laravel/framework/src/Illuminate/Container/BoundMethod.php(93): Illuminate\\Container\\Util::unwrapIfClosure()
#9 /www/wwwroot/mis/sass/vendor/laravel/framework/src/Illuminate/Container/BoundMethod.php(37): Illuminate\\Container\\BoundMethod::callBoundMethod()
#10 /www/wwwroot/mis/sass/vendor/laravel/framework/src/Illuminate/Container/Container.php(653): Illuminate\\Container\\BoundMethod::call()
#11 /www/wwwroot/mis/sass/vendor/laravel/framework/src/Illuminate/Console/Command.php(136): Illuminate\\Container\\Container->call()
#12 /www/wwwroot/mis/sass/vendor/symfony/console/Command/Command.php(298): Illuminate\\Console\\Command->execute()
#13 /www/wwwroot/mis/sass/vendor/laravel/framework/src/Illuminate/Console/Command.php(121): Symfony\\Component\\Console\\Command\\Command->run()
#14 /www/wwwroot/mis/sass/vendor/symfony/console/Application.php(1028): Illuminate\\Console\\Command->run()
#15 /www/wwwroot/mis/sass/vendor/symfony/console/Application.php(299): Symfony\\Component\\Console\\Application->doRunCommand()
#16 /www/wwwroot/mis/sass/vendor/symfony/console/Application.php(171): Symfony\\Component\\Console\\Application->doRun()
#17 /www/wwwroot/mis/sass/vendor/laravel/framework/src/Illuminate/Console/Application.php(94): Symfony\\Component\\Console\\Application->run()
#18 /www/wwwroot/mis/sass/vendor/laravel/framework/src/Illuminate/Foundation/Console/Kernel.php(129): Illuminate\\Console\\Application->run()
#19 /www/wwwroot/mis/sass/artisan(37): Illuminate\\Foundation\\Console\\Kernel->handle()
#20 {main}
"} 
[2022-12-14 00:27:32] local.ERROR: App\Jobs\AlarmDataJob has been attempted too many times or run too long. The job may have previously timed out. {"exception":"[object] (Illuminate\\Queue\\MaxAttemptsExceededException(code: 0): App\\Jobs\\AlarmDataJob has been attempted too many times or run too long. The job may have previously timed out. at /www/wwwroot/mis/sass/vendor/laravel/framework/src/Illuminate/Queue/Worker.php:750)
[stacktrace]
#0 /www/wwwroot/mis/sass/vendor/laravel/framework/src/Illuminate/Queue/Worker.php(504): Illuminate\\Queue\\Worker->maxAttemptsExceededException()
#1 /www/wwwroot/mis/sass/vendor/laravel/framework/src/Illuminate/Queue/Worker.php(418): Illuminate\\Queue\\Worker->markJobAsFailedIfAlreadyExceedsMaxAttempts()
#2 /www/wwwroot/mis/sass/vendor/laravel/framework/src/Illuminate/Queue/Worker.php(378): Illuminate\\Queue\\Worker->process()
#3 /www/wwwroot/mis/sass/vendor/laravel/framework/src/Illuminate/Queue/Worker.php(172): Illuminate\\Queue\\Worker->runJob()
#4 /www/wwwroot/mis/sass/vendor/laravel/framework/src/Illuminate/Queue/Console/WorkCommand.php(117): Illuminate\\Queue\\Worker->daemon()
#5 /www/wwwroot/mis/sass/vendor/laravel/framework/src/Illuminate/Queue/Console/WorkCommand.php(101): Illuminate\\Queue\\Console\\WorkCommand->runWorker()
#6 /www/wwwroot/mis/sass/vendor/laravel/framework/src/Illuminate/Container/BoundMethod.php(36): Illuminate\\Queue\\Console\\WorkCommand->handle()
#7 /www/wwwroot/mis/sass/vendor/laravel/framework/src/Illuminate/Container/Util.php(40): Illuminate\\Container\\BoundMethod::Illuminate\\Container\\{closure}()
#8 /www/wwwroot/mis/sass/vendor/laravel/framework/src/Illuminate/Container/BoundMethod.php(93): Illuminate\\Container\\Util::unwrapIfClosure()
#9 /www/wwwroot/mis/sass/vendor/laravel/framework/src/Illuminate/Container/BoundMethod.php(37): Illuminate\\Container\\BoundMethod::callBoundMethod()
#10 /www/wwwroot/mis/sass/vendor/laravel/framework/src/Illuminate/Container/Container.php(653): Illuminate\\Container\\BoundMethod::call()
#11 /www/wwwroot/mis/sass/vendor/laravel/framework/src/Illuminate/Console/Command.php(136): Illuminate\\Container\\Container->call()
#12 /www/wwwroot/mis/sass/vendor/symfony/console/Command/Command.php(298): Illuminate\\Console\\Command->execute()
#13 /www/wwwroot/mis/sass/vendor/laravel/framework/src/Illuminate/Console/Command.php(121): Symfony\\Component\\Console\\Command\\Command->run()
#14 /www/wwwroot/mis/sass/vendor/symfony/console/Application.php(1028): Illuminate\\Console\\Command->run()
#15 /www/wwwroot/mis/sass/vendor/symfony/console/Application.php(299): Symfony\\Component\\Console\\Application->doRunCommand()
#16 /www/wwwroot/mis/sass/vendor/symfony/console/Application.php(171): Symfony\\Component\\Console\\Application->doRun()
#17 /www/wwwroot/mis/sass/vendor/laravel/framework/src/Illuminate/Console/Application.php(94): Symfony\\Component\\Console\\Application->run()
#18 /www/wwwroot/mis/sass/vendor/laravel/framework/src/Illuminate/Foundation/Console/Kernel.php(129): Illuminate\\Console\\Application->run()
#19 /www/wwwroot/mis/sass/artisan(37): Illuminate\\Foundation\\Console\\Kernel->handle()
#20 {main}
"} 
[2022-12-14 02:35:33] local.ERROR: App\Jobs\AlarmDataJob has been attempted too many times or run too long. The job may have previously timed out. {"exception":"[object] (Illuminate\\Queue\\MaxAttemptsExceededException(code: 0): App\\Jobs\\AlarmDataJob has been attempted too many times or run too long. The job may have previously timed out. at /www/wwwroot/mis/sass/vendor/laravel/framework/src/Illuminate/Queue/Worker.php:750)
[stacktrace]
#0 /www/wwwroot/mis/sass/vendor/laravel/framework/src/Illuminate/Queue/Worker.php(504): Illuminate\\Queue\\Worker->maxAttemptsExceededException()
#1 /www/wwwroot/mis/sass/vendor/laravel/framework/src/Illuminate/Queue/Worker.php(418): Illuminate\\Queue\\Worker->markJobAsFailedIfAlreadyExceedsMaxAttempts()
#2 /www/wwwroot/mis/sass/vendor/laravel/framework/src/Illuminate/Queue/Worker.php(378): Illuminate\\Queue\\Worker->process()
#3 /www/wwwroot/mis/sass/vendor/laravel/framework/src/Illuminate/Queue/Worker.php(172): Illuminate\\Queue\\Worker->runJob()
#4 /www/wwwroot/mis/sass/vendor/laravel/framework/src/Illuminate/Queue/Console/WorkCommand.php(117): Illuminate\\Queue\\Worker->daemon()
#5 /www/wwwroot/mis/sass/vendor/laravel/framework/src/Illuminate/Queue/Console/WorkCommand.php(101): Illuminate\\Queue\\Console\\WorkCommand->runWorker()
#6 /www/wwwroot/mis/sass/vendor/laravel/framework/src/Illuminate/Container/BoundMethod.php(36): Illuminate\\Queue\\Console\\WorkCommand->handle()
#7 /www/wwwroot/mis/sass/vendor/laravel/framework/src/Illuminate/Container/Util.php(40): Illuminate\\Container\\BoundMethod::Illuminate\\Container\\{closure}()
#8 /www/wwwroot/mis/sass/vendor/laravel/framework/src/Illuminate/Container/BoundMethod.php(93): Illuminate\\Container\\Util::unwrapIfClosure()
#9 /www/wwwroot/mis/sass/vendor/laravel/framework/src/Illuminate/Container/BoundMethod.php(37): Illuminate\\Container\\BoundMethod::callBoundMethod()
#10 /www/wwwroot/mis/sass/vendor/laravel/framework/src/Illuminate/Container/Container.php(653): Illuminate\\Container\\BoundMethod::call()
#11 /www/wwwroot/mis/sass/vendor/laravel/framework/src/Illuminate/Console/Command.php(136): Illuminate\\Container\\Container->call()
#12 /www/wwwroot/mis/sass/vendor/symfony/console/Command/Command.php(298): Illuminate\\Console\\Command->execute()
#13 /www/wwwroot/mis/sass/vendor/laravel/framework/src/Illuminate/Console/Command.php(121): Symfony\\Component\\Console\\Command\\Command->run()
#14 /www/wwwroot/mis/sass/vendor/symfony/console/Application.php(1028): Illuminate\\Console\\Command->run()
#15 /www/wwwroot/mis/sass/vendor/symfony/console/Application.php(299): Symfony\\Component\\Console\\Application->doRunCommand()
#16 /www/wwwroot/mis/sass/vendor/symfony/console/Application.php(171): Symfony\\Component\\Console\\Application->doRun()
#17 /www/wwwroot/mis/sass/vendor/laravel/framework/src/Illuminate/Console/Application.php(94): Symfony\\Component\\Console\\Application->run()
#18 /www/wwwroot/mis/sass/vendor/laravel/framework/src/Illuminate/Foundation/Console/Kernel.php(129): Illuminate\\Console\\Application->run()
#19 /www/wwwroot/mis/sass/artisan(37): Illuminate\\Foundation\\Console\\Kernel->handle()
#20 {main}
"} 
[2022-12-14 04:51:31] local.ERROR: App\Jobs\AlarmDataJob has been attempted too many times or run too long. The job may have previously timed out. {"exception":"[object] (Illuminate\\Queue\\MaxAttemptsExceededException(code: 0): App\\Jobs\\AlarmDataJob has been attempted too many times or run too long. The job may have previously timed out. at /www/wwwroot/mis/sass/vendor/laravel/framework/src/Illuminate/Queue/Worker.php:750)
[stacktrace]
#0 /www/wwwroot/mis/sass/vendor/laravel/framework/src/Illuminate/Queue/Worker.php(504): Illuminate\\Queue\\Worker->maxAttemptsExceededException()
#1 /www/wwwroot/mis/sass/vendor/laravel/framework/src/Illuminate/Queue/Worker.php(418): Illuminate\\Queue\\Worker->markJobAsFailedIfAlreadyExceedsMaxAttempts()
#2 /www/wwwroot/mis/sass/vendor/laravel/framework/src/Illuminate/Queue/Worker.php(378): Illuminate\\Queue\\Worker->process()
#3 /www/wwwroot/mis/sass/vendor/laravel/framework/src/Illuminate/Queue/Worker.php(172): Illuminate\\Queue\\Worker->runJob()
#4 /www/wwwroot/mis/sass/vendor/laravel/framework/src/Illuminate/Queue/Console/WorkCommand.php(117): Illuminate\\Queue\\Worker->daemon()
#5 /www/wwwroot/mis/sass/vendor/laravel/framework/src/Illuminate/Queue/Console/WorkCommand.php(101): Illuminate\\Queue\\Console\\WorkCommand->runWorker()
#6 /www/wwwroot/mis/sass/vendor/laravel/framework/src/Illuminate/Container/BoundMethod.php(36): Illuminate\\Queue\\Console\\WorkCommand->handle()
#7 /www/wwwroot/mis/sass/vendor/laravel/framework/src/Illuminate/Container/Util.php(40): Illuminate\\Container\\BoundMethod::Illuminate\\Container\\{closure}()
#8 /www/wwwroot/mis/sass/vendor/laravel/framework/src/Illuminate/Container/BoundMethod.php(93): Illuminate\\Container\\Util::unwrapIfClosure()
#9 /www/wwwroot/mis/sass/vendor/laravel/framework/src/Illuminate/Container/BoundMethod.php(37): Illuminate\\Container\\BoundMethod::callBoundMethod()
#10 /www/wwwroot/mis/sass/vendor/laravel/framework/src/Illuminate/Container/Container.php(653): Illuminate\\Container\\BoundMethod::call()
#11 /www/wwwroot/mis/sass/vendor/laravel/framework/src/Illuminate/Console/Command.php(136): Illuminate\\Container\\Container->call()
#12 /www/wwwroot/mis/sass/vendor/symfony/console/Command/Command.php(298): Illuminate\\Console\\Command->execute()
#13 /www/wwwroot/mis/sass/vendor/laravel/framework/src/Illuminate/Console/Command.php(121): Symfony\\Component\\Console\\Command\\Command->run()
#14 /www/wwwroot/mis/sass/vendor/symfony/console/Application.php(1028): Illuminate\\Console\\Command->run()
#15 /www/wwwroot/mis/sass/vendor/symfony/console/Application.php(299): Symfony\\Component\\Console\\Application->doRunCommand()
#16 /www/wwwroot/mis/sass/vendor/symfony/console/Application.php(171): Symfony\\Component\\Console\\Application->doRun()
#17 /www/wwwroot/mis/sass/vendor/laravel/framework/src/Illuminate/Console/Application.php(94): Symfony\\Component\\Console\\Application->run()
#18 /www/wwwroot/mis/sass/vendor/laravel/framework/src/Illuminate/Foundation/Console/Kernel.php(129): Illuminate\\Console\\Application->run()
#19 /www/wwwroot/mis/sass/artisan(37): Illuminate\\Foundation\\Console\\Kernel->handle()
#20 {main}
"} 
[2022-12-14 06:50:31] local.ERROR: App\Jobs\AlarmDataJob has been attempted too many times or run too long. The job may have previously timed out. {"exception":"[object] (Illuminate\\Queue\\MaxAttemptsExceededException(code: 0): App\\Jobs\\AlarmDataJob has been attempted too many times or run too long. The job may have previously timed out. at /www/wwwroot/mis/sass/vendor/laravel/framework/src/Illuminate/Queue/Worker.php:750)
[stacktrace]
#0 /www/wwwroot/mis/sass/vendor/laravel/framework/src/Illuminate/Queue/Worker.php(504): Illuminate\\Queue\\Worker->maxAttemptsExceededException()
#1 /www/wwwroot/mis/sass/vendor/laravel/framework/src/Illuminate/Queue/Worker.php(418): Illuminate\\Queue\\Worker->markJobAsFailedIfAlreadyExceedsMaxAttempts()
#2 /www/wwwroot/mis/sass/vendor/laravel/framework/src/Illuminate/Queue/Worker.php(378): Illuminate\\Queue\\Worker->process()
#3 /www/wwwroot/mis/sass/vendor/laravel/framework/src/Illuminate/Queue/Worker.php(172): Illuminate\\Queue\\Worker->runJob()
#4 /www/wwwroot/mis/sass/vendor/laravel/framework/src/Illuminate/Queue/Console/WorkCommand.php(117): Illuminate\\Queue\\Worker->daemon()
#5 /www/wwwroot/mis/sass/vendor/laravel/framework/src/Illuminate/Queue/Console/WorkCommand.php(101): Illuminate\\Queue\\Console\\WorkCommand->runWorker()
#6 /www/wwwroot/mis/sass/vendor/laravel/framework/src/Illuminate/Container/BoundMethod.php(36): Illuminate\\Queue\\Console\\WorkCommand->handle()
#7 /www/wwwroot/mis/sass/vendor/laravel/framework/src/Illuminate/Container/Util.php(40): Illuminate\\Container\\BoundMethod::Illuminate\\Container\\{closure}()
#8 /www/wwwroot/mis/sass/vendor/laravel/framework/src/Illuminate/Container/BoundMethod.php(93): Illuminate\\Container\\Util::unwrapIfClosure()
#9 /www/wwwroot/mis/sass/vendor/laravel/framework/src/Illuminate/Container/BoundMethod.php(37): Illuminate\\Container\\BoundMethod::callBoundMethod()
#10 /www/wwwroot/mis/sass/vendor/laravel/framework/src/Illuminate/Container/Container.php(653): Illuminate\\Container\\BoundMethod::call()
#11 /www/wwwroot/mis/sass/vendor/laravel/framework/src/Illuminate/Console/Command.php(136): Illuminate\\Container\\Container->call()
#12 /www/wwwroot/mis/sass/vendor/symfony/console/Command/Command.php(298): Illuminate\\Console\\Command->execute()
#13 /www/wwwroot/mis/sass/vendor/laravel/framework/src/Illuminate/Console/Command.php(121): Symfony\\Component\\Console\\Command\\Command->run()
#14 /www/wwwroot/mis/sass/vendor/symfony/console/Application.php(1028): Illuminate\\Console\\Command->run()
#15 /www/wwwroot/mis/sass/vendor/symfony/console/Application.php(299): Symfony\\Component\\Console\\Application->doRunCommand()
#16 /www/wwwroot/mis/sass/vendor/symfony/console/Application.php(171): Symfony\\Component\\Console\\Application->doRun()
#17 /www/wwwroot/mis/sass/vendor/laravel/framework/src/Illuminate/Console/Application.php(94): Symfony\\Component\\Console\\Application->run()
#18 /www/wwwroot/mis/sass/vendor/laravel/framework/src/Illuminate/Foundation/Console/Kernel.php(129): Illuminate\\Console\\Application->run()
#19 /www/wwwroot/mis/sass/artisan(37): Illuminate\\Foundation\\Console\\Kernel->handle()
#20 {main}
"} 
[2022-12-14 08:19:40] local.ERROR: The token has been blacklisted {"exception":"[object] (Tymon\\JWTAuth\\Exceptions\\TokenBlacklistedException(code: 0): The token has been blacklisted at /www/wwwroot/mis/sass/vendor/tymon/jwt-auth/src/Manager.php:109)
[stacktrace]
#0 /www/wwwroot/mis/sass/vendor/tymon/jwt-auth/src/Manager.php(128): Tymon\\JWTAuth\\Manager->decode()
#1 /www/wwwroot/mis/sass/vendor/tymon/jwt-auth/src/JWT.php(106): Tymon\\JWTAuth\\Manager->refresh()
#2 /www/wwwroot/mis/sass/vendor/tymon/jwt-auth/src/JWTGuard.php(173): Tymon\\JWTAuth\\JWT->refresh()
#3 /www/wwwroot/mis/sass/app/Http/Controllers/API/AuthController.php(362): Tymon\\JWTAuth\\JWTGuard->refresh()
#4 /www/wwwroot/mis/sass/vendor/laravel/framework/src/Illuminate/Routing/Controller.php(54): App\\Http\\Controllers\\API\\AuthController->refresh()
#5 /www/wwwroot/mis/sass/vendor/laravel/framework/src/Illuminate/Routing/ControllerDispatcher.php(45): Illuminate\\Routing\\Controller->callAction()
#6 /www/wwwroot/mis/sass/vendor/laravel/framework/src/Illuminate/Routing/Route.php(262): Illuminate\\Routing\\ControllerDispatcher->dispatch()
#7 /www/wwwroot/mis/sass/vendor/laravel/framework/src/Illuminate/Routing/Route.php(205): Illuminate\\Routing\\Route->runController()
#8 /www/wwwroot/mis/sass/vendor/laravel/framework/src/Illuminate/Routing/Router.php(721): Illuminate\\Routing\\Route->run()
#9 /www/wwwroot/mis/sass/vendor/laravel/framework/src/Illuminate/Pipeline/Pipeline.php(128): Illuminate\\Routing\\Router->Illuminate\\Routing\\{closure}()
#10 /www/wwwroot/mis/sass/vendor/fruitcake/laravel-cors/src/HandleCors.php(52): Illuminate\\Pipeline\\Pipeline->Illuminate\\Pipeline\\{closure}()
#11 /www/wwwroot/mis/sass/vendor/laravel/framework/src/Illuminate/Pipeline/Pipeline.php(167): Fruitcake\\Cors\\HandleCors->handle()
#12 /www/wwwroot/mis/sass/vendor/laravel/framework/src/Illuminate/Routing/Middleware/SubstituteBindings.php(50): Illuminate\\Pipeline\\Pipeline->Illuminate\\Pipeline\\{closure}()
#13 /www/wwwroot/mis/sass/vendor/laravel/framework/src/Illuminate/Pipeline/Pipeline.php(167): Illuminate\\Routing\\Middleware\\SubstituteBindings->handle()
#14 /www/wwwroot/mis/sass/vendor/laravel/framework/src/Illuminate/Routing/Middleware/ThrottleRequests.php(127): Illuminate\\Pipeline\\Pipeline->Illuminate\\Pipeline\\{closure}()
#15 /www/wwwroot/mis/sass/vendor/laravel/framework/src/Illuminate/Routing/Middleware/ThrottleRequests.php(103): Illuminate\\Routing\\Middleware\\ThrottleRequests->handleRequest()
#16 /www/wwwroot/mis/sass/vendor/laravel/framework/src/Illuminate/Routing/Middleware/ThrottleRequests.php(55): Illuminate\\Routing\\Middleware\\ThrottleRequests->handleRequestUsingNamedLimiter()
#17 /www/wwwroot/mis/sass/vendor/laravel/framework/src/Illuminate/Pipeline/Pipeline.php(167): Illuminate\\Routing\\Middleware\\ThrottleRequests->handle()
#18 /www/wwwroot/mis/sass/vendor/laravel/framework/src/Illuminate/Pipeline/Pipeline.php(103): Illuminate\\Pipeline\\Pipeline->Illuminate\\Pipeline\\{closure}()
#19 /www/wwwroot/mis/sass/vendor/laravel/framework/src/Illuminate/Routing/Router.php(723): Illuminate\\Pipeline\\Pipeline->then()
#20 /www/wwwroot/mis/sass/vendor/laravel/framework/src/Illuminate/Routing/Router.php(698): Illuminate\\Routing\\Router->runRouteWithinStack()
#21 /www/wwwroot/mis/sass/vendor/laravel/framework/src/Illuminate/Routing/Router.php(662): Illuminate\\Routing\\Router->runRoute()
#22 /www/wwwroot/mis/sass/vendor/laravel/framework/src/Illuminate/Routing/Router.php(651): Illuminate\\Routing\\Router->dispatchToRoute()
#23 /www/wwwroot/mis/sass/vendor/laravel/framework/src/Illuminate/Foundation/Http/Kernel.php(167): Illuminate\\Routing\\Router->dispatch()
#24 /www/wwwroot/mis/sass/vendor/laravel/framework/src/Illuminate/Pipeline/Pipeline.php(128): Illuminate\\Foundation\\Http\\Kernel->Illuminate\\Foundation\\Http\\{closure}()
#25 /www/wwwroot/mis/sass/app/Http/Middleware/ChangeDatabase.php(44): Illuminate\\Pipeline\\Pipeline->Illuminate\\Pipeline\\{closure}()
#26 /www/wwwroot/mis/sass/vendor/laravel/framework/src/Illuminate/Pipeline/Pipeline.php(167): App\\Http\\Middleware\\ChangeDatabase->handle()
#27 /www/wwwroot/mis/sass/vendor/laravel/framework/src/Illuminate/Foundation/Http/Middleware/TransformsRequest.php(21): Illuminate\\Pipeline\\Pipeline->Illuminate\\Pipeline\\{closure}()
#28 /www/wwwroot/mis/sass/vendor/laravel/framework/src/Illuminate/Foundation/Http/Middleware/ConvertEmptyStringsToNull.php(31): Illuminate\\Foundation\\Http\\Middleware\\TransformsRequest->handle()
#29 /www/wwwroot/mis/sass/vendor/laravel/framework/src/Illuminate/Pipeline/Pipeline.php(167): Illuminate\\Foundation\\Http\\Middleware\\ConvertEmptyStringsToNull->handle()
#30 /www/wwwroot/mis/sass/vendor/laravel/framework/src/Illuminate/Foundation/Http/Middleware/TransformsRequest.php(21): Illuminate\\Pipeline\\Pipeline->Illuminate\\Pipeline\\{closure}()
#31 /www/wwwroot/mis/sass/vendor/laravel/framework/src/Illuminate/Foundation/Http/Middleware/TrimStrings.php(40): Illuminate\\Foundation\\Http\\Middleware\\TransformsRequest->handle()
#32 /www/wwwroot/mis/sass/vendor/laravel/framework/src/Illuminate/Pipeline/Pipeline.php(167): Illuminate\\Foundation\\Http\\Middleware\\TrimStrings->handle()
#33 /www/wwwroot/mis/sass/vendor/laravel/framework/src/Illuminate/Foundation/Http/Middleware/ValidatePostSize.php(27): Illuminate\\Pipeline\\Pipeline->Illuminate\\Pipeline\\{closure}()
#34 /www/wwwroot/mis/sass/vendor/laravel/framework/src/Illuminate/Pipeline/Pipeline.php(167): Illuminate\\Foundation\\Http\\Middleware\\ValidatePostSize->handle()
#35 /www/wwwroot/mis/sass/vendor/laravel/framework/src/Illuminate/Foundation/Http/Middleware/PreventRequestsDuringMaintenance.php(86): Illuminate\\Pipeline\\Pipeline->Illuminate\\Pipeline\\{closure}()
#36 /www/wwwroot/mis/sass/vendor/laravel/framework/src/Illuminate/Pipeline/Pipeline.php(167): Illuminate\\Foundation\\Http\\Middleware\\PreventRequestsDuringMaintenance->handle()
#37 /www/wwwroot/mis/sass/vendor/fruitcake/laravel-cors/src/HandleCors.php(52): Illuminate\\Pipeline\\Pipeline->Illuminate\\Pipeline\\{closure}()
#38 /www/wwwroot/mis/sass/vendor/laravel/framework/src/Illuminate/Pipeline/Pipeline.php(167): Fruitcake\\Cors\\HandleCors->handle()
#39 /www/wwwroot/mis/sass/vendor/laravel/framework/src/Illuminate/Http/Middleware/TrustProxies.php(39): Illuminate\\Pipeline\\Pipeline->Illuminate\\Pipeline\\{closure}()
#40 /www/wwwroot/mis/sass/vendor/laravel/framework/src/Illuminate/Pipeline/Pipeline.php(167): Illuminate\\Http\\Middleware\\TrustProxies->handle()
#41 /www/wwwroot/mis/sass/vendor/laravel/framework/src/Illuminate/Pipeline/Pipeline.php(103): Illuminate\\Pipeline\\Pipeline->Illuminate\\Pipeline\\{closure}()
#42 /www/wwwroot/mis/sass/vendor/laravel/framework/src/Illuminate/Foundation/Http/Kernel.php(142): Illuminate\\Pipeline\\Pipeline->then()
#43 /www/wwwroot/mis/sass/vendor/laravel/framework/src/Illuminate/Foundation/Http/Kernel.php(111): Illuminate\\Foundation\\Http\\Kernel->sendRequestThroughRouter()
#44 /www/wwwroot/mis/sass/public/index.php(52): Illuminate\\Foundation\\Http\\Kernel->handle()
#45 {main}
"} 
