[2022-12-07 00:11:31] local.ERROR: App\Jobs\AlarmDataJob has been attempted too many times or run too long. The job may have previously timed out. {"exception":"[object] (Illuminate\\Queue\\MaxAttemptsExceededException(code: 0): App\\Jobs\\AlarmDataJob has been attempted too many times or run too long. The job may have previously timed out. at /www/wwwroot/mis/sass/vendor/laravel/framework/src/Illuminate/Queue/Worker.php:750)
[stacktrace]
#0 /www/wwwroot/mis/sass/vendor/laravel/framework/src/Illuminate/Queue/Worker.php(504): Illuminate\\Queue\\Worker->maxAttemptsExceededException()
#1 /www/wwwroot/mis/sass/vendor/laravel/framework/src/Illuminate/Queue/Worker.php(418): Illuminate\\Queue\\Worker->markJobAsFailedIfAlreadyExceedsMaxAttempts()
#2 /www/wwwroot/mis/sass/vendor/laravel/framework/src/Illuminate/Queue/Worker.php(378): Illuminate\\Queue\\Worker->process()
#3 /www/wwwroot/mis/sass/vendor/laravel/framework/src/Illuminate/Queue/Worker.php(172): Illuminate\\Queue\\Worker->runJob()
#4 /www/wwwroot/mis/sass/vendor/laravel/framework/src/Illuminate/Queue/Console/WorkCommand.php(117): Illuminate\\Queue\\Worker->daemon()
#5 /www/wwwroot/mis/sass/vendor/laravel/framework/src/Illuminate/Queue/Console/WorkCommand.php(101): Illuminate\\Queue\\Console\\WorkCommand->runWorker()
#6 /www/wwwroot/mis/sass/vendor/laravel/framework/src/Illuminate/Container/BoundMethod.php(36): Illuminate\\Queue\\Console\\WorkCommand->handle()
#7 /www/wwwroot/mis/sass/vendor/laravel/framework/src/Illuminate/Container/Util.php(40): Illuminate\\Container\\BoundMethod::Illuminate\\Container\\{closure}()
#8 /www/wwwroot/mis/sass/vendor/laravel/framework/src/Illuminate/Container/BoundMethod.php(93): Illuminate\\Container\\Util::unwrapIfClosure()
#9 /www/wwwroot/mis/sass/vendor/laravel/framework/src/Illuminate/Container/BoundMethod.php(37): Illuminate\\Container\\BoundMethod::callBoundMethod()
#10 /www/wwwroot/mis/sass/vendor/laravel/framework/src/Illuminate/Container/Container.php(653): Illuminate\\Container\\BoundMethod::call()
#11 /www/wwwroot/mis/sass/vendor/laravel/framework/src/Illuminate/Console/Command.php(136): Illuminate\\Container\\Container->call()
#12 /www/wwwroot/mis/sass/vendor/symfony/console/Command/Command.php(298): Illuminate\\Console\\Command->execute()
#13 /www/wwwroot/mis/sass/vendor/laravel/framework/src/Illuminate/Console/Command.php(121): Symfony\\Component\\Console\\Command\\Command->run()
#14 /www/wwwroot/mis/sass/vendor/symfony/console/Application.php(1028): Illuminate\\Console\\Command->run()
#15 /www/wwwroot/mis/sass/vendor/symfony/console/Application.php(299): Symfony\\Component\\Console\\Application->doRunCommand()
#16 /www/wwwroot/mis/sass/vendor/symfony/console/Application.php(171): Symfony\\Component\\Console\\Application->doRun()
#17 /www/wwwroot/mis/sass/vendor/laravel/framework/src/Illuminate/Console/Application.php(94): Symfony\\Component\\Console\\Application->run()
#18 /www/wwwroot/mis/sass/vendor/laravel/framework/src/Illuminate/Foundation/Console/Kernel.php(129): Illuminate\\Console\\Application->run()
#19 /www/wwwroot/mis/sass/artisan(37): Illuminate\\Foundation\\Console\\Kernel->handle()
#20 {main}
"} 
[2022-12-07 00:57:31] local.ERROR: App\Jobs\AlarmDataJob has been attempted too many times or run too long. The job may have previously timed out. {"exception":"[object] (Illuminate\\Queue\\MaxAttemptsExceededException(code: 0): App\\Jobs\\AlarmDataJob has been attempted too many times or run too long. The job may have previously timed out. at /www/wwwroot/mis/sass/vendor/laravel/framework/src/Illuminate/Queue/Worker.php:750)
[stacktrace]
#0 /www/wwwroot/mis/sass/vendor/laravel/framework/src/Illuminate/Queue/Worker.php(504): Illuminate\\Queue\\Worker->maxAttemptsExceededException()
#1 /www/wwwroot/mis/sass/vendor/laravel/framework/src/Illuminate/Queue/Worker.php(418): Illuminate\\Queue\\Worker->markJobAsFailedIfAlreadyExceedsMaxAttempts()
#2 /www/wwwroot/mis/sass/vendor/laravel/framework/src/Illuminate/Queue/Worker.php(378): Illuminate\\Queue\\Worker->process()
#3 /www/wwwroot/mis/sass/vendor/laravel/framework/src/Illuminate/Queue/Worker.php(172): Illuminate\\Queue\\Worker->runJob()
#4 /www/wwwroot/mis/sass/vendor/laravel/framework/src/Illuminate/Queue/Console/WorkCommand.php(117): Illuminate\\Queue\\Worker->daemon()
#5 /www/wwwroot/mis/sass/vendor/laravel/framework/src/Illuminate/Queue/Console/WorkCommand.php(101): Illuminate\\Queue\\Console\\WorkCommand->runWorker()
#6 /www/wwwroot/mis/sass/vendor/laravel/framework/src/Illuminate/Container/BoundMethod.php(36): Illuminate\\Queue\\Console\\WorkCommand->handle()
#7 /www/wwwroot/mis/sass/vendor/laravel/framework/src/Illuminate/Container/Util.php(40): Illuminate\\Container\\BoundMethod::Illuminate\\Container\\{closure}()
#8 /www/wwwroot/mis/sass/vendor/laravel/framework/src/Illuminate/Container/BoundMethod.php(93): Illuminate\\Container\\Util::unwrapIfClosure()
#9 /www/wwwroot/mis/sass/vendor/laravel/framework/src/Illuminate/Container/BoundMethod.php(37): Illuminate\\Container\\BoundMethod::callBoundMethod()
#10 /www/wwwroot/mis/sass/vendor/laravel/framework/src/Illuminate/Container/Container.php(653): Illuminate\\Container\\BoundMethod::call()
#11 /www/wwwroot/mis/sass/vendor/laravel/framework/src/Illuminate/Console/Command.php(136): Illuminate\\Container\\Container->call()
#12 /www/wwwroot/mis/sass/vendor/symfony/console/Command/Command.php(298): Illuminate\\Console\\Command->execute()
#13 /www/wwwroot/mis/sass/vendor/laravel/framework/src/Illuminate/Console/Command.php(121): Symfony\\Component\\Console\\Command\\Command->run()
#14 /www/wwwroot/mis/sass/vendor/symfony/console/Application.php(1028): Illuminate\\Console\\Command->run()
#15 /www/wwwroot/mis/sass/vendor/symfony/console/Application.php(299): Symfony\\Component\\Console\\Application->doRunCommand()
#16 /www/wwwroot/mis/sass/vendor/symfony/console/Application.php(171): Symfony\\Component\\Console\\Application->doRun()
#17 /www/wwwroot/mis/sass/vendor/laravel/framework/src/Illuminate/Console/Application.php(94): Symfony\\Component\\Console\\Application->run()
#18 /www/wwwroot/mis/sass/vendor/laravel/framework/src/Illuminate/Foundation/Console/Kernel.php(129): Illuminate\\Console\\Application->run()
#19 /www/wwwroot/mis/sass/artisan(37): Illuminate\\Foundation\\Console\\Kernel->handle()
#20 {main}
"} 
[2022-12-07 00:59:32] local.ERROR: App\Jobs\AlarmDataJob has been attempted too many times or run too long. The job may have previously timed out. {"exception":"[object] (Illuminate\\Queue\\MaxAttemptsExceededException(code: 0): App\\Jobs\\AlarmDataJob has been attempted too many times or run too long. The job may have previously timed out. at /www/wwwroot/mis/sass/vendor/laravel/framework/src/Illuminate/Queue/Worker.php:750)
[stacktrace]
#0 /www/wwwroot/mis/sass/vendor/laravel/framework/src/Illuminate/Queue/Worker.php(504): Illuminate\\Queue\\Worker->maxAttemptsExceededException()
#1 /www/wwwroot/mis/sass/vendor/laravel/framework/src/Illuminate/Queue/Worker.php(418): Illuminate\\Queue\\Worker->markJobAsFailedIfAlreadyExceedsMaxAttempts()
#2 /www/wwwroot/mis/sass/vendor/laravel/framework/src/Illuminate/Queue/Worker.php(378): Illuminate\\Queue\\Worker->process()
#3 /www/wwwroot/mis/sass/vendor/laravel/framework/src/Illuminate/Queue/Worker.php(172): Illuminate\\Queue\\Worker->runJob()
#4 /www/wwwroot/mis/sass/vendor/laravel/framework/src/Illuminate/Queue/Console/WorkCommand.php(117): Illuminate\\Queue\\Worker->daemon()
#5 /www/wwwroot/mis/sass/vendor/laravel/framework/src/Illuminate/Queue/Console/WorkCommand.php(101): Illuminate\\Queue\\Console\\WorkCommand->runWorker()
#6 /www/wwwroot/mis/sass/vendor/laravel/framework/src/Illuminate/Container/BoundMethod.php(36): Illuminate\\Queue\\Console\\WorkCommand->handle()
#7 /www/wwwroot/mis/sass/vendor/laravel/framework/src/Illuminate/Container/Util.php(40): Illuminate\\Container\\BoundMethod::Illuminate\\Container\\{closure}()
#8 /www/wwwroot/mis/sass/vendor/laravel/framework/src/Illuminate/Container/BoundMethod.php(93): Illuminate\\Container\\Util::unwrapIfClosure()
#9 /www/wwwroot/mis/sass/vendor/laravel/framework/src/Illuminate/Container/BoundMethod.php(37): Illuminate\\Container\\BoundMethod::callBoundMethod()
#10 /www/wwwroot/mis/sass/vendor/laravel/framework/src/Illuminate/Container/Container.php(653): Illuminate\\Container\\BoundMethod::call()
#11 /www/wwwroot/mis/sass/vendor/laravel/framework/src/Illuminate/Console/Command.php(136): Illuminate\\Container\\Container->call()
#12 /www/wwwroot/mis/sass/vendor/symfony/console/Command/Command.php(298): Illuminate\\Console\\Command->execute()
#13 /www/wwwroot/mis/sass/vendor/laravel/framework/src/Illuminate/Console/Command.php(121): Symfony\\Component\\Console\\Command\\Command->run()
#14 /www/wwwroot/mis/sass/vendor/symfony/console/Application.php(1028): Illuminate\\Console\\Command->run()
#15 /www/wwwroot/mis/sass/vendor/symfony/console/Application.php(299): Symfony\\Component\\Console\\Application->doRunCommand()
#16 /www/wwwroot/mis/sass/vendor/symfony/console/Application.php(171): Symfony\\Component\\Console\\Application->doRun()
#17 /www/wwwroot/mis/sass/vendor/laravel/framework/src/Illuminate/Console/Application.php(94): Symfony\\Component\\Console\\Application->run()
#18 /www/wwwroot/mis/sass/vendor/laravel/framework/src/Illuminate/Foundation/Console/Kernel.php(129): Illuminate\\Console\\Application->run()
#19 /www/wwwroot/mis/sass/artisan(37): Illuminate\\Foundation\\Console\\Kernel->handle()
#20 {main}
"} 
[2022-12-07 03:00:31] local.ERROR: App\Jobs\AlarmDataJob has been attempted too many times or run too long. The job may have previously timed out. {"exception":"[object] (Illuminate\\Queue\\MaxAttemptsExceededException(code: 0): App\\Jobs\\AlarmDataJob has been attempted too many times or run too long. The job may have previously timed out. at /www/wwwroot/mis/sass/vendor/laravel/framework/src/Illuminate/Queue/Worker.php:750)
[stacktrace]
#0 /www/wwwroot/mis/sass/vendor/laravel/framework/src/Illuminate/Queue/Worker.php(504): Illuminate\\Queue\\Worker->maxAttemptsExceededException()
#1 /www/wwwroot/mis/sass/vendor/laravel/framework/src/Illuminate/Queue/Worker.php(418): Illuminate\\Queue\\Worker->markJobAsFailedIfAlreadyExceedsMaxAttempts()
#2 /www/wwwroot/mis/sass/vendor/laravel/framework/src/Illuminate/Queue/Worker.php(378): Illuminate\\Queue\\Worker->process()
#3 /www/wwwroot/mis/sass/vendor/laravel/framework/src/Illuminate/Queue/Worker.php(172): Illuminate\\Queue\\Worker->runJob()
#4 /www/wwwroot/mis/sass/vendor/laravel/framework/src/Illuminate/Queue/Console/WorkCommand.php(117): Illuminate\\Queue\\Worker->daemon()
#5 /www/wwwroot/mis/sass/vendor/laravel/framework/src/Illuminate/Queue/Console/WorkCommand.php(101): Illuminate\\Queue\\Console\\WorkCommand->runWorker()
#6 /www/wwwroot/mis/sass/vendor/laravel/framework/src/Illuminate/Container/BoundMethod.php(36): Illuminate\\Queue\\Console\\WorkCommand->handle()
#7 /www/wwwroot/mis/sass/vendor/laravel/framework/src/Illuminate/Container/Util.php(40): Illuminate\\Container\\BoundMethod::Illuminate\\Container\\{closure}()
#8 /www/wwwroot/mis/sass/vendor/laravel/framework/src/Illuminate/Container/BoundMethod.php(93): Illuminate\\Container\\Util::unwrapIfClosure()
#9 /www/wwwroot/mis/sass/vendor/laravel/framework/src/Illuminate/Container/BoundMethod.php(37): Illuminate\\Container\\BoundMethod::callBoundMethod()
#10 /www/wwwroot/mis/sass/vendor/laravel/framework/src/Illuminate/Container/Container.php(653): Illuminate\\Container\\BoundMethod::call()
#11 /www/wwwroot/mis/sass/vendor/laravel/framework/src/Illuminate/Console/Command.php(136): Illuminate\\Container\\Container->call()
#12 /www/wwwroot/mis/sass/vendor/symfony/console/Command/Command.php(298): Illuminate\\Console\\Command->execute()
#13 /www/wwwroot/mis/sass/vendor/laravel/framework/src/Illuminate/Console/Command.php(121): Symfony\\Component\\Console\\Command\\Command->run()
#14 /www/wwwroot/mis/sass/vendor/symfony/console/Application.php(1028): Illuminate\\Console\\Command->run()
#15 /www/wwwroot/mis/sass/vendor/symfony/console/Application.php(299): Symfony\\Component\\Console\\Application->doRunCommand()
#16 /www/wwwroot/mis/sass/vendor/symfony/console/Application.php(171): Symfony\\Component\\Console\\Application->doRun()
#17 /www/wwwroot/mis/sass/vendor/laravel/framework/src/Illuminate/Console/Application.php(94): Symfony\\Component\\Console\\Application->run()
#18 /www/wwwroot/mis/sass/vendor/laravel/framework/src/Illuminate/Foundation/Console/Kernel.php(129): Illuminate\\Console\\Application->run()
#19 /www/wwwroot/mis/sass/artisan(37): Illuminate\\Foundation\\Console\\Kernel->handle()
#20 {main}
"} 
[2022-12-07 03:00:31] local.ERROR: App\Jobs\AlarmDataJob has been attempted too many times or run too long. The job may have previously timed out. {"exception":"[object] (Illuminate\\Queue\\MaxAttemptsExceededException(code: 0): App\\Jobs\\AlarmDataJob has been attempted too many times or run too long. The job may have previously timed out. at /www/wwwroot/mis/sass/vendor/laravel/framework/src/Illuminate/Queue/Worker.php:750)
[stacktrace]
#0 /www/wwwroot/mis/sass/vendor/laravel/framework/src/Illuminate/Queue/Worker.php(504): Illuminate\\Queue\\Worker->maxAttemptsExceededException()
#1 /www/wwwroot/mis/sass/vendor/laravel/framework/src/Illuminate/Queue/Worker.php(418): Illuminate\\Queue\\Worker->markJobAsFailedIfAlreadyExceedsMaxAttempts()
#2 /www/wwwroot/mis/sass/vendor/laravel/framework/src/Illuminate/Queue/Worker.php(378): Illuminate\\Queue\\Worker->process()
#3 /www/wwwroot/mis/sass/vendor/laravel/framework/src/Illuminate/Queue/Worker.php(172): Illuminate\\Queue\\Worker->runJob()
#4 /www/wwwroot/mis/sass/vendor/laravel/framework/src/Illuminate/Queue/Console/WorkCommand.php(117): Illuminate\\Queue\\Worker->daemon()
#5 /www/wwwroot/mis/sass/vendor/laravel/framework/src/Illuminate/Queue/Console/WorkCommand.php(101): Illuminate\\Queue\\Console\\WorkCommand->runWorker()
#6 /www/wwwroot/mis/sass/vendor/laravel/framework/src/Illuminate/Container/BoundMethod.php(36): Illuminate\\Queue\\Console\\WorkCommand->handle()
#7 /www/wwwroot/mis/sass/vendor/laravel/framework/src/Illuminate/Container/Util.php(40): Illuminate\\Container\\BoundMethod::Illuminate\\Container\\{closure}()
#8 /www/wwwroot/mis/sass/vendor/laravel/framework/src/Illuminate/Container/BoundMethod.php(93): Illuminate\\Container\\Util::unwrapIfClosure()
#9 /www/wwwroot/mis/sass/vendor/laravel/framework/src/Illuminate/Container/BoundMethod.php(37): Illuminate\\Container\\BoundMethod::callBoundMethod()
#10 /www/wwwroot/mis/sass/vendor/laravel/framework/src/Illuminate/Container/Container.php(653): Illuminate\\Container\\BoundMethod::call()
#11 /www/wwwroot/mis/sass/vendor/laravel/framework/src/Illuminate/Console/Command.php(136): Illuminate\\Container\\Container->call()
#12 /www/wwwroot/mis/sass/vendor/symfony/console/Command/Command.php(298): Illuminate\\Console\\Command->execute()
#13 /www/wwwroot/mis/sass/vendor/laravel/framework/src/Illuminate/Console/Command.php(121): Symfony\\Component\\Console\\Command\\Command->run()
#14 /www/wwwroot/mis/sass/vendor/symfony/console/Application.php(1028): Illuminate\\Console\\Command->run()
#15 /www/wwwroot/mis/sass/vendor/symfony/console/Application.php(299): Symfony\\Component\\Console\\Application->doRunCommand()
#16 /www/wwwroot/mis/sass/vendor/symfony/console/Application.php(171): Symfony\\Component\\Console\\Application->doRun()
#17 /www/wwwroot/mis/sass/vendor/laravel/framework/src/Illuminate/Console/Application.php(94): Symfony\\Component\\Console\\Application->run()
#18 /www/wwwroot/mis/sass/vendor/laravel/framework/src/Illuminate/Foundation/Console/Kernel.php(129): Illuminate\\Console\\Application->run()
#19 /www/wwwroot/mis/sass/artisan(37): Illuminate\\Foundation\\Console\\Kernel->handle()
#20 {main}
"} 
[2022-12-07 06:15:31] local.ERROR: App\Jobs\AlarmDataJob has been attempted too many times or run too long. The job may have previously timed out. {"exception":"[object] (Illuminate\\Queue\\MaxAttemptsExceededException(code: 0): App\\Jobs\\AlarmDataJob has been attempted too many times or run too long. The job may have previously timed out. at /www/wwwroot/mis/sass/vendor/laravel/framework/src/Illuminate/Queue/Worker.php:750)
[stacktrace]
#0 /www/wwwroot/mis/sass/vendor/laravel/framework/src/Illuminate/Queue/Worker.php(504): Illuminate\\Queue\\Worker->maxAttemptsExceededException()
#1 /www/wwwroot/mis/sass/vendor/laravel/framework/src/Illuminate/Queue/Worker.php(418): Illuminate\\Queue\\Worker->markJobAsFailedIfAlreadyExceedsMaxAttempts()
#2 /www/wwwroot/mis/sass/vendor/laravel/framework/src/Illuminate/Queue/Worker.php(378): Illuminate\\Queue\\Worker->process()
#3 /www/wwwroot/mis/sass/vendor/laravel/framework/src/Illuminate/Queue/Worker.php(172): Illuminate\\Queue\\Worker->runJob()
#4 /www/wwwroot/mis/sass/vendor/laravel/framework/src/Illuminate/Queue/Console/WorkCommand.php(117): Illuminate\\Queue\\Worker->daemon()
#5 /www/wwwroot/mis/sass/vendor/laravel/framework/src/Illuminate/Queue/Console/WorkCommand.php(101): Illuminate\\Queue\\Console\\WorkCommand->runWorker()
#6 /www/wwwroot/mis/sass/vendor/laravel/framework/src/Illuminate/Container/BoundMethod.php(36): Illuminate\\Queue\\Console\\WorkCommand->handle()
#7 /www/wwwroot/mis/sass/vendor/laravel/framework/src/Illuminate/Container/Util.php(40): Illuminate\\Container\\BoundMethod::Illuminate\\Container\\{closure}()
#8 /www/wwwroot/mis/sass/vendor/laravel/framework/src/Illuminate/Container/BoundMethod.php(93): Illuminate\\Container\\Util::unwrapIfClosure()
#9 /www/wwwroot/mis/sass/vendor/laravel/framework/src/Illuminate/Container/BoundMethod.php(37): Illuminate\\Container\\BoundMethod::callBoundMethod()
#10 /www/wwwroot/mis/sass/vendor/laravel/framework/src/Illuminate/Container/Container.php(653): Illuminate\\Container\\BoundMethod::call()
#11 /www/wwwroot/mis/sass/vendor/laravel/framework/src/Illuminate/Console/Command.php(136): Illuminate\\Container\\Container->call()
#12 /www/wwwroot/mis/sass/vendor/symfony/console/Command/Command.php(298): Illuminate\\Console\\Command->execute()
#13 /www/wwwroot/mis/sass/vendor/laravel/framework/src/Illuminate/Console/Command.php(121): Symfony\\Component\\Console\\Command\\Command->run()
#14 /www/wwwroot/mis/sass/vendor/symfony/console/Application.php(1028): Illuminate\\Console\\Command->run()
#15 /www/wwwroot/mis/sass/vendor/symfony/console/Application.php(299): Symfony\\Component\\Console\\Application->doRunCommand()
#16 /www/wwwroot/mis/sass/vendor/symfony/console/Application.php(171): Symfony\\Component\\Console\\Application->doRun()
#17 /www/wwwroot/mis/sass/vendor/laravel/framework/src/Illuminate/Console/Application.php(94): Symfony\\Component\\Console\\Application->run()
#18 /www/wwwroot/mis/sass/vendor/laravel/framework/src/Illuminate/Foundation/Console/Kernel.php(129): Illuminate\\Console\\Application->run()
#19 /www/wwwroot/mis/sass/artisan(37): Illuminate\\Foundation\\Console\\Kernel->handle()
#20 {main}
"} 
[2022-12-07 06:42:32] local.ERROR: App\Jobs\AlarmDataJob has been attempted too many times or run too long. The job may have previously timed out. {"exception":"[object] (Illuminate\\Queue\\MaxAttemptsExceededException(code: 0): App\\Jobs\\AlarmDataJob has been attempted too many times or run too long. The job may have previously timed out. at /www/wwwroot/mis/sass/vendor/laravel/framework/src/Illuminate/Queue/Worker.php:750)
[stacktrace]
#0 /www/wwwroot/mis/sass/vendor/laravel/framework/src/Illuminate/Queue/Worker.php(504): Illuminate\\Queue\\Worker->maxAttemptsExceededException()
#1 /www/wwwroot/mis/sass/vendor/laravel/framework/src/Illuminate/Queue/Worker.php(418): Illuminate\\Queue\\Worker->markJobAsFailedIfAlreadyExceedsMaxAttempts()
#2 /www/wwwroot/mis/sass/vendor/laravel/framework/src/Illuminate/Queue/Worker.php(378): Illuminate\\Queue\\Worker->process()
#3 /www/wwwroot/mis/sass/vendor/laravel/framework/src/Illuminate/Queue/Worker.php(172): Illuminate\\Queue\\Worker->runJob()
#4 /www/wwwroot/mis/sass/vendor/laravel/framework/src/Illuminate/Queue/Console/WorkCommand.php(117): Illuminate\\Queue\\Worker->daemon()
#5 /www/wwwroot/mis/sass/vendor/laravel/framework/src/Illuminate/Queue/Console/WorkCommand.php(101): Illuminate\\Queue\\Console\\WorkCommand->runWorker()
#6 /www/wwwroot/mis/sass/vendor/laravel/framework/src/Illuminate/Container/BoundMethod.php(36): Illuminate\\Queue\\Console\\WorkCommand->handle()
#7 /www/wwwroot/mis/sass/vendor/laravel/framework/src/Illuminate/Container/Util.php(40): Illuminate\\Container\\BoundMethod::Illuminate\\Container\\{closure}()
#8 /www/wwwroot/mis/sass/vendor/laravel/framework/src/Illuminate/Container/BoundMethod.php(93): Illuminate\\Container\\Util::unwrapIfClosure()
#9 /www/wwwroot/mis/sass/vendor/laravel/framework/src/Illuminate/Container/BoundMethod.php(37): Illuminate\\Container\\BoundMethod::callBoundMethod()
#10 /www/wwwroot/mis/sass/vendor/laravel/framework/src/Illuminate/Container/Container.php(653): Illuminate\\Container\\BoundMethod::call()
#11 /www/wwwroot/mis/sass/vendor/laravel/framework/src/Illuminate/Console/Command.php(136): Illuminate\\Container\\Container->call()
#12 /www/wwwroot/mis/sass/vendor/symfony/console/Command/Command.php(298): Illuminate\\Console\\Command->execute()
#13 /www/wwwroot/mis/sass/vendor/laravel/framework/src/Illuminate/Console/Command.php(121): Symfony\\Component\\Console\\Command\\Command->run()
#14 /www/wwwroot/mis/sass/vendor/symfony/console/Application.php(1028): Illuminate\\Console\\Command->run()
#15 /www/wwwroot/mis/sass/vendor/symfony/console/Application.php(299): Symfony\\Component\\Console\\Application->doRunCommand()
#16 /www/wwwroot/mis/sass/vendor/symfony/console/Application.php(171): Symfony\\Component\\Console\\Application->doRun()
#17 /www/wwwroot/mis/sass/vendor/laravel/framework/src/Illuminate/Console/Application.php(94): Symfony\\Component\\Console\\Application->run()
#18 /www/wwwroot/mis/sass/vendor/laravel/framework/src/Illuminate/Foundation/Console/Kernel.php(129): Illuminate\\Console\\Application->run()
#19 /www/wwwroot/mis/sass/artisan(37): Illuminate\\Foundation\\Console\\Kernel->handle()
#20 {main}
"} 
[2022-12-07 09:13:31] local.ERROR: App\Jobs\AlarmDataJob has been attempted too many times or run too long. The job may have previously timed out. {"exception":"[object] (Illuminate\\Queue\\MaxAttemptsExceededException(code: 0): App\\Jobs\\AlarmDataJob has been attempted too many times or run too long. The job may have previously timed out. at /www/wwwroot/mis/sass/vendor/laravel/framework/src/Illuminate/Queue/Worker.php:750)
[stacktrace]
#0 /www/wwwroot/mis/sass/vendor/laravel/framework/src/Illuminate/Queue/Worker.php(504): Illuminate\\Queue\\Worker->maxAttemptsExceededException()
#1 /www/wwwroot/mis/sass/vendor/laravel/framework/src/Illuminate/Queue/Worker.php(418): Illuminate\\Queue\\Worker->markJobAsFailedIfAlreadyExceedsMaxAttempts()
#2 /www/wwwroot/mis/sass/vendor/laravel/framework/src/Illuminate/Queue/Worker.php(378): Illuminate\\Queue\\Worker->process()
#3 /www/wwwroot/mis/sass/vendor/laravel/framework/src/Illuminate/Queue/Worker.php(172): Illuminate\\Queue\\Worker->runJob()
#4 /www/wwwroot/mis/sass/vendor/laravel/framework/src/Illuminate/Queue/Console/WorkCommand.php(117): Illuminate\\Queue\\Worker->daemon()
#5 /www/wwwroot/mis/sass/vendor/laravel/framework/src/Illuminate/Queue/Console/WorkCommand.php(101): Illuminate\\Queue\\Console\\WorkCommand->runWorker()
#6 /www/wwwroot/mis/sass/vendor/laravel/framework/src/Illuminate/Container/BoundMethod.php(36): Illuminate\\Queue\\Console\\WorkCommand->handle()
#7 /www/wwwroot/mis/sass/vendor/laravel/framework/src/Illuminate/Container/Util.php(40): Illuminate\\Container\\BoundMethod::Illuminate\\Container\\{closure}()
#8 /www/wwwroot/mis/sass/vendor/laravel/framework/src/Illuminate/Container/BoundMethod.php(93): Illuminate\\Container\\Util::unwrapIfClosure()
#9 /www/wwwroot/mis/sass/vendor/laravel/framework/src/Illuminate/Container/BoundMethod.php(37): Illuminate\\Container\\BoundMethod::callBoundMethod()
#10 /www/wwwroot/mis/sass/vendor/laravel/framework/src/Illuminate/Container/Container.php(653): Illuminate\\Container\\BoundMethod::call()
#11 /www/wwwroot/mis/sass/vendor/laravel/framework/src/Illuminate/Console/Command.php(136): Illuminate\\Container\\Container->call()
#12 /www/wwwroot/mis/sass/vendor/symfony/console/Command/Command.php(298): Illuminate\\Console\\Command->execute()
#13 /www/wwwroot/mis/sass/vendor/laravel/framework/src/Illuminate/Console/Command.php(121): Symfony\\Component\\Console\\Command\\Command->run()
#14 /www/wwwroot/mis/sass/vendor/symfony/console/Application.php(1028): Illuminate\\Console\\Command->run()
#15 /www/wwwroot/mis/sass/vendor/symfony/console/Application.php(299): Symfony\\Component\\Console\\Application->doRunCommand()
#16 /www/wwwroot/mis/sass/vendor/symfony/console/Application.php(171): Symfony\\Component\\Console\\Application->doRun()
#17 /www/wwwroot/mis/sass/vendor/laravel/framework/src/Illuminate/Console/Application.php(94): Symfony\\Component\\Console\\Application->run()
#18 /www/wwwroot/mis/sass/vendor/laravel/framework/src/Illuminate/Foundation/Console/Kernel.php(129): Illuminate\\Console\\Application->run()
#19 /www/wwwroot/mis/sass/artisan(37): Illuminate\\Foundation\\Console\\Kernel->handle()
#20 {main}
"} 
[2022-12-07 11:01:31] local.ERROR: App\Jobs\AlarmDataJob has been attempted too many times or run too long. The job may have previously timed out. {"exception":"[object] (Illuminate\\Queue\\MaxAttemptsExceededException(code: 0): App\\Jobs\\AlarmDataJob has been attempted too many times or run too long. The job may have previously timed out. at /www/wwwroot/mis/sass/vendor/laravel/framework/src/Illuminate/Queue/Worker.php:750)
[stacktrace]
#0 /www/wwwroot/mis/sass/vendor/laravel/framework/src/Illuminate/Queue/Worker.php(504): Illuminate\\Queue\\Worker->maxAttemptsExceededException()
#1 /www/wwwroot/mis/sass/vendor/laravel/framework/src/Illuminate/Queue/Worker.php(418): Illuminate\\Queue\\Worker->markJobAsFailedIfAlreadyExceedsMaxAttempts()
#2 /www/wwwroot/mis/sass/vendor/laravel/framework/src/Illuminate/Queue/Worker.php(378): Illuminate\\Queue\\Worker->process()
#3 /www/wwwroot/mis/sass/vendor/laravel/framework/src/Illuminate/Queue/Worker.php(172): Illuminate\\Queue\\Worker->runJob()
#4 /www/wwwroot/mis/sass/vendor/laravel/framework/src/Illuminate/Queue/Console/WorkCommand.php(117): Illuminate\\Queue\\Worker->daemon()
#5 /www/wwwroot/mis/sass/vendor/laravel/framework/src/Illuminate/Queue/Console/WorkCommand.php(101): Illuminate\\Queue\\Console\\WorkCommand->runWorker()
#6 /www/wwwroot/mis/sass/vendor/laravel/framework/src/Illuminate/Container/BoundMethod.php(36): Illuminate\\Queue\\Console\\WorkCommand->handle()
#7 /www/wwwroot/mis/sass/vendor/laravel/framework/src/Illuminate/Container/Util.php(40): Illuminate\\Container\\BoundMethod::Illuminate\\Container\\{closure}()
#8 /www/wwwroot/mis/sass/vendor/laravel/framework/src/Illuminate/Container/BoundMethod.php(93): Illuminate\\Container\\Util::unwrapIfClosure()
#9 /www/wwwroot/mis/sass/vendor/laravel/framework/src/Illuminate/Container/BoundMethod.php(37): Illuminate\\Container\\BoundMethod::callBoundMethod()
#10 /www/wwwroot/mis/sass/vendor/laravel/framework/src/Illuminate/Container/Container.php(653): Illuminate\\Container\\BoundMethod::call()
#11 /www/wwwroot/mis/sass/vendor/laravel/framework/src/Illuminate/Console/Command.php(136): Illuminate\\Container\\Container->call()
#12 /www/wwwroot/mis/sass/vendor/symfony/console/Command/Command.php(298): Illuminate\\Console\\Command->execute()
#13 /www/wwwroot/mis/sass/vendor/laravel/framework/src/Illuminate/Console/Command.php(121): Symfony\\Component\\Console\\Command\\Command->run()
#14 /www/wwwroot/mis/sass/vendor/symfony/console/Application.php(1028): Illuminate\\Console\\Command->run()
#15 /www/wwwroot/mis/sass/vendor/symfony/console/Application.php(299): Symfony\\Component\\Console\\Application->doRunCommand()
#16 /www/wwwroot/mis/sass/vendor/symfony/console/Application.php(171): Symfony\\Component\\Console\\Application->doRun()
#17 /www/wwwroot/mis/sass/vendor/laravel/framework/src/Illuminate/Console/Application.php(94): Symfony\\Component\\Console\\Application->run()
#18 /www/wwwroot/mis/sass/vendor/laravel/framework/src/Illuminate/Foundation/Console/Kernel.php(129): Illuminate\\Console\\Application->run()
#19 /www/wwwroot/mis/sass/artisan(37): Illuminate\\Foundation\\Console\\Kernel->handle()
#20 {main}
"} 
[2022-12-07 13:00:32] local.ERROR: App\Jobs\AlarmDataJob has been attempted too many times or run too long. The job may have previously timed out. {"exception":"[object] (Illuminate\\Queue\\MaxAttemptsExceededException(code: 0): App\\Jobs\\AlarmDataJob has been attempted too many times or run too long. The job may have previously timed out. at /www/wwwroot/mis/sass/vendor/laravel/framework/src/Illuminate/Queue/Worker.php:750)
[stacktrace]
#0 /www/wwwroot/mis/sass/vendor/laravel/framework/src/Illuminate/Queue/Worker.php(504): Illuminate\\Queue\\Worker->maxAttemptsExceededException()
#1 /www/wwwroot/mis/sass/vendor/laravel/framework/src/Illuminate/Queue/Worker.php(418): Illuminate\\Queue\\Worker->markJobAsFailedIfAlreadyExceedsMaxAttempts()
#2 /www/wwwroot/mis/sass/vendor/laravel/framework/src/Illuminate/Queue/Worker.php(378): Illuminate\\Queue\\Worker->process()
#3 /www/wwwroot/mis/sass/vendor/laravel/framework/src/Illuminate/Queue/Worker.php(172): Illuminate\\Queue\\Worker->runJob()
#4 /www/wwwroot/mis/sass/vendor/laravel/framework/src/Illuminate/Queue/Console/WorkCommand.php(117): Illuminate\\Queue\\Worker->daemon()
#5 /www/wwwroot/mis/sass/vendor/laravel/framework/src/Illuminate/Queue/Console/WorkCommand.php(101): Illuminate\\Queue\\Console\\WorkCommand->runWorker()
#6 /www/wwwroot/mis/sass/vendor/laravel/framework/src/Illuminate/Container/BoundMethod.php(36): Illuminate\\Queue\\Console\\WorkCommand->handle()
#7 /www/wwwroot/mis/sass/vendor/laravel/framework/src/Illuminate/Container/Util.php(40): Illuminate\\Container\\BoundMethod::Illuminate\\Container\\{closure}()
#8 /www/wwwroot/mis/sass/vendor/laravel/framework/src/Illuminate/Container/BoundMethod.php(93): Illuminate\\Container\\Util::unwrapIfClosure()
#9 /www/wwwroot/mis/sass/vendor/laravel/framework/src/Illuminate/Container/BoundMethod.php(37): Illuminate\\Container\\BoundMethod::callBoundMethod()
#10 /www/wwwroot/mis/sass/vendor/laravel/framework/src/Illuminate/Container/Container.php(653): Illuminate\\Container\\BoundMethod::call()
#11 /www/wwwroot/mis/sass/vendor/laravel/framework/src/Illuminate/Console/Command.php(136): Illuminate\\Container\\Container->call()
#12 /www/wwwroot/mis/sass/vendor/symfony/console/Command/Command.php(298): Illuminate\\Console\\Command->execute()
#13 /www/wwwroot/mis/sass/vendor/laravel/framework/src/Illuminate/Console/Command.php(121): Symfony\\Component\\Console\\Command\\Command->run()
#14 /www/wwwroot/mis/sass/vendor/symfony/console/Application.php(1028): Illuminate\\Console\\Command->run()
#15 /www/wwwroot/mis/sass/vendor/symfony/console/Application.php(299): Symfony\\Component\\Console\\Application->doRunCommand()
#16 /www/wwwroot/mis/sass/vendor/symfony/console/Application.php(171): Symfony\\Component\\Console\\Application->doRun()
#17 /www/wwwroot/mis/sass/vendor/laravel/framework/src/Illuminate/Console/Application.php(94): Symfony\\Component\\Console\\Application->run()
#18 /www/wwwroot/mis/sass/vendor/laravel/framework/src/Illuminate/Foundation/Console/Kernel.php(129): Illuminate\\Console\\Application->run()
#19 /www/wwwroot/mis/sass/artisan(37): Illuminate\\Foundation\\Console\\Kernel->handle()
#20 {main}
"} 
[2022-12-07 13:16:33] local.ERROR: App\Jobs\AlarmDataJob has been attempted too many times or run too long. The job may have previously timed out. {"exception":"[object] (Illuminate\\Queue\\MaxAttemptsExceededException(code: 0): App\\Jobs\\AlarmDataJob has been attempted too many times or run too long. The job may have previously timed out. at /www/wwwroot/mis/sass/vendor/laravel/framework/src/Illuminate/Queue/Worker.php:750)
[stacktrace]
#0 /www/wwwroot/mis/sass/vendor/laravel/framework/src/Illuminate/Queue/Worker.php(504): Illuminate\\Queue\\Worker->maxAttemptsExceededException()
#1 /www/wwwroot/mis/sass/vendor/laravel/framework/src/Illuminate/Queue/Worker.php(418): Illuminate\\Queue\\Worker->markJobAsFailedIfAlreadyExceedsMaxAttempts()
#2 /www/wwwroot/mis/sass/vendor/laravel/framework/src/Illuminate/Queue/Worker.php(378): Illuminate\\Queue\\Worker->process()
#3 /www/wwwroot/mis/sass/vendor/laravel/framework/src/Illuminate/Queue/Worker.php(172): Illuminate\\Queue\\Worker->runJob()
#4 /www/wwwroot/mis/sass/vendor/laravel/framework/src/Illuminate/Queue/Console/WorkCommand.php(117): Illuminate\\Queue\\Worker->daemon()
#5 /www/wwwroot/mis/sass/vendor/laravel/framework/src/Illuminate/Queue/Console/WorkCommand.php(101): Illuminate\\Queue\\Console\\WorkCommand->runWorker()
#6 /www/wwwroot/mis/sass/vendor/laravel/framework/src/Illuminate/Container/BoundMethod.php(36): Illuminate\\Queue\\Console\\WorkCommand->handle()
#7 /www/wwwroot/mis/sass/vendor/laravel/framework/src/Illuminate/Container/Util.php(40): Illuminate\\Container\\BoundMethod::Illuminate\\Container\\{closure}()
#8 /www/wwwroot/mis/sass/vendor/laravel/framework/src/Illuminate/Container/BoundMethod.php(93): Illuminate\\Container\\Util::unwrapIfClosure()
#9 /www/wwwroot/mis/sass/vendor/laravel/framework/src/Illuminate/Container/BoundMethod.php(37): Illuminate\\Container\\BoundMethod::callBoundMethod()
#10 /www/wwwroot/mis/sass/vendor/laravel/framework/src/Illuminate/Container/Container.php(653): Illuminate\\Container\\BoundMethod::call()
#11 /www/wwwroot/mis/sass/vendor/laravel/framework/src/Illuminate/Console/Command.php(136): Illuminate\\Container\\Container->call()
#12 /www/wwwroot/mis/sass/vendor/symfony/console/Command/Command.php(298): Illuminate\\Console\\Command->execute()
#13 /www/wwwroot/mis/sass/vendor/laravel/framework/src/Illuminate/Console/Command.php(121): Symfony\\Component\\Console\\Command\\Command->run()
#14 /www/wwwroot/mis/sass/vendor/symfony/console/Application.php(1028): Illuminate\\Console\\Command->run()
#15 /www/wwwroot/mis/sass/vendor/symfony/console/Application.php(299): Symfony\\Component\\Console\\Application->doRunCommand()
#16 /www/wwwroot/mis/sass/vendor/symfony/console/Application.php(171): Symfony\\Component\\Console\\Application->doRun()
#17 /www/wwwroot/mis/sass/vendor/laravel/framework/src/Illuminate/Console/Application.php(94): Symfony\\Component\\Console\\Application->run()
#18 /www/wwwroot/mis/sass/vendor/laravel/framework/src/Illuminate/Foundation/Console/Kernel.php(129): Illuminate\\Console\\Application->run()
#19 /www/wwwroot/mis/sass/artisan(37): Illuminate\\Foundation\\Console\\Kernel->handle()
#20 {main}
"} 
[2022-12-07 17:34:31] local.ERROR: App\Jobs\AlarmDataJob has been attempted too many times or run too long. The job may have previously timed out. {"exception":"[object] (Illuminate\\Queue\\MaxAttemptsExceededException(code: 0): App\\Jobs\\AlarmDataJob has been attempted too many times or run too long. The job may have previously timed out. at /www/wwwroot/mis/sass/vendor/laravel/framework/src/Illuminate/Queue/Worker.php:750)
[stacktrace]
#0 /www/wwwroot/mis/sass/vendor/laravel/framework/src/Illuminate/Queue/Worker.php(504): Illuminate\\Queue\\Worker->maxAttemptsExceededException()
#1 /www/wwwroot/mis/sass/vendor/laravel/framework/src/Illuminate/Queue/Worker.php(418): Illuminate\\Queue\\Worker->markJobAsFailedIfAlreadyExceedsMaxAttempts()
#2 /www/wwwroot/mis/sass/vendor/laravel/framework/src/Illuminate/Queue/Worker.php(378): Illuminate\\Queue\\Worker->process()
#3 /www/wwwroot/mis/sass/vendor/laravel/framework/src/Illuminate/Queue/Worker.php(172): Illuminate\\Queue\\Worker->runJob()
#4 /www/wwwroot/mis/sass/vendor/laravel/framework/src/Illuminate/Queue/Console/WorkCommand.php(117): Illuminate\\Queue\\Worker->daemon()
#5 /www/wwwroot/mis/sass/vendor/laravel/framework/src/Illuminate/Queue/Console/WorkCommand.php(101): Illuminate\\Queue\\Console\\WorkCommand->runWorker()
#6 /www/wwwroot/mis/sass/vendor/laravel/framework/src/Illuminate/Container/BoundMethod.php(36): Illuminate\\Queue\\Console\\WorkCommand->handle()
#7 /www/wwwroot/mis/sass/vendor/laravel/framework/src/Illuminate/Container/Util.php(40): Illuminate\\Container\\BoundMethod::Illuminate\\Container\\{closure}()
#8 /www/wwwroot/mis/sass/vendor/laravel/framework/src/Illuminate/Container/BoundMethod.php(93): Illuminate\\Container\\Util::unwrapIfClosure()
#9 /www/wwwroot/mis/sass/vendor/laravel/framework/src/Illuminate/Container/BoundMethod.php(37): Illuminate\\Container\\BoundMethod::callBoundMethod()
#10 /www/wwwroot/mis/sass/vendor/laravel/framework/src/Illuminate/Container/Container.php(653): Illuminate\\Container\\BoundMethod::call()
#11 /www/wwwroot/mis/sass/vendor/laravel/framework/src/Illuminate/Console/Command.php(136): Illuminate\\Container\\Container->call()
#12 /www/wwwroot/mis/sass/vendor/symfony/console/Command/Command.php(298): Illuminate\\Console\\Command->execute()
#13 /www/wwwroot/mis/sass/vendor/laravel/framework/src/Illuminate/Console/Command.php(121): Symfony\\Component\\Console\\Command\\Command->run()
#14 /www/wwwroot/mis/sass/vendor/symfony/console/Application.php(1028): Illuminate\\Console\\Command->run()
#15 /www/wwwroot/mis/sass/vendor/symfony/console/Application.php(299): Symfony\\Component\\Console\\Application->doRunCommand()
#16 /www/wwwroot/mis/sass/vendor/symfony/console/Application.php(171): Symfony\\Component\\Console\\Application->doRun()
#17 /www/wwwroot/mis/sass/vendor/laravel/framework/src/Illuminate/Console/Application.php(94): Symfony\\Component\\Console\\Application->run()
#18 /www/wwwroot/mis/sass/vendor/laravel/framework/src/Illuminate/Foundation/Console/Kernel.php(129): Illuminate\\Console\\Application->run()
#19 /www/wwwroot/mis/sass/artisan(37): Illuminate\\Foundation\\Console\\Kernel->handle()
#20 {main}
"} 
[2022-12-07 18:00:31] local.ERROR: App\Jobs\AlarmDataJob has been attempted too many times or run too long. The job may have previously timed out. {"exception":"[object] (Illuminate\\Queue\\MaxAttemptsExceededException(code: 0): App\\Jobs\\AlarmDataJob has been attempted too many times or run too long. The job may have previously timed out. at /www/wwwroot/mis/sass/vendor/laravel/framework/src/Illuminate/Queue/Worker.php:750)
[stacktrace]
#0 /www/wwwroot/mis/sass/vendor/laravel/framework/src/Illuminate/Queue/Worker.php(504): Illuminate\\Queue\\Worker->maxAttemptsExceededException()
#1 /www/wwwroot/mis/sass/vendor/laravel/framework/src/Illuminate/Queue/Worker.php(418): Illuminate\\Queue\\Worker->markJobAsFailedIfAlreadyExceedsMaxAttempts()
#2 /www/wwwroot/mis/sass/vendor/laravel/framework/src/Illuminate/Queue/Worker.php(378): Illuminate\\Queue\\Worker->process()
#3 /www/wwwroot/mis/sass/vendor/laravel/framework/src/Illuminate/Queue/Worker.php(172): Illuminate\\Queue\\Worker->runJob()
#4 /www/wwwroot/mis/sass/vendor/laravel/framework/src/Illuminate/Queue/Console/WorkCommand.php(117): Illuminate\\Queue\\Worker->daemon()
#5 /www/wwwroot/mis/sass/vendor/laravel/framework/src/Illuminate/Queue/Console/WorkCommand.php(101): Illuminate\\Queue\\Console\\WorkCommand->runWorker()
#6 /www/wwwroot/mis/sass/vendor/laravel/framework/src/Illuminate/Container/BoundMethod.php(36): Illuminate\\Queue\\Console\\WorkCommand->handle()
#7 /www/wwwroot/mis/sass/vendor/laravel/framework/src/Illuminate/Container/Util.php(40): Illuminate\\Container\\BoundMethod::Illuminate\\Container\\{closure}()
#8 /www/wwwroot/mis/sass/vendor/laravel/framework/src/Illuminate/Container/BoundMethod.php(93): Illuminate\\Container\\Util::unwrapIfClosure()
#9 /www/wwwroot/mis/sass/vendor/laravel/framework/src/Illuminate/Container/BoundMethod.php(37): Illuminate\\Container\\BoundMethod::callBoundMethod()
#10 /www/wwwroot/mis/sass/vendor/laravel/framework/src/Illuminate/Container/Container.php(653): Illuminate\\Container\\BoundMethod::call()
#11 /www/wwwroot/mis/sass/vendor/laravel/framework/src/Illuminate/Console/Command.php(136): Illuminate\\Container\\Container->call()
#12 /www/wwwroot/mis/sass/vendor/symfony/console/Command/Command.php(298): Illuminate\\Console\\Command->execute()
#13 /www/wwwroot/mis/sass/vendor/laravel/framework/src/Illuminate/Console/Command.php(121): Symfony\\Component\\Console\\Command\\Command->run()
#14 /www/wwwroot/mis/sass/vendor/symfony/console/Application.php(1028): Illuminate\\Console\\Command->run()
#15 /www/wwwroot/mis/sass/vendor/symfony/console/Application.php(299): Symfony\\Component\\Console\\Application->doRunCommand()
#16 /www/wwwroot/mis/sass/vendor/symfony/console/Application.php(171): Symfony\\Component\\Console\\Application->doRun()
#17 /www/wwwroot/mis/sass/vendor/laravel/framework/src/Illuminate/Console/Application.php(94): Symfony\\Component\\Console\\Application->run()
#18 /www/wwwroot/mis/sass/vendor/laravel/framework/src/Illuminate/Foundation/Console/Kernel.php(129): Illuminate\\Console\\Application->run()
#19 /www/wwwroot/mis/sass/artisan(37): Illuminate\\Foundation\\Console\\Kernel->handle()
#20 {main}
"} 
[2022-12-07 18:09:31] local.ERROR: App\Jobs\AlarmDataJob has been attempted too many times or run too long. The job may have previously timed out. {"exception":"[object] (Illuminate\\Queue\\MaxAttemptsExceededException(code: 0): App\\Jobs\\AlarmDataJob has been attempted too many times or run too long. The job may have previously timed out. at /www/wwwroot/mis/sass/vendor/laravel/framework/src/Illuminate/Queue/Worker.php:750)
[stacktrace]
#0 /www/wwwroot/mis/sass/vendor/laravel/framework/src/Illuminate/Queue/Worker.php(504): Illuminate\\Queue\\Worker->maxAttemptsExceededException()
#1 /www/wwwroot/mis/sass/vendor/laravel/framework/src/Illuminate/Queue/Worker.php(418): Illuminate\\Queue\\Worker->markJobAsFailedIfAlreadyExceedsMaxAttempts()
#2 /www/wwwroot/mis/sass/vendor/laravel/framework/src/Illuminate/Queue/Worker.php(378): Illuminate\\Queue\\Worker->process()
#3 /www/wwwroot/mis/sass/vendor/laravel/framework/src/Illuminate/Queue/Worker.php(172): Illuminate\\Queue\\Worker->runJob()
#4 /www/wwwroot/mis/sass/vendor/laravel/framework/src/Illuminate/Queue/Console/WorkCommand.php(117): Illuminate\\Queue\\Worker->daemon()
#5 /www/wwwroot/mis/sass/vendor/laravel/framework/src/Illuminate/Queue/Console/WorkCommand.php(101): Illuminate\\Queue\\Console\\WorkCommand->runWorker()
#6 /www/wwwroot/mis/sass/vendor/laravel/framework/src/Illuminate/Container/BoundMethod.php(36): Illuminate\\Queue\\Console\\WorkCommand->handle()
#7 /www/wwwroot/mis/sass/vendor/laravel/framework/src/Illuminate/Container/Util.php(40): Illuminate\\Container\\BoundMethod::Illuminate\\Container\\{closure}()
#8 /www/wwwroot/mis/sass/vendor/laravel/framework/src/Illuminate/Container/BoundMethod.php(93): Illuminate\\Container\\Util::unwrapIfClosure()
#9 /www/wwwroot/mis/sass/vendor/laravel/framework/src/Illuminate/Container/BoundMethod.php(37): Illuminate\\Container\\BoundMethod::callBoundMethod()
#10 /www/wwwroot/mis/sass/vendor/laravel/framework/src/Illuminate/Container/Container.php(653): Illuminate\\Container\\BoundMethod::call()
#11 /www/wwwroot/mis/sass/vendor/laravel/framework/src/Illuminate/Console/Command.php(136): Illuminate\\Container\\Container->call()
#12 /www/wwwroot/mis/sass/vendor/symfony/console/Command/Command.php(298): Illuminate\\Console\\Command->execute()
#13 /www/wwwroot/mis/sass/vendor/laravel/framework/src/Illuminate/Console/Command.php(121): Symfony\\Component\\Console\\Command\\Command->run()
#14 /www/wwwroot/mis/sass/vendor/symfony/console/Application.php(1028): Illuminate\\Console\\Command->run()
#15 /www/wwwroot/mis/sass/vendor/symfony/console/Application.php(299): Symfony\\Component\\Console\\Application->doRunCommand()
#16 /www/wwwroot/mis/sass/vendor/symfony/console/Application.php(171): Symfony\\Component\\Console\\Application->doRun()
#17 /www/wwwroot/mis/sass/vendor/laravel/framework/src/Illuminate/Console/Application.php(94): Symfony\\Component\\Console\\Application->run()
#18 /www/wwwroot/mis/sass/vendor/laravel/framework/src/Illuminate/Foundation/Console/Kernel.php(129): Illuminate\\Console\\Application->run()
#19 /www/wwwroot/mis/sass/artisan(37): Illuminate\\Foundation\\Console\\Kernel->handle()
#20 {main}
"} 
[2022-12-07 19:04:31] local.ERROR: App\Jobs\AlarmDataJob has been attempted too many times or run too long. The job may have previously timed out. {"exception":"[object] (Illuminate\\Queue\\MaxAttemptsExceededException(code: 0): App\\Jobs\\AlarmDataJob has been attempted too many times or run too long. The job may have previously timed out. at /www/wwwroot/mis/sass/vendor/laravel/framework/src/Illuminate/Queue/Worker.php:750)
[stacktrace]
#0 /www/wwwroot/mis/sass/vendor/laravel/framework/src/Illuminate/Queue/Worker.php(504): Illuminate\\Queue\\Worker->maxAttemptsExceededException()
#1 /www/wwwroot/mis/sass/vendor/laravel/framework/src/Illuminate/Queue/Worker.php(418): Illuminate\\Queue\\Worker->markJobAsFailedIfAlreadyExceedsMaxAttempts()
#2 /www/wwwroot/mis/sass/vendor/laravel/framework/src/Illuminate/Queue/Worker.php(378): Illuminate\\Queue\\Worker->process()
#3 /www/wwwroot/mis/sass/vendor/laravel/framework/src/Illuminate/Queue/Worker.php(172): Illuminate\\Queue\\Worker->runJob()
#4 /www/wwwroot/mis/sass/vendor/laravel/framework/src/Illuminate/Queue/Console/WorkCommand.php(117): Illuminate\\Queue\\Worker->daemon()
#5 /www/wwwroot/mis/sass/vendor/laravel/framework/src/Illuminate/Queue/Console/WorkCommand.php(101): Illuminate\\Queue\\Console\\WorkCommand->runWorker()
#6 /www/wwwroot/mis/sass/vendor/laravel/framework/src/Illuminate/Container/BoundMethod.php(36): Illuminate\\Queue\\Console\\WorkCommand->handle()
#7 /www/wwwroot/mis/sass/vendor/laravel/framework/src/Illuminate/Container/Util.php(40): Illuminate\\Container\\BoundMethod::Illuminate\\Container\\{closure}()
#8 /www/wwwroot/mis/sass/vendor/laravel/framework/src/Illuminate/Container/BoundMethod.php(93): Illuminate\\Container\\Util::unwrapIfClosure()
#9 /www/wwwroot/mis/sass/vendor/laravel/framework/src/Illuminate/Container/BoundMethod.php(37): Illuminate\\Container\\BoundMethod::callBoundMethod()
#10 /www/wwwroot/mis/sass/vendor/laravel/framework/src/Illuminate/Container/Container.php(653): Illuminate\\Container\\BoundMethod::call()
#11 /www/wwwroot/mis/sass/vendor/laravel/framework/src/Illuminate/Console/Command.php(136): Illuminate\\Container\\Container->call()
#12 /www/wwwroot/mis/sass/vendor/symfony/console/Command/Command.php(298): Illuminate\\Console\\Command->execute()
#13 /www/wwwroot/mis/sass/vendor/laravel/framework/src/Illuminate/Console/Command.php(121): Symfony\\Component\\Console\\Command\\Command->run()
#14 /www/wwwroot/mis/sass/vendor/symfony/console/Application.php(1028): Illuminate\\Console\\Command->run()
#15 /www/wwwroot/mis/sass/vendor/symfony/console/Application.php(299): Symfony\\Component\\Console\\Application->doRunCommand()
#16 /www/wwwroot/mis/sass/vendor/symfony/console/Application.php(171): Symfony\\Component\\Console\\Application->doRun()
#17 /www/wwwroot/mis/sass/vendor/laravel/framework/src/Illuminate/Console/Application.php(94): Symfony\\Component\\Console\\Application->run()
#18 /www/wwwroot/mis/sass/vendor/laravel/framework/src/Illuminate/Foundation/Console/Kernel.php(129): Illuminate\\Console\\Application->run()
#19 /www/wwwroot/mis/sass/artisan(37): Illuminate\\Foundation\\Console\\Kernel->handle()
#20 {main}
"} 
[2022-12-07 20:40:31] local.ERROR: App\Jobs\AlarmDataJob has been attempted too many times or run too long. The job may have previously timed out. {"exception":"[object] (Illuminate\\Queue\\MaxAttemptsExceededException(code: 0): App\\Jobs\\AlarmDataJob has been attempted too many times or run too long. The job may have previously timed out. at /www/wwwroot/mis/sass/vendor/laravel/framework/src/Illuminate/Queue/Worker.php:750)
[stacktrace]
#0 /www/wwwroot/mis/sass/vendor/laravel/framework/src/Illuminate/Queue/Worker.php(504): Illuminate\\Queue\\Worker->maxAttemptsExceededException()
#1 /www/wwwroot/mis/sass/vendor/laravel/framework/src/Illuminate/Queue/Worker.php(418): Illuminate\\Queue\\Worker->markJobAsFailedIfAlreadyExceedsMaxAttempts()
#2 /www/wwwroot/mis/sass/vendor/laravel/framework/src/Illuminate/Queue/Worker.php(378): Illuminate\\Queue\\Worker->process()
#3 /www/wwwroot/mis/sass/vendor/laravel/framework/src/Illuminate/Queue/Worker.php(172): Illuminate\\Queue\\Worker->runJob()
#4 /www/wwwroot/mis/sass/vendor/laravel/framework/src/Illuminate/Queue/Console/WorkCommand.php(117): Illuminate\\Queue\\Worker->daemon()
#5 /www/wwwroot/mis/sass/vendor/laravel/framework/src/Illuminate/Queue/Console/WorkCommand.php(101): Illuminate\\Queue\\Console\\WorkCommand->runWorker()
#6 /www/wwwroot/mis/sass/vendor/laravel/framework/src/Illuminate/Container/BoundMethod.php(36): Illuminate\\Queue\\Console\\WorkCommand->handle()
#7 /www/wwwroot/mis/sass/vendor/laravel/framework/src/Illuminate/Container/Util.php(40): Illuminate\\Container\\BoundMethod::Illuminate\\Container\\{closure}()
#8 /www/wwwroot/mis/sass/vendor/laravel/framework/src/Illuminate/Container/BoundMethod.php(93): Illuminate\\Container\\Util::unwrapIfClosure()
#9 /www/wwwroot/mis/sass/vendor/laravel/framework/src/Illuminate/Container/BoundMethod.php(37): Illuminate\\Container\\BoundMethod::callBoundMethod()
#10 /www/wwwroot/mis/sass/vendor/laravel/framework/src/Illuminate/Container/Container.php(653): Illuminate\\Container\\BoundMethod::call()
#11 /www/wwwroot/mis/sass/vendor/laravel/framework/src/Illuminate/Console/Command.php(136): Illuminate\\Container\\Container->call()
#12 /www/wwwroot/mis/sass/vendor/symfony/console/Command/Command.php(298): Illuminate\\Console\\Command->execute()
#13 /www/wwwroot/mis/sass/vendor/laravel/framework/src/Illuminate/Console/Command.php(121): Symfony\\Component\\Console\\Command\\Command->run()
#14 /www/wwwroot/mis/sass/vendor/symfony/console/Application.php(1028): Illuminate\\Console\\Command->run()
#15 /www/wwwroot/mis/sass/vendor/symfony/console/Application.php(299): Symfony\\Component\\Console\\Application->doRunCommand()
#16 /www/wwwroot/mis/sass/vendor/symfony/console/Application.php(171): Symfony\\Component\\Console\\Application->doRun()
#17 /www/wwwroot/mis/sass/vendor/laravel/framework/src/Illuminate/Console/Application.php(94): Symfony\\Component\\Console\\Application->run()
#18 /www/wwwroot/mis/sass/vendor/laravel/framework/src/Illuminate/Foundation/Console/Kernel.php(129): Illuminate\\Console\\Application->run()
#19 /www/wwwroot/mis/sass/artisan(37): Illuminate\\Foundation\\Console\\Kernel->handle()
#20 {main}
"} 
[2022-12-07 22:01:31] local.ERROR: App\Jobs\AlarmDataJob has been attempted too many times or run too long. The job may have previously timed out. {"exception":"[object] (Illuminate\\Queue\\MaxAttemptsExceededException(code: 0): App\\Jobs\\AlarmDataJob has been attempted too many times or run too long. The job may have previously timed out. at /www/wwwroot/mis/sass/vendor/laravel/framework/src/Illuminate/Queue/Worker.php:750)
[stacktrace]
#0 /www/wwwroot/mis/sass/vendor/laravel/framework/src/Illuminate/Queue/Worker.php(504): Illuminate\\Queue\\Worker->maxAttemptsExceededException()
#1 /www/wwwroot/mis/sass/vendor/laravel/framework/src/Illuminate/Queue/Worker.php(418): Illuminate\\Queue\\Worker->markJobAsFailedIfAlreadyExceedsMaxAttempts()
#2 /www/wwwroot/mis/sass/vendor/laravel/framework/src/Illuminate/Queue/Worker.php(378): Illuminate\\Queue\\Worker->process()
#3 /www/wwwroot/mis/sass/vendor/laravel/framework/src/Illuminate/Queue/Worker.php(172): Illuminate\\Queue\\Worker->runJob()
#4 /www/wwwroot/mis/sass/vendor/laravel/framework/src/Illuminate/Queue/Console/WorkCommand.php(117): Illuminate\\Queue\\Worker->daemon()
#5 /www/wwwroot/mis/sass/vendor/laravel/framework/src/Illuminate/Queue/Console/WorkCommand.php(101): Illuminate\\Queue\\Console\\WorkCommand->runWorker()
#6 /www/wwwroot/mis/sass/vendor/laravel/framework/src/Illuminate/Container/BoundMethod.php(36): Illuminate\\Queue\\Console\\WorkCommand->handle()
#7 /www/wwwroot/mis/sass/vendor/laravel/framework/src/Illuminate/Container/Util.php(40): Illuminate\\Container\\BoundMethod::Illuminate\\Container\\{closure}()
#8 /www/wwwroot/mis/sass/vendor/laravel/framework/src/Illuminate/Container/BoundMethod.php(93): Illuminate\\Container\\Util::unwrapIfClosure()
#9 /www/wwwroot/mis/sass/vendor/laravel/framework/src/Illuminate/Container/BoundMethod.php(37): Illuminate\\Container\\BoundMethod::callBoundMethod()
#10 /www/wwwroot/mis/sass/vendor/laravel/framework/src/Illuminate/Container/Container.php(653): Illuminate\\Container\\BoundMethod::call()
#11 /www/wwwroot/mis/sass/vendor/laravel/framework/src/Illuminate/Console/Command.php(136): Illuminate\\Container\\Container->call()
#12 /www/wwwroot/mis/sass/vendor/symfony/console/Command/Command.php(298): Illuminate\\Console\\Command->execute()
#13 /www/wwwroot/mis/sass/vendor/laravel/framework/src/Illuminate/Console/Command.php(121): Symfony\\Component\\Console\\Command\\Command->run()
#14 /www/wwwroot/mis/sass/vendor/symfony/console/Application.php(1028): Illuminate\\Console\\Command->run()
#15 /www/wwwroot/mis/sass/vendor/symfony/console/Application.php(299): Symfony\\Component\\Console\\Application->doRunCommand()
#16 /www/wwwroot/mis/sass/vendor/symfony/console/Application.php(171): Symfony\\Component\\Console\\Application->doRun()
#17 /www/wwwroot/mis/sass/vendor/laravel/framework/src/Illuminate/Console/Application.php(94): Symfony\\Component\\Console\\Application->run()
#18 /www/wwwroot/mis/sass/vendor/laravel/framework/src/Illuminate/Foundation/Console/Kernel.php(129): Illuminate\\Console\\Application->run()
#19 /www/wwwroot/mis/sass/artisan(37): Illuminate\\Foundation\\Console\\Kernel->handle()
#20 {main}
"} 
[2022-12-07 23:09:33] local.ERROR: App\Jobs\AlarmDataJob has been attempted too many times or run too long. The job may have previously timed out. {"exception":"[object] (Illuminate\\Queue\\MaxAttemptsExceededException(code: 0): App\\Jobs\\AlarmDataJob has been attempted too many times or run too long. The job may have previously timed out. at /www/wwwroot/mis/sass/vendor/laravel/framework/src/Illuminate/Queue/Worker.php:750)
[stacktrace]
#0 /www/wwwroot/mis/sass/vendor/laravel/framework/src/Illuminate/Queue/Worker.php(504): Illuminate\\Queue\\Worker->maxAttemptsExceededException()
#1 /www/wwwroot/mis/sass/vendor/laravel/framework/src/Illuminate/Queue/Worker.php(418): Illuminate\\Queue\\Worker->markJobAsFailedIfAlreadyExceedsMaxAttempts()
#2 /www/wwwroot/mis/sass/vendor/laravel/framework/src/Illuminate/Queue/Worker.php(378): Illuminate\\Queue\\Worker->process()
#3 /www/wwwroot/mis/sass/vendor/laravel/framework/src/Illuminate/Queue/Worker.php(172): Illuminate\\Queue\\Worker->runJob()
#4 /www/wwwroot/mis/sass/vendor/laravel/framework/src/Illuminate/Queue/Console/WorkCommand.php(117): Illuminate\\Queue\\Worker->daemon()
#5 /www/wwwroot/mis/sass/vendor/laravel/framework/src/Illuminate/Queue/Console/WorkCommand.php(101): Illuminate\\Queue\\Console\\WorkCommand->runWorker()
#6 /www/wwwroot/mis/sass/vendor/laravel/framework/src/Illuminate/Container/BoundMethod.php(36): Illuminate\\Queue\\Console\\WorkCommand->handle()
#7 /www/wwwroot/mis/sass/vendor/laravel/framework/src/Illuminate/Container/Util.php(40): Illuminate\\Container\\BoundMethod::Illuminate\\Container\\{closure}()
#8 /www/wwwroot/mis/sass/vendor/laravel/framework/src/Illuminate/Container/BoundMethod.php(93): Illuminate\\Container\\Util::unwrapIfClosure()
#9 /www/wwwroot/mis/sass/vendor/laravel/framework/src/Illuminate/Container/BoundMethod.php(37): Illuminate\\Container\\BoundMethod::callBoundMethod()
#10 /www/wwwroot/mis/sass/vendor/laravel/framework/src/Illuminate/Container/Container.php(653): Illuminate\\Container\\BoundMethod::call()
#11 /www/wwwroot/mis/sass/vendor/laravel/framework/src/Illuminate/Console/Command.php(136): Illuminate\\Container\\Container->call()
#12 /www/wwwroot/mis/sass/vendor/symfony/console/Command/Command.php(298): Illuminate\\Console\\Command->execute()
#13 /www/wwwroot/mis/sass/vendor/laravel/framework/src/Illuminate/Console/Command.php(121): Symfony\\Component\\Console\\Command\\Command->run()
#14 /www/wwwroot/mis/sass/vendor/symfony/console/Application.php(1028): Illuminate\\Console\\Command->run()
#15 /www/wwwroot/mis/sass/vendor/symfony/console/Application.php(299): Symfony\\Component\\Console\\Application->doRunCommand()
#16 /www/wwwroot/mis/sass/vendor/symfony/console/Application.php(171): Symfony\\Component\\Console\\Application->doRun()
#17 /www/wwwroot/mis/sass/vendor/laravel/framework/src/Illuminate/Console/Application.php(94): Symfony\\Component\\Console\\Application->run()
#18 /www/wwwroot/mis/sass/vendor/laravel/framework/src/Illuminate/Foundation/Console/Kernel.php(129): Illuminate\\Console\\Application->run()
#19 /www/wwwroot/mis/sass/artisan(37): Illuminate\\Foundation\\Console\\Kernel->handle()
#20 {main}
"} 
[2022-12-07 23:09:33] local.ERROR: App\Jobs\AlarmDataJob has been attempted too many times or run too long. The job may have previously timed out. {"exception":"[object] (Illuminate\\Queue\\MaxAttemptsExceededException(code: 0): App\\Jobs\\AlarmDataJob has been attempted too many times or run too long. The job may have previously timed out. at /www/wwwroot/mis/sass/vendor/laravel/framework/src/Illuminate/Queue/Worker.php:750)
[stacktrace]
#0 /www/wwwroot/mis/sass/vendor/laravel/framework/src/Illuminate/Queue/Worker.php(504): Illuminate\\Queue\\Worker->maxAttemptsExceededException()
#1 /www/wwwroot/mis/sass/vendor/laravel/framework/src/Illuminate/Queue/Worker.php(418): Illuminate\\Queue\\Worker->markJobAsFailedIfAlreadyExceedsMaxAttempts()
#2 /www/wwwroot/mis/sass/vendor/laravel/framework/src/Illuminate/Queue/Worker.php(378): Illuminate\\Queue\\Worker->process()
#3 /www/wwwroot/mis/sass/vendor/laravel/framework/src/Illuminate/Queue/Worker.php(172): Illuminate\\Queue\\Worker->runJob()
#4 /www/wwwroot/mis/sass/vendor/laravel/framework/src/Illuminate/Queue/Console/WorkCommand.php(117): Illuminate\\Queue\\Worker->daemon()
#5 /www/wwwroot/mis/sass/vendor/laravel/framework/src/Illuminate/Queue/Console/WorkCommand.php(101): Illuminate\\Queue\\Console\\WorkCommand->runWorker()
#6 /www/wwwroot/mis/sass/vendor/laravel/framework/src/Illuminate/Container/BoundMethod.php(36): Illuminate\\Queue\\Console\\WorkCommand->handle()
#7 /www/wwwroot/mis/sass/vendor/laravel/framework/src/Illuminate/Container/Util.php(40): Illuminate\\Container\\BoundMethod::Illuminate\\Container\\{closure}()
#8 /www/wwwroot/mis/sass/vendor/laravel/framework/src/Illuminate/Container/BoundMethod.php(93): Illuminate\\Container\\Util::unwrapIfClosure()
#9 /www/wwwroot/mis/sass/vendor/laravel/framework/src/Illuminate/Container/BoundMethod.php(37): Illuminate\\Container\\BoundMethod::callBoundMethod()
#10 /www/wwwroot/mis/sass/vendor/laravel/framework/src/Illuminate/Container/Container.php(653): Illuminate\\Container\\BoundMethod::call()
#11 /www/wwwroot/mis/sass/vendor/laravel/framework/src/Illuminate/Console/Command.php(136): Illuminate\\Container\\Container->call()
#12 /www/wwwroot/mis/sass/vendor/symfony/console/Command/Command.php(298): Illuminate\\Console\\Command->execute()
#13 /www/wwwroot/mis/sass/vendor/laravel/framework/src/Illuminate/Console/Command.php(121): Symfony\\Component\\Console\\Command\\Command->run()
#14 /www/wwwroot/mis/sass/vendor/symfony/console/Application.php(1028): Illuminate\\Console\\Command->run()
#15 /www/wwwroot/mis/sass/vendor/symfony/console/Application.php(299): Symfony\\Component\\Console\\Application->doRunCommand()
#16 /www/wwwroot/mis/sass/vendor/symfony/console/Application.php(171): Symfony\\Component\\Console\\Application->doRun()
#17 /www/wwwroot/mis/sass/vendor/laravel/framework/src/Illuminate/Console/Application.php(94): Symfony\\Component\\Console\\Application->run()
#18 /www/wwwroot/mis/sass/vendor/laravel/framework/src/Illuminate/Foundation/Console/Kernel.php(129): Illuminate\\Console\\Application->run()
#19 /www/wwwroot/mis/sass/artisan(37): Illuminate\\Foundation\\Console\\Kernel->handle()
#20 {main}
"} 
[2022-12-07 23:16:31] local.ERROR: App\Jobs\AlarmDataJob has been attempted too many times or run too long. The job may have previously timed out. {"exception":"[object] (Illuminate\\Queue\\MaxAttemptsExceededException(code: 0): App\\Jobs\\AlarmDataJob has been attempted too many times or run too long. The job may have previously timed out. at /www/wwwroot/mis/sass/vendor/laravel/framework/src/Illuminate/Queue/Worker.php:750)
[stacktrace]
#0 /www/wwwroot/mis/sass/vendor/laravel/framework/src/Illuminate/Queue/Worker.php(504): Illuminate\\Queue\\Worker->maxAttemptsExceededException()
#1 /www/wwwroot/mis/sass/vendor/laravel/framework/src/Illuminate/Queue/Worker.php(418): Illuminate\\Queue\\Worker->markJobAsFailedIfAlreadyExceedsMaxAttempts()
#2 /www/wwwroot/mis/sass/vendor/laravel/framework/src/Illuminate/Queue/Worker.php(378): Illuminate\\Queue\\Worker->process()
#3 /www/wwwroot/mis/sass/vendor/laravel/framework/src/Illuminate/Queue/Worker.php(172): Illuminate\\Queue\\Worker->runJob()
#4 /www/wwwroot/mis/sass/vendor/laravel/framework/src/Illuminate/Queue/Console/WorkCommand.php(117): Illuminate\\Queue\\Worker->daemon()
#5 /www/wwwroot/mis/sass/vendor/laravel/framework/src/Illuminate/Queue/Console/WorkCommand.php(101): Illuminate\\Queue\\Console\\WorkCommand->runWorker()
#6 /www/wwwroot/mis/sass/vendor/laravel/framework/src/Illuminate/Container/BoundMethod.php(36): Illuminate\\Queue\\Console\\WorkCommand->handle()
#7 /www/wwwroot/mis/sass/vendor/laravel/framework/src/Illuminate/Container/Util.php(40): Illuminate\\Container\\BoundMethod::Illuminate\\Container\\{closure}()
#8 /www/wwwroot/mis/sass/vendor/laravel/framework/src/Illuminate/Container/BoundMethod.php(93): Illuminate\\Container\\Util::unwrapIfClosure()
#9 /www/wwwroot/mis/sass/vendor/laravel/framework/src/Illuminate/Container/BoundMethod.php(37): Illuminate\\Container\\BoundMethod::callBoundMethod()
#10 /www/wwwroot/mis/sass/vendor/laravel/framework/src/Illuminate/Container/Container.php(653): Illuminate\\Container\\BoundMethod::call()
#11 /www/wwwroot/mis/sass/vendor/laravel/framework/src/Illuminate/Console/Command.php(136): Illuminate\\Container\\Container->call()
#12 /www/wwwroot/mis/sass/vendor/symfony/console/Command/Command.php(298): Illuminate\\Console\\Command->execute()
#13 /www/wwwroot/mis/sass/vendor/laravel/framework/src/Illuminate/Console/Command.php(121): Symfony\\Component\\Console\\Command\\Command->run()
#14 /www/wwwroot/mis/sass/vendor/symfony/console/Application.php(1028): Illuminate\\Console\\Command->run()
#15 /www/wwwroot/mis/sass/vendor/symfony/console/Application.php(299): Symfony\\Component\\Console\\Application->doRunCommand()
#16 /www/wwwroot/mis/sass/vendor/symfony/console/Application.php(171): Symfony\\Component\\Console\\Application->doRun()
#17 /www/wwwroot/mis/sass/vendor/laravel/framework/src/Illuminate/Console/Application.php(94): Symfony\\Component\\Console\\Application->run()
#18 /www/wwwroot/mis/sass/vendor/laravel/framework/src/Illuminate/Foundation/Console/Kernel.php(129): Illuminate\\Console\\Application->run()
#19 /www/wwwroot/mis/sass/artisan(37): Illuminate\\Foundation\\Console\\Kernel->handle()
#20 {main}
"} 
