[2023-02-16 14:01:59] local.INFO: 00000000000000  
[2023-02-16 14:01:59] local.INFO: 'eyJ0eXAiOiJKV1QiLCJhbGciOiJIUzI1NiJ9.eyJpc3MiOiJodHRwOlwvXC93bWhiLm1pcy5jb21cL2FwaVwvYXV0aFwvbG9naW4iLCJpYXQiOjE2NzY1MjY2NDQsImV4cCI6MTY3NjUzMDI0NCwibmJmIjoxNjc2NTI2NjQ0LCJqdGkiOiJNNkFlT3lPckVKMm0xdGh2Iiwic3ViIjoyLCJwcnYiOiIyM2JkNWM4OTQ5ZjYwMGFkYjM5ZTcwMWM0MDA4NzJkYjdhNTk3NmY3Iiwicm9sZSI6InVzZXIifQ.fuG_aEbZ6OvgdZ0zlp593Rp3-cGZfPJUfzqTzLE9wZA'  
[2023-02-16 14:01:59] local.INFO: '2'  
[2023-02-16 14:01:59] local.INFO: 'http://wechat.com/api/auth/login-by-system'  
[2023-02-16 14:01:59] local.INFO: 111111111111  
[2023-02-16 14:01:59] local.INFO: array (
  'type' => 'json',
  'system_token' => 'eyJ0eXAiOiJKV1QiLCJhbGciOiJIUzI1NiJ9.eyJpc3MiOiJodHRwOlwvXC93bWhiLm1pcy5jb21cL2FwaVwvYXV0aFwvbG9naW4iLCJpYXQiOjE2NzY1MjY2NDQsImV4cCI6MTY3NjUzMDI0NCwibmJmIjoxNjc2NTI2NjQ0LCJqdGkiOiJNNkFlT3lPckVKMm0xdGh2Iiwic3ViIjoyLCJwcnYiOiIyM2JkNWM4OTQ5ZjYwMGFkYjM5ZTcwMWM0MDA4NzJkYjdhNTk3NmY3Iiwicm9sZSI6InVzZXIifQ.fuG_aEbZ6OvgdZ0zlp593Rp3-cGZfPJUfzqTzLE9wZA',
  'userid' => '2',
)  
[2023-02-16 14:01:59] local.INFO: 2222222222222  
[2023-02-16 14:01:59] local.INFO: array (
  'code' => -1,
  'message' => '操作失败',
  'data' => '请先关联用户',
)  
[2023-02-16 14:02:11] local.INFO: 00000000000000  
[2023-02-16 14:02:11] local.INFO: 'eyJ0eXAiOiJKV1QiLCJhbGciOiJIUzI1NiJ9.eyJpc3MiOiJodHRwOlwvXC93bWhiLm1pcy5jb21cL2FwaVwvYXV0aFwvbG9naW4iLCJpYXQiOjE2NzY1MjY2NDQsImV4cCI6MTY3NjUzMDI0NCwibmJmIjoxNjc2NTI2NjQ0LCJqdGkiOiJNNkFlT3lPckVKMm0xdGh2Iiwic3ViIjoyLCJwcnYiOiIyM2JkNWM4OTQ5ZjYwMGFkYjM5ZTcwMWM0MDA4NzJkYjdhNTk3NmY3Iiwicm9sZSI6InVzZXIifQ.fuG_aEbZ6OvgdZ0zlp593Rp3-cGZfPJUfzqTzLE9wZA'  
[2023-02-16 14:02:11] local.INFO: '2'  
[2023-02-16 14:02:11] local.INFO: 'http://wechat.com/api/auth/login-by-system'  
[2023-02-16 14:02:11] local.INFO: 111111111111  
[2023-02-16 14:02:11] local.INFO: array (
  'type' => 'json',
  'system_token' => 'eyJ0eXAiOiJKV1QiLCJhbGciOiJIUzI1NiJ9.eyJpc3MiOiJodHRwOlwvXC93bWhiLm1pcy5jb21cL2FwaVwvYXV0aFwvbG9naW4iLCJpYXQiOjE2NzY1MjY2NDQsImV4cCI6MTY3NjUzMDI0NCwibmJmIjoxNjc2NTI2NjQ0LCJqdGkiOiJNNkFlT3lPckVKMm0xdGh2Iiwic3ViIjoyLCJwcnYiOiIyM2JkNWM4OTQ5ZjYwMGFkYjM5ZTcwMWM0MDA4NzJkYjdhNTk3NmY3Iiwicm9sZSI6InVzZXIifQ.fuG_aEbZ6OvgdZ0zlp593Rp3-cGZfPJUfzqTzLE9wZA',
  'userid' => '2',
)  
[2023-02-16 14:02:11] local.INFO: 2222222222222  
[2023-02-16 14:02:11] local.INFO: array (
  'code' => -1,
  'message' => '操作失败',
  'data' => '请先关联用户',
)  
[2023-02-16 14:02:25] local.INFO: 00000000000000  
[2023-02-16 14:02:25] local.INFO: 'eyJ0eXAiOiJKV1QiLCJhbGciOiJIUzI1NiJ9.eyJpc3MiOiJodHRwOlwvXC93bWhiLm1pcy5jb21cL2FwaVwvYXV0aFwvbG9naW4iLCJpYXQiOjE2NzY1MjY2NDQsImV4cCI6MTY3NjUzMDI0NCwibmJmIjoxNjc2NTI2NjQ0LCJqdGkiOiJNNkFlT3lPckVKMm0xdGh2Iiwic3ViIjoyLCJwcnYiOiIyM2JkNWM4OTQ5ZjYwMGFkYjM5ZTcwMWM0MDA4NzJkYjdhNTk3NmY3Iiwicm9sZSI6InVzZXIifQ.fuG_aEbZ6OvgdZ0zlp593Rp3-cGZfPJUfzqTzLE9wZA'  
[2023-02-16 14:02:25] local.INFO: '2'  
[2023-02-16 14:02:25] local.INFO: 'http://wechat.com/api/auth/login-by-system'  
[2023-02-16 14:02:25] local.INFO: 111111111111  
[2023-02-16 14:02:25] local.INFO: array (
  'type' => 'x-www-form-urlencoded',
  'system_token' => 'eyJ0eXAiOiJKV1QiLCJhbGciOiJIUzI1NiJ9.eyJpc3MiOiJodHRwOlwvXC93bWhiLm1pcy5jb21cL2FwaVwvYXV0aFwvbG9naW4iLCJpYXQiOjE2NzY1MjY2NDQsImV4cCI6MTY3NjUzMDI0NCwibmJmIjoxNjc2NTI2NjQ0LCJqdGkiOiJNNkFlT3lPckVKMm0xdGh2Iiwic3ViIjoyLCJwcnYiOiIyM2JkNWM4OTQ5ZjYwMGFkYjM5ZTcwMWM0MDA4NzJkYjdhNTk3NmY3Iiwicm9sZSI6InVzZXIifQ.fuG_aEbZ6OvgdZ0zlp593Rp3-cGZfPJUfzqTzLE9wZA',
  'userid' => '2',
)  
[2023-02-16 14:02:25] local.INFO: 2222222222222  
[2023-02-16 14:02:25] local.INFO: array (
  'code' => 0,
  'message' => '操作成功',
  'data' => 
  array (
    'user' => 
    array (
      'id' => 2,
      'name' => '管理员',
      'email' => '2574522520@qq.com',
      'desc' => 'icat',
      'mobile' => '17091952061',
      'area' => '["辽宁省","大连市","甘井子区"]',
      'address' => '凌海路1号',
      'isopen' => true,
      'type' => 'admin',
      'preferences' => NULL,
      'member_id' => 5,
      'orgnization_id' => NULL,
      'created_at' => '2017-06-17 09:07:35',
      'updated_at' => '2022-11-23 15:39:59',
      'deleted_at' => NULL,
    ),
    'token' => 'eyJ0eXAiOiJKV1QiLCJhbGciOiJIUzI1NiJ9.eyJpc3MiOiJodHRwOlwvXC93ZWNoYXQuY29tXC9hcGlcL2F1dGhcL2xvZ2luLWJ5LXN5c3RlbSIsImlhdCI6MTY3NjUyNzM0NSwiZXhwIjoxNjc2NTMwOTQ1LCJuYmYiOjE2NzY1MjczNDUsImp0aSI6InZTZXNMeW5DSjB3MVlkY3giLCJzdWIiOjIsInBydiI6IjIzYmQ1Yzg5NDlmNjAwYWRiMzllNzAxYzQwMDg3MmRiN2E1OTc2ZjciLCJyb2xlIjoidXNlciJ9.eNN2bh9sLnQ6HRKM6Gvb4x9nBUTxnreT6YTtS8TySrc',
  ),
)  
[2023-02-16 14:03:45] local.INFO: 00000000000000  
[2023-02-16 14:03:45] local.INFO: 'eyJ0eXAiOiJKV1QiLCJhbGciOiJIUzI1NiJ9.eyJpc3MiOiJodHRwOlwvXC93bWhiLm1pcy5jb21cL2FwaVwvYXV0aFwvbG9naW4iLCJpYXQiOjE2NzY1MjY2NDQsImV4cCI6MTY3NjUzMDI0NCwibmJmIjoxNjc2NTI2NjQ0LCJqdGkiOiJNNkFlT3lPckVKMm0xdGh2Iiwic3ViIjoyLCJwcnYiOiIyM2JkNWM4OTQ5ZjYwMGFkYjM5ZTcwMWM0MDA4NzJkYjdhNTk3NmY3Iiwicm9sZSI6InVzZXIifQ.fuG_aEbZ6OvgdZ0zlp593Rp3-cGZfPJUfzqTzLE9wZA'  
[2023-02-16 14:03:45] local.INFO: '2'  
[2023-02-16 14:03:45] local.INFO: 'http://wechat.com/api/auth/login-by-system'  
[2023-02-16 14:03:45] local.INFO: 111111111111  
[2023-02-16 14:03:45] local.INFO: array (
  'type' => 'x-www-form-urlencoded',
  'system_token' => 'eyJ0eXAiOiJKV1QiLCJhbGciOiJIUzI1NiJ9.eyJpc3MiOiJodHRwOlwvXC93bWhiLm1pcy5jb21cL2FwaVwvYXV0aFwvbG9naW4iLCJpYXQiOjE2NzY1MjY2NDQsImV4cCI6MTY3NjUzMDI0NCwibmJmIjoxNjc2NTI2NjQ0LCJqdGkiOiJNNkFlT3lPckVKMm0xdGh2Iiwic3ViIjoyLCJwcnYiOiIyM2JkNWM4OTQ5ZjYwMGFkYjM5ZTcwMWM0MDA4NzJkYjdhNTk3NmY3Iiwicm9sZSI6InVzZXIifQ.fuG_aEbZ6OvgdZ0zlp593Rp3-cGZfPJUfzqTzLE9wZA',
  'userid' => '2',
)  
[2023-02-16 14:03:45] local.INFO: 2222222222222  
[2023-02-16 14:03:45] local.INFO: array (
  'code' => 0,
  'message' => '操作成功',
  'data' => 
  array (
    'user' => 
    array (
      'id' => 2,
      'name' => '管理员',
      'email' => '2574522520@qq.com',
      'desc' => 'icat',
      'mobile' => '17091952061',
      'area' => '["辽宁省","大连市","甘井子区"]',
      'address' => '凌海路1号',
      'isopen' => true,
      'type' => 'admin',
      'preferences' => NULL,
      'member_id' => 5,
      'orgnization_id' => NULL,
      'created_at' => '2017-06-17 09:07:35',
      'updated_at' => '2022-11-23 15:39:59',
      'deleted_at' => NULL,
    ),
    'token' => 'eyJ0eXAiOiJKV1QiLCJhbGciOiJIUzI1NiJ9.eyJpc3MiOiJodHRwOlwvXC93ZWNoYXQuY29tXC9hcGlcL2F1dGhcL2xvZ2luLWJ5LXN5c3RlbSIsImlhdCI6MTY3NjUyNzQyNSwiZXhwIjoxNjc2NTMxMDI1LCJuYmYiOjE2NzY1Mjc0MjUsImp0aSI6Ijc0cGxtWmFtMlBYem5CbGkiLCJzdWIiOjIsInBydiI6IjIzYmQ1Yzg5NDlmNjAwYWRiMzllNzAxYzQwMDg3MmRiN2E1OTc2ZjciLCJyb2xlIjoidXNlciJ9.dt3CmknDh4O8UhBtPrazhp0zfr9xKbzyuUdMl5fkDTg',
  ),
)  
