[2022-12-09 00:34:33] local.ERROR: App\Jobs\AlarmDataJob has been attempted too many times or run too long. The job may have previously timed out. {"exception":"[object] (Illuminate\\Queue\\MaxAttemptsExceededException(code: 0): App\\Jobs\\AlarmDataJob has been attempted too many times or run too long. The job may have previously timed out. at /www/wwwroot/mis/sass/vendor/laravel/framework/src/Illuminate/Queue/Worker.php:750)
[stacktrace]
#0 /www/wwwroot/mis/sass/vendor/laravel/framework/src/Illuminate/Queue/Worker.php(504): Illuminate\\Queue\\Worker->maxAttemptsExceededException()
#1 /www/wwwroot/mis/sass/vendor/laravel/framework/src/Illuminate/Queue/Worker.php(418): Illuminate\\Queue\\Worker->markJobAsFailedIfAlreadyExceedsMaxAttempts()
#2 /www/wwwroot/mis/sass/vendor/laravel/framework/src/Illuminate/Queue/Worker.php(378): Illuminate\\Queue\\Worker->process()
#3 /www/wwwroot/mis/sass/vendor/laravel/framework/src/Illuminate/Queue/Worker.php(172): Illuminate\\Queue\\Worker->runJob()
#4 /www/wwwroot/mis/sass/vendor/laravel/framework/src/Illuminate/Queue/Console/WorkCommand.php(117): Illuminate\\Queue\\Worker->daemon()
#5 /www/wwwroot/mis/sass/vendor/laravel/framework/src/Illuminate/Queue/Console/WorkCommand.php(101): Illuminate\\Queue\\Console\\WorkCommand->runWorker()
#6 /www/wwwroot/mis/sass/vendor/laravel/framework/src/Illuminate/Container/BoundMethod.php(36): Illuminate\\Queue\\Console\\WorkCommand->handle()
#7 /www/wwwroot/mis/sass/vendor/laravel/framework/src/Illuminate/Container/Util.php(40): Illuminate\\Container\\BoundMethod::Illuminate\\Container\\{closure}()
#8 /www/wwwroot/mis/sass/vendor/laravel/framework/src/Illuminate/Container/BoundMethod.php(93): Illuminate\\Container\\Util::unwrapIfClosure()
#9 /www/wwwroot/mis/sass/vendor/laravel/framework/src/Illuminate/Container/BoundMethod.php(37): Illuminate\\Container\\BoundMethod::callBoundMethod()
#10 /www/wwwroot/mis/sass/vendor/laravel/framework/src/Illuminate/Container/Container.php(653): Illuminate\\Container\\BoundMethod::call()
#11 /www/wwwroot/mis/sass/vendor/laravel/framework/src/Illuminate/Console/Command.php(136): Illuminate\\Container\\Container->call()
#12 /www/wwwroot/mis/sass/vendor/symfony/console/Command/Command.php(298): Illuminate\\Console\\Command->execute()
#13 /www/wwwroot/mis/sass/vendor/laravel/framework/src/Illuminate/Console/Command.php(121): Symfony\\Component\\Console\\Command\\Command->run()
#14 /www/wwwroot/mis/sass/vendor/symfony/console/Application.php(1028): Illuminate\\Console\\Command->run()
#15 /www/wwwroot/mis/sass/vendor/symfony/console/Application.php(299): Symfony\\Component\\Console\\Application->doRunCommand()
#16 /www/wwwroot/mis/sass/vendor/symfony/console/Application.php(171): Symfony\\Component\\Console\\Application->doRun()
#17 /www/wwwroot/mis/sass/vendor/laravel/framework/src/Illuminate/Console/Application.php(94): Symfony\\Component\\Console\\Application->run()
#18 /www/wwwroot/mis/sass/vendor/laravel/framework/src/Illuminate/Foundation/Console/Kernel.php(129): Illuminate\\Console\\Application->run()
#19 /www/wwwroot/mis/sass/artisan(37): Illuminate\\Foundation\\Console\\Kernel->handle()
#20 {main}
"} 
[2022-12-09 01:26:33] local.ERROR: App\Jobs\AlarmDataJob has been attempted too many times or run too long. The job may have previously timed out. {"exception":"[object] (Illuminate\\Queue\\MaxAttemptsExceededException(code: 0): App\\Jobs\\AlarmDataJob has been attempted too many times or run too long. The job may have previously timed out. at /www/wwwroot/mis/sass/vendor/laravel/framework/src/Illuminate/Queue/Worker.php:750)
[stacktrace]
#0 /www/wwwroot/mis/sass/vendor/laravel/framework/src/Illuminate/Queue/Worker.php(504): Illuminate\\Queue\\Worker->maxAttemptsExceededException()
#1 /www/wwwroot/mis/sass/vendor/laravel/framework/src/Illuminate/Queue/Worker.php(418): Illuminate\\Queue\\Worker->markJobAsFailedIfAlreadyExceedsMaxAttempts()
#2 /www/wwwroot/mis/sass/vendor/laravel/framework/src/Illuminate/Queue/Worker.php(378): Illuminate\\Queue\\Worker->process()
#3 /www/wwwroot/mis/sass/vendor/laravel/framework/src/Illuminate/Queue/Worker.php(172): Illuminate\\Queue\\Worker->runJob()
#4 /www/wwwroot/mis/sass/vendor/laravel/framework/src/Illuminate/Queue/Console/WorkCommand.php(117): Illuminate\\Queue\\Worker->daemon()
#5 /www/wwwroot/mis/sass/vendor/laravel/framework/src/Illuminate/Queue/Console/WorkCommand.php(101): Illuminate\\Queue\\Console\\WorkCommand->runWorker()
#6 /www/wwwroot/mis/sass/vendor/laravel/framework/src/Illuminate/Container/BoundMethod.php(36): Illuminate\\Queue\\Console\\WorkCommand->handle()
#7 /www/wwwroot/mis/sass/vendor/laravel/framework/src/Illuminate/Container/Util.php(40): Illuminate\\Container\\BoundMethod::Illuminate\\Container\\{closure}()
#8 /www/wwwroot/mis/sass/vendor/laravel/framework/src/Illuminate/Container/BoundMethod.php(93): Illuminate\\Container\\Util::unwrapIfClosure()
#9 /www/wwwroot/mis/sass/vendor/laravel/framework/src/Illuminate/Container/BoundMethod.php(37): Illuminate\\Container\\BoundMethod::callBoundMethod()
#10 /www/wwwroot/mis/sass/vendor/laravel/framework/src/Illuminate/Container/Container.php(653): Illuminate\\Container\\BoundMethod::call()
#11 /www/wwwroot/mis/sass/vendor/laravel/framework/src/Illuminate/Console/Command.php(136): Illuminate\\Container\\Container->call()
#12 /www/wwwroot/mis/sass/vendor/symfony/console/Command/Command.php(298): Illuminate\\Console\\Command->execute()
#13 /www/wwwroot/mis/sass/vendor/laravel/framework/src/Illuminate/Console/Command.php(121): Symfony\\Component\\Console\\Command\\Command->run()
#14 /www/wwwroot/mis/sass/vendor/symfony/console/Application.php(1028): Illuminate\\Console\\Command->run()
#15 /www/wwwroot/mis/sass/vendor/symfony/console/Application.php(299): Symfony\\Component\\Console\\Application->doRunCommand()
#16 /www/wwwroot/mis/sass/vendor/symfony/console/Application.php(171): Symfony\\Component\\Console\\Application->doRun()
#17 /www/wwwroot/mis/sass/vendor/laravel/framework/src/Illuminate/Console/Application.php(94): Symfony\\Component\\Console\\Application->run()
#18 /www/wwwroot/mis/sass/vendor/laravel/framework/src/Illuminate/Foundation/Console/Kernel.php(129): Illuminate\\Console\\Application->run()
#19 /www/wwwroot/mis/sass/artisan(37): Illuminate\\Foundation\\Console\\Kernel->handle()
#20 {main}
"} 
[2022-12-09 01:26:33] local.ERROR: App\Jobs\AlarmDataJob has been attempted too many times or run too long. The job may have previously timed out. {"exception":"[object] (Illuminate\\Queue\\MaxAttemptsExceededException(code: 0): App\\Jobs\\AlarmDataJob has been attempted too many times or run too long. The job may have previously timed out. at /www/wwwroot/mis/sass/vendor/laravel/framework/src/Illuminate/Queue/Worker.php:750)
[stacktrace]
#0 /www/wwwroot/mis/sass/vendor/laravel/framework/src/Illuminate/Queue/Worker.php(504): Illuminate\\Queue\\Worker->maxAttemptsExceededException()
#1 /www/wwwroot/mis/sass/vendor/laravel/framework/src/Illuminate/Queue/Worker.php(418): Illuminate\\Queue\\Worker->markJobAsFailedIfAlreadyExceedsMaxAttempts()
#2 /www/wwwroot/mis/sass/vendor/laravel/framework/src/Illuminate/Queue/Worker.php(378): Illuminate\\Queue\\Worker->process()
#3 /www/wwwroot/mis/sass/vendor/laravel/framework/src/Illuminate/Queue/Worker.php(172): Illuminate\\Queue\\Worker->runJob()
#4 /www/wwwroot/mis/sass/vendor/laravel/framework/src/Illuminate/Queue/Console/WorkCommand.php(117): Illuminate\\Queue\\Worker->daemon()
#5 /www/wwwroot/mis/sass/vendor/laravel/framework/src/Illuminate/Queue/Console/WorkCommand.php(101): Illuminate\\Queue\\Console\\WorkCommand->runWorker()
#6 /www/wwwroot/mis/sass/vendor/laravel/framework/src/Illuminate/Container/BoundMethod.php(36): Illuminate\\Queue\\Console\\WorkCommand->handle()
#7 /www/wwwroot/mis/sass/vendor/laravel/framework/src/Illuminate/Container/Util.php(40): Illuminate\\Container\\BoundMethod::Illuminate\\Container\\{closure}()
#8 /www/wwwroot/mis/sass/vendor/laravel/framework/src/Illuminate/Container/BoundMethod.php(93): Illuminate\\Container\\Util::unwrapIfClosure()
#9 /www/wwwroot/mis/sass/vendor/laravel/framework/src/Illuminate/Container/BoundMethod.php(37): Illuminate\\Container\\BoundMethod::callBoundMethod()
#10 /www/wwwroot/mis/sass/vendor/laravel/framework/src/Illuminate/Container/Container.php(653): Illuminate\\Container\\BoundMethod::call()
#11 /www/wwwroot/mis/sass/vendor/laravel/framework/src/Illuminate/Console/Command.php(136): Illuminate\\Container\\Container->call()
#12 /www/wwwroot/mis/sass/vendor/symfony/console/Command/Command.php(298): Illuminate\\Console\\Command->execute()
#13 /www/wwwroot/mis/sass/vendor/laravel/framework/src/Illuminate/Console/Command.php(121): Symfony\\Component\\Console\\Command\\Command->run()
#14 /www/wwwroot/mis/sass/vendor/symfony/console/Application.php(1028): Illuminate\\Console\\Command->run()
#15 /www/wwwroot/mis/sass/vendor/symfony/console/Application.php(299): Symfony\\Component\\Console\\Application->doRunCommand()
#16 /www/wwwroot/mis/sass/vendor/symfony/console/Application.php(171): Symfony\\Component\\Console\\Application->doRun()
#17 /www/wwwroot/mis/sass/vendor/laravel/framework/src/Illuminate/Console/Application.php(94): Symfony\\Component\\Console\\Application->run()
#18 /www/wwwroot/mis/sass/vendor/laravel/framework/src/Illuminate/Foundation/Console/Kernel.php(129): Illuminate\\Console\\Application->run()
#19 /www/wwwroot/mis/sass/artisan(37): Illuminate\\Foundation\\Console\\Kernel->handle()
#20 {main}
"} 
[2022-12-09 01:27:33] local.ERROR: App\Jobs\AlarmDataJob has been attempted too many times or run too long. The job may have previously timed out. {"exception":"[object] (Illuminate\\Queue\\MaxAttemptsExceededException(code: 0): App\\Jobs\\AlarmDataJob has been attempted too many times or run too long. The job may have previously timed out. at /www/wwwroot/mis/sass/vendor/laravel/framework/src/Illuminate/Queue/Worker.php:750)
[stacktrace]
#0 /www/wwwroot/mis/sass/vendor/laravel/framework/src/Illuminate/Queue/Worker.php(504): Illuminate\\Queue\\Worker->maxAttemptsExceededException()
#1 /www/wwwroot/mis/sass/vendor/laravel/framework/src/Illuminate/Queue/Worker.php(418): Illuminate\\Queue\\Worker->markJobAsFailedIfAlreadyExceedsMaxAttempts()
#2 /www/wwwroot/mis/sass/vendor/laravel/framework/src/Illuminate/Queue/Worker.php(378): Illuminate\\Queue\\Worker->process()
#3 /www/wwwroot/mis/sass/vendor/laravel/framework/src/Illuminate/Queue/Worker.php(172): Illuminate\\Queue\\Worker->runJob()
#4 /www/wwwroot/mis/sass/vendor/laravel/framework/src/Illuminate/Queue/Console/WorkCommand.php(117): Illuminate\\Queue\\Worker->daemon()
#5 /www/wwwroot/mis/sass/vendor/laravel/framework/src/Illuminate/Queue/Console/WorkCommand.php(101): Illuminate\\Queue\\Console\\WorkCommand->runWorker()
#6 /www/wwwroot/mis/sass/vendor/laravel/framework/src/Illuminate/Container/BoundMethod.php(36): Illuminate\\Queue\\Console\\WorkCommand->handle()
#7 /www/wwwroot/mis/sass/vendor/laravel/framework/src/Illuminate/Container/Util.php(40): Illuminate\\Container\\BoundMethod::Illuminate\\Container\\{closure}()
#8 /www/wwwroot/mis/sass/vendor/laravel/framework/src/Illuminate/Container/BoundMethod.php(93): Illuminate\\Container\\Util::unwrapIfClosure()
#9 /www/wwwroot/mis/sass/vendor/laravel/framework/src/Illuminate/Container/BoundMethod.php(37): Illuminate\\Container\\BoundMethod::callBoundMethod()
#10 /www/wwwroot/mis/sass/vendor/laravel/framework/src/Illuminate/Container/Container.php(653): Illuminate\\Container\\BoundMethod::call()
#11 /www/wwwroot/mis/sass/vendor/laravel/framework/src/Illuminate/Console/Command.php(136): Illuminate\\Container\\Container->call()
#12 /www/wwwroot/mis/sass/vendor/symfony/console/Command/Command.php(298): Illuminate\\Console\\Command->execute()
#13 /www/wwwroot/mis/sass/vendor/laravel/framework/src/Illuminate/Console/Command.php(121): Symfony\\Component\\Console\\Command\\Command->run()
#14 /www/wwwroot/mis/sass/vendor/symfony/console/Application.php(1028): Illuminate\\Console\\Command->run()
#15 /www/wwwroot/mis/sass/vendor/symfony/console/Application.php(299): Symfony\\Component\\Console\\Application->doRunCommand()
#16 /www/wwwroot/mis/sass/vendor/symfony/console/Application.php(171): Symfony\\Component\\Console\\Application->doRun()
#17 /www/wwwroot/mis/sass/vendor/laravel/framework/src/Illuminate/Console/Application.php(94): Symfony\\Component\\Console\\Application->run()
#18 /www/wwwroot/mis/sass/vendor/laravel/framework/src/Illuminate/Foundation/Console/Kernel.php(129): Illuminate\\Console\\Application->run()
#19 /www/wwwroot/mis/sass/artisan(37): Illuminate\\Foundation\\Console\\Kernel->handle()
#20 {main}
"} 
[2022-12-09 02:52:34] local.ERROR: App\Jobs\AlarmDataJob has been attempted too many times or run too long. The job may have previously timed out. {"exception":"[object] (Illuminate\\Queue\\MaxAttemptsExceededException(code: 0): App\\Jobs\\AlarmDataJob has been attempted too many times or run too long. The job may have previously timed out. at /www/wwwroot/mis/sass/vendor/laravel/framework/src/Illuminate/Queue/Worker.php:750)
[stacktrace]
#0 /www/wwwroot/mis/sass/vendor/laravel/framework/src/Illuminate/Queue/Worker.php(504): Illuminate\\Queue\\Worker->maxAttemptsExceededException()
#1 /www/wwwroot/mis/sass/vendor/laravel/framework/src/Illuminate/Queue/Worker.php(418): Illuminate\\Queue\\Worker->markJobAsFailedIfAlreadyExceedsMaxAttempts()
#2 /www/wwwroot/mis/sass/vendor/laravel/framework/src/Illuminate/Queue/Worker.php(378): Illuminate\\Queue\\Worker->process()
#3 /www/wwwroot/mis/sass/vendor/laravel/framework/src/Illuminate/Queue/Worker.php(172): Illuminate\\Queue\\Worker->runJob()
#4 /www/wwwroot/mis/sass/vendor/laravel/framework/src/Illuminate/Queue/Console/WorkCommand.php(117): Illuminate\\Queue\\Worker->daemon()
#5 /www/wwwroot/mis/sass/vendor/laravel/framework/src/Illuminate/Queue/Console/WorkCommand.php(101): Illuminate\\Queue\\Console\\WorkCommand->runWorker()
#6 /www/wwwroot/mis/sass/vendor/laravel/framework/src/Illuminate/Container/BoundMethod.php(36): Illuminate\\Queue\\Console\\WorkCommand->handle()
#7 /www/wwwroot/mis/sass/vendor/laravel/framework/src/Illuminate/Container/Util.php(40): Illuminate\\Container\\BoundMethod::Illuminate\\Container\\{closure}()
#8 /www/wwwroot/mis/sass/vendor/laravel/framework/src/Illuminate/Container/BoundMethod.php(93): Illuminate\\Container\\Util::unwrapIfClosure()
#9 /www/wwwroot/mis/sass/vendor/laravel/framework/src/Illuminate/Container/BoundMethod.php(37): Illuminate\\Container\\BoundMethod::callBoundMethod()
#10 /www/wwwroot/mis/sass/vendor/laravel/framework/src/Illuminate/Container/Container.php(653): Illuminate\\Container\\BoundMethod::call()
#11 /www/wwwroot/mis/sass/vendor/laravel/framework/src/Illuminate/Console/Command.php(136): Illuminate\\Container\\Container->call()
#12 /www/wwwroot/mis/sass/vendor/symfony/console/Command/Command.php(298): Illuminate\\Console\\Command->execute()
#13 /www/wwwroot/mis/sass/vendor/laravel/framework/src/Illuminate/Console/Command.php(121): Symfony\\Component\\Console\\Command\\Command->run()
#14 /www/wwwroot/mis/sass/vendor/symfony/console/Application.php(1028): Illuminate\\Console\\Command->run()
#15 /www/wwwroot/mis/sass/vendor/symfony/console/Application.php(299): Symfony\\Component\\Console\\Application->doRunCommand()
#16 /www/wwwroot/mis/sass/vendor/symfony/console/Application.php(171): Symfony\\Component\\Console\\Application->doRun()
#17 /www/wwwroot/mis/sass/vendor/laravel/framework/src/Illuminate/Console/Application.php(94): Symfony\\Component\\Console\\Application->run()
#18 /www/wwwroot/mis/sass/vendor/laravel/framework/src/Illuminate/Foundation/Console/Kernel.php(129): Illuminate\\Console\\Application->run()
#19 /www/wwwroot/mis/sass/artisan(37): Illuminate\\Foundation\\Console\\Kernel->handle()
#20 {main}
"} 
[2022-12-09 02:52:34] local.ERROR: App\Jobs\AlarmDataJob has been attempted too many times or run too long. The job may have previously timed out. {"exception":"[object] (Illuminate\\Queue\\MaxAttemptsExceededException(code: 0): App\\Jobs\\AlarmDataJob has been attempted too many times or run too long. The job may have previously timed out. at /www/wwwroot/mis/sass/vendor/laravel/framework/src/Illuminate/Queue/Worker.php:750)
[stacktrace]
#0 /www/wwwroot/mis/sass/vendor/laravel/framework/src/Illuminate/Queue/Worker.php(504): Illuminate\\Queue\\Worker->maxAttemptsExceededException()
#1 /www/wwwroot/mis/sass/vendor/laravel/framework/src/Illuminate/Queue/Worker.php(418): Illuminate\\Queue\\Worker->markJobAsFailedIfAlreadyExceedsMaxAttempts()
#2 /www/wwwroot/mis/sass/vendor/laravel/framework/src/Illuminate/Queue/Worker.php(378): Illuminate\\Queue\\Worker->process()
#3 /www/wwwroot/mis/sass/vendor/laravel/framework/src/Illuminate/Queue/Worker.php(172): Illuminate\\Queue\\Worker->runJob()
#4 /www/wwwroot/mis/sass/vendor/laravel/framework/src/Illuminate/Queue/Console/WorkCommand.php(117): Illuminate\\Queue\\Worker->daemon()
#5 /www/wwwroot/mis/sass/vendor/laravel/framework/src/Illuminate/Queue/Console/WorkCommand.php(101): Illuminate\\Queue\\Console\\WorkCommand->runWorker()
#6 /www/wwwroot/mis/sass/vendor/laravel/framework/src/Illuminate/Container/BoundMethod.php(36): Illuminate\\Queue\\Console\\WorkCommand->handle()
#7 /www/wwwroot/mis/sass/vendor/laravel/framework/src/Illuminate/Container/Util.php(40): Illuminate\\Container\\BoundMethod::Illuminate\\Container\\{closure}()
#8 /www/wwwroot/mis/sass/vendor/laravel/framework/src/Illuminate/Container/BoundMethod.php(93): Illuminate\\Container\\Util::unwrapIfClosure()
#9 /www/wwwroot/mis/sass/vendor/laravel/framework/src/Illuminate/Container/BoundMethod.php(37): Illuminate\\Container\\BoundMethod::callBoundMethod()
#10 /www/wwwroot/mis/sass/vendor/laravel/framework/src/Illuminate/Container/Container.php(653): Illuminate\\Container\\BoundMethod::call()
#11 /www/wwwroot/mis/sass/vendor/laravel/framework/src/Illuminate/Console/Command.php(136): Illuminate\\Container\\Container->call()
#12 /www/wwwroot/mis/sass/vendor/symfony/console/Command/Command.php(298): Illuminate\\Console\\Command->execute()
#13 /www/wwwroot/mis/sass/vendor/laravel/framework/src/Illuminate/Console/Command.php(121): Symfony\\Component\\Console\\Command\\Command->run()
#14 /www/wwwroot/mis/sass/vendor/symfony/console/Application.php(1028): Illuminate\\Console\\Command->run()
#15 /www/wwwroot/mis/sass/vendor/symfony/console/Application.php(299): Symfony\\Component\\Console\\Application->doRunCommand()
#16 /www/wwwroot/mis/sass/vendor/symfony/console/Application.php(171): Symfony\\Component\\Console\\Application->doRun()
#17 /www/wwwroot/mis/sass/vendor/laravel/framework/src/Illuminate/Console/Application.php(94): Symfony\\Component\\Console\\Application->run()
#18 /www/wwwroot/mis/sass/vendor/laravel/framework/src/Illuminate/Foundation/Console/Kernel.php(129): Illuminate\\Console\\Application->run()
#19 /www/wwwroot/mis/sass/artisan(37): Illuminate\\Foundation\\Console\\Kernel->handle()
#20 {main}
"} 
[2022-12-09 03:24:31] local.ERROR: App\Jobs\AlarmDataJob has been attempted too many times or run too long. The job may have previously timed out. {"exception":"[object] (Illuminate\\Queue\\MaxAttemptsExceededException(code: 0): App\\Jobs\\AlarmDataJob has been attempted too many times or run too long. The job may have previously timed out. at /www/wwwroot/mis/sass/vendor/laravel/framework/src/Illuminate/Queue/Worker.php:750)
[stacktrace]
#0 /www/wwwroot/mis/sass/vendor/laravel/framework/src/Illuminate/Queue/Worker.php(504): Illuminate\\Queue\\Worker->maxAttemptsExceededException()
#1 /www/wwwroot/mis/sass/vendor/laravel/framework/src/Illuminate/Queue/Worker.php(418): Illuminate\\Queue\\Worker->markJobAsFailedIfAlreadyExceedsMaxAttempts()
#2 /www/wwwroot/mis/sass/vendor/laravel/framework/src/Illuminate/Queue/Worker.php(378): Illuminate\\Queue\\Worker->process()
#3 /www/wwwroot/mis/sass/vendor/laravel/framework/src/Illuminate/Queue/Worker.php(172): Illuminate\\Queue\\Worker->runJob()
#4 /www/wwwroot/mis/sass/vendor/laravel/framework/src/Illuminate/Queue/Console/WorkCommand.php(117): Illuminate\\Queue\\Worker->daemon()
#5 /www/wwwroot/mis/sass/vendor/laravel/framework/src/Illuminate/Queue/Console/WorkCommand.php(101): Illuminate\\Queue\\Console\\WorkCommand->runWorker()
#6 /www/wwwroot/mis/sass/vendor/laravel/framework/src/Illuminate/Container/BoundMethod.php(36): Illuminate\\Queue\\Console\\WorkCommand->handle()
#7 /www/wwwroot/mis/sass/vendor/laravel/framework/src/Illuminate/Container/Util.php(40): Illuminate\\Container\\BoundMethod::Illuminate\\Container\\{closure}()
#8 /www/wwwroot/mis/sass/vendor/laravel/framework/src/Illuminate/Container/BoundMethod.php(93): Illuminate\\Container\\Util::unwrapIfClosure()
#9 /www/wwwroot/mis/sass/vendor/laravel/framework/src/Illuminate/Container/BoundMethod.php(37): Illuminate\\Container\\BoundMethod::callBoundMethod()
#10 /www/wwwroot/mis/sass/vendor/laravel/framework/src/Illuminate/Container/Container.php(653): Illuminate\\Container\\BoundMethod::call()
#11 /www/wwwroot/mis/sass/vendor/laravel/framework/src/Illuminate/Console/Command.php(136): Illuminate\\Container\\Container->call()
#12 /www/wwwroot/mis/sass/vendor/symfony/console/Command/Command.php(298): Illuminate\\Console\\Command->execute()
#13 /www/wwwroot/mis/sass/vendor/laravel/framework/src/Illuminate/Console/Command.php(121): Symfony\\Component\\Console\\Command\\Command->run()
#14 /www/wwwroot/mis/sass/vendor/symfony/console/Application.php(1028): Illuminate\\Console\\Command->run()
#15 /www/wwwroot/mis/sass/vendor/symfony/console/Application.php(299): Symfony\\Component\\Console\\Application->doRunCommand()
#16 /www/wwwroot/mis/sass/vendor/symfony/console/Application.php(171): Symfony\\Component\\Console\\Application->doRun()
#17 /www/wwwroot/mis/sass/vendor/laravel/framework/src/Illuminate/Console/Application.php(94): Symfony\\Component\\Console\\Application->run()
#18 /www/wwwroot/mis/sass/vendor/laravel/framework/src/Illuminate/Foundation/Console/Kernel.php(129): Illuminate\\Console\\Application->run()
#19 /www/wwwroot/mis/sass/artisan(37): Illuminate\\Foundation\\Console\\Kernel->handle()
#20 {main}
"} 
[2022-12-09 04:14:34] local.ERROR: App\Jobs\AlarmDataJob has been attempted too many times or run too long. The job may have previously timed out. {"exception":"[object] (Illuminate\\Queue\\MaxAttemptsExceededException(code: 0): App\\Jobs\\AlarmDataJob has been attempted too many times or run too long. The job may have previously timed out. at /www/wwwroot/mis/sass/vendor/laravel/framework/src/Illuminate/Queue/Worker.php:750)
[stacktrace]
#0 /www/wwwroot/mis/sass/vendor/laravel/framework/src/Illuminate/Queue/Worker.php(504): Illuminate\\Queue\\Worker->maxAttemptsExceededException()
#1 /www/wwwroot/mis/sass/vendor/laravel/framework/src/Illuminate/Queue/Worker.php(418): Illuminate\\Queue\\Worker->markJobAsFailedIfAlreadyExceedsMaxAttempts()
#2 /www/wwwroot/mis/sass/vendor/laravel/framework/src/Illuminate/Queue/Worker.php(378): Illuminate\\Queue\\Worker->process()
#3 /www/wwwroot/mis/sass/vendor/laravel/framework/src/Illuminate/Queue/Worker.php(172): Illuminate\\Queue\\Worker->runJob()
#4 /www/wwwroot/mis/sass/vendor/laravel/framework/src/Illuminate/Queue/Console/WorkCommand.php(117): Illuminate\\Queue\\Worker->daemon()
#5 /www/wwwroot/mis/sass/vendor/laravel/framework/src/Illuminate/Queue/Console/WorkCommand.php(101): Illuminate\\Queue\\Console\\WorkCommand->runWorker()
#6 /www/wwwroot/mis/sass/vendor/laravel/framework/src/Illuminate/Container/BoundMethod.php(36): Illuminate\\Queue\\Console\\WorkCommand->handle()
#7 /www/wwwroot/mis/sass/vendor/laravel/framework/src/Illuminate/Container/Util.php(40): Illuminate\\Container\\BoundMethod::Illuminate\\Container\\{closure}()
#8 /www/wwwroot/mis/sass/vendor/laravel/framework/src/Illuminate/Container/BoundMethod.php(93): Illuminate\\Container\\Util::unwrapIfClosure()
#9 /www/wwwroot/mis/sass/vendor/laravel/framework/src/Illuminate/Container/BoundMethod.php(37): Illuminate\\Container\\BoundMethod::callBoundMethod()
#10 /www/wwwroot/mis/sass/vendor/laravel/framework/src/Illuminate/Container/Container.php(653): Illuminate\\Container\\BoundMethod::call()
#11 /www/wwwroot/mis/sass/vendor/laravel/framework/src/Illuminate/Console/Command.php(136): Illuminate\\Container\\Container->call()
#12 /www/wwwroot/mis/sass/vendor/symfony/console/Command/Command.php(298): Illuminate\\Console\\Command->execute()
#13 /www/wwwroot/mis/sass/vendor/laravel/framework/src/Illuminate/Console/Command.php(121): Symfony\\Component\\Console\\Command\\Command->run()
#14 /www/wwwroot/mis/sass/vendor/symfony/console/Application.php(1028): Illuminate\\Console\\Command->run()
#15 /www/wwwroot/mis/sass/vendor/symfony/console/Application.php(299): Symfony\\Component\\Console\\Application->doRunCommand()
#16 /www/wwwroot/mis/sass/vendor/symfony/console/Application.php(171): Symfony\\Component\\Console\\Application->doRun()
#17 /www/wwwroot/mis/sass/vendor/laravel/framework/src/Illuminate/Console/Application.php(94): Symfony\\Component\\Console\\Application->run()
#18 /www/wwwroot/mis/sass/vendor/laravel/framework/src/Illuminate/Foundation/Console/Kernel.php(129): Illuminate\\Console\\Application->run()
#19 /www/wwwroot/mis/sass/artisan(37): Illuminate\\Foundation\\Console\\Kernel->handle()
#20 {main}
"} 
[2022-12-09 04:40:32] local.ERROR: App\Jobs\AlarmDataJob has been attempted too many times or run too long. The job may have previously timed out. {"exception":"[object] (Illuminate\\Queue\\MaxAttemptsExceededException(code: 0): App\\Jobs\\AlarmDataJob has been attempted too many times or run too long. The job may have previously timed out. at /www/wwwroot/mis/sass/vendor/laravel/framework/src/Illuminate/Queue/Worker.php:750)
[stacktrace]
#0 /www/wwwroot/mis/sass/vendor/laravel/framework/src/Illuminate/Queue/Worker.php(504): Illuminate\\Queue\\Worker->maxAttemptsExceededException()
#1 /www/wwwroot/mis/sass/vendor/laravel/framework/src/Illuminate/Queue/Worker.php(418): Illuminate\\Queue\\Worker->markJobAsFailedIfAlreadyExceedsMaxAttempts()
#2 /www/wwwroot/mis/sass/vendor/laravel/framework/src/Illuminate/Queue/Worker.php(378): Illuminate\\Queue\\Worker->process()
#3 /www/wwwroot/mis/sass/vendor/laravel/framework/src/Illuminate/Queue/Worker.php(172): Illuminate\\Queue\\Worker->runJob()
#4 /www/wwwroot/mis/sass/vendor/laravel/framework/src/Illuminate/Queue/Console/WorkCommand.php(117): Illuminate\\Queue\\Worker->daemon()
#5 /www/wwwroot/mis/sass/vendor/laravel/framework/src/Illuminate/Queue/Console/WorkCommand.php(101): Illuminate\\Queue\\Console\\WorkCommand->runWorker()
#6 /www/wwwroot/mis/sass/vendor/laravel/framework/src/Illuminate/Container/BoundMethod.php(36): Illuminate\\Queue\\Console\\WorkCommand->handle()
#7 /www/wwwroot/mis/sass/vendor/laravel/framework/src/Illuminate/Container/Util.php(40): Illuminate\\Container\\BoundMethod::Illuminate\\Container\\{closure}()
#8 /www/wwwroot/mis/sass/vendor/laravel/framework/src/Illuminate/Container/BoundMethod.php(93): Illuminate\\Container\\Util::unwrapIfClosure()
#9 /www/wwwroot/mis/sass/vendor/laravel/framework/src/Illuminate/Container/BoundMethod.php(37): Illuminate\\Container\\BoundMethod::callBoundMethod()
#10 /www/wwwroot/mis/sass/vendor/laravel/framework/src/Illuminate/Container/Container.php(653): Illuminate\\Container\\BoundMethod::call()
#11 /www/wwwroot/mis/sass/vendor/laravel/framework/src/Illuminate/Console/Command.php(136): Illuminate\\Container\\Container->call()
#12 /www/wwwroot/mis/sass/vendor/symfony/console/Command/Command.php(298): Illuminate\\Console\\Command->execute()
#13 /www/wwwroot/mis/sass/vendor/laravel/framework/src/Illuminate/Console/Command.php(121): Symfony\\Component\\Console\\Command\\Command->run()
#14 /www/wwwroot/mis/sass/vendor/symfony/console/Application.php(1028): Illuminate\\Console\\Command->run()
#15 /www/wwwroot/mis/sass/vendor/symfony/console/Application.php(299): Symfony\\Component\\Console\\Application->doRunCommand()
#16 /www/wwwroot/mis/sass/vendor/symfony/console/Application.php(171): Symfony\\Component\\Console\\Application->doRun()
#17 /www/wwwroot/mis/sass/vendor/laravel/framework/src/Illuminate/Console/Application.php(94): Symfony\\Component\\Console\\Application->run()
#18 /www/wwwroot/mis/sass/vendor/laravel/framework/src/Illuminate/Foundation/Console/Kernel.php(129): Illuminate\\Console\\Application->run()
#19 /www/wwwroot/mis/sass/artisan(37): Illuminate\\Foundation\\Console\\Kernel->handle()
#20 {main}
"} 
[2022-12-09 04:49:32] local.ERROR: App\Jobs\AlarmDataJob has been attempted too many times or run too long. The job may have previously timed out. {"exception":"[object] (Illuminate\\Queue\\MaxAttemptsExceededException(code: 0): App\\Jobs\\AlarmDataJob has been attempted too many times or run too long. The job may have previously timed out. at /www/wwwroot/mis/sass/vendor/laravel/framework/src/Illuminate/Queue/Worker.php:750)
[stacktrace]
#0 /www/wwwroot/mis/sass/vendor/laravel/framework/src/Illuminate/Queue/Worker.php(504): Illuminate\\Queue\\Worker->maxAttemptsExceededException()
#1 /www/wwwroot/mis/sass/vendor/laravel/framework/src/Illuminate/Queue/Worker.php(418): Illuminate\\Queue\\Worker->markJobAsFailedIfAlreadyExceedsMaxAttempts()
#2 /www/wwwroot/mis/sass/vendor/laravel/framework/src/Illuminate/Queue/Worker.php(378): Illuminate\\Queue\\Worker->process()
#3 /www/wwwroot/mis/sass/vendor/laravel/framework/src/Illuminate/Queue/Worker.php(172): Illuminate\\Queue\\Worker->runJob()
#4 /www/wwwroot/mis/sass/vendor/laravel/framework/src/Illuminate/Queue/Console/WorkCommand.php(117): Illuminate\\Queue\\Worker->daemon()
#5 /www/wwwroot/mis/sass/vendor/laravel/framework/src/Illuminate/Queue/Console/WorkCommand.php(101): Illuminate\\Queue\\Console\\WorkCommand->runWorker()
#6 /www/wwwroot/mis/sass/vendor/laravel/framework/src/Illuminate/Container/BoundMethod.php(36): Illuminate\\Queue\\Console\\WorkCommand->handle()
#7 /www/wwwroot/mis/sass/vendor/laravel/framework/src/Illuminate/Container/Util.php(40): Illuminate\\Container\\BoundMethod::Illuminate\\Container\\{closure}()
#8 /www/wwwroot/mis/sass/vendor/laravel/framework/src/Illuminate/Container/BoundMethod.php(93): Illuminate\\Container\\Util::unwrapIfClosure()
#9 /www/wwwroot/mis/sass/vendor/laravel/framework/src/Illuminate/Container/BoundMethod.php(37): Illuminate\\Container\\BoundMethod::callBoundMethod()
#10 /www/wwwroot/mis/sass/vendor/laravel/framework/src/Illuminate/Container/Container.php(653): Illuminate\\Container\\BoundMethod::call()
#11 /www/wwwroot/mis/sass/vendor/laravel/framework/src/Illuminate/Console/Command.php(136): Illuminate\\Container\\Container->call()
#12 /www/wwwroot/mis/sass/vendor/symfony/console/Command/Command.php(298): Illuminate\\Console\\Command->execute()
#13 /www/wwwroot/mis/sass/vendor/laravel/framework/src/Illuminate/Console/Command.php(121): Symfony\\Component\\Console\\Command\\Command->run()
#14 /www/wwwroot/mis/sass/vendor/symfony/console/Application.php(1028): Illuminate\\Console\\Command->run()
#15 /www/wwwroot/mis/sass/vendor/symfony/console/Application.php(299): Symfony\\Component\\Console\\Application->doRunCommand()
#16 /www/wwwroot/mis/sass/vendor/symfony/console/Application.php(171): Symfony\\Component\\Console\\Application->doRun()
#17 /www/wwwroot/mis/sass/vendor/laravel/framework/src/Illuminate/Console/Application.php(94): Symfony\\Component\\Console\\Application->run()
#18 /www/wwwroot/mis/sass/vendor/laravel/framework/src/Illuminate/Foundation/Console/Kernel.php(129): Illuminate\\Console\\Application->run()
#19 /www/wwwroot/mis/sass/artisan(37): Illuminate\\Foundation\\Console\\Kernel->handle()
#20 {main}
"} 
[2022-12-09 05:12:31] local.ERROR: App\Jobs\AlarmDataJob has been attempted too many times or run too long. The job may have previously timed out. {"exception":"[object] (Illuminate\\Queue\\MaxAttemptsExceededException(code: 0): App\\Jobs\\AlarmDataJob has been attempted too many times or run too long. The job may have previously timed out. at /www/wwwroot/mis/sass/vendor/laravel/framework/src/Illuminate/Queue/Worker.php:750)
[stacktrace]
#0 /www/wwwroot/mis/sass/vendor/laravel/framework/src/Illuminate/Queue/Worker.php(504): Illuminate\\Queue\\Worker->maxAttemptsExceededException()
#1 /www/wwwroot/mis/sass/vendor/laravel/framework/src/Illuminate/Queue/Worker.php(418): Illuminate\\Queue\\Worker->markJobAsFailedIfAlreadyExceedsMaxAttempts()
#2 /www/wwwroot/mis/sass/vendor/laravel/framework/src/Illuminate/Queue/Worker.php(378): Illuminate\\Queue\\Worker->process()
#3 /www/wwwroot/mis/sass/vendor/laravel/framework/src/Illuminate/Queue/Worker.php(172): Illuminate\\Queue\\Worker->runJob()
#4 /www/wwwroot/mis/sass/vendor/laravel/framework/src/Illuminate/Queue/Console/WorkCommand.php(117): Illuminate\\Queue\\Worker->daemon()
#5 /www/wwwroot/mis/sass/vendor/laravel/framework/src/Illuminate/Queue/Console/WorkCommand.php(101): Illuminate\\Queue\\Console\\WorkCommand->runWorker()
#6 /www/wwwroot/mis/sass/vendor/laravel/framework/src/Illuminate/Container/BoundMethod.php(36): Illuminate\\Queue\\Console\\WorkCommand->handle()
#7 /www/wwwroot/mis/sass/vendor/laravel/framework/src/Illuminate/Container/Util.php(40): Illuminate\\Container\\BoundMethod::Illuminate\\Container\\{closure}()
#8 /www/wwwroot/mis/sass/vendor/laravel/framework/src/Illuminate/Container/BoundMethod.php(93): Illuminate\\Container\\Util::unwrapIfClosure()
#9 /www/wwwroot/mis/sass/vendor/laravel/framework/src/Illuminate/Container/BoundMethod.php(37): Illuminate\\Container\\BoundMethod::callBoundMethod()
#10 /www/wwwroot/mis/sass/vendor/laravel/framework/src/Illuminate/Container/Container.php(653): Illuminate\\Container\\BoundMethod::call()
#11 /www/wwwroot/mis/sass/vendor/laravel/framework/src/Illuminate/Console/Command.php(136): Illuminate\\Container\\Container->call()
#12 /www/wwwroot/mis/sass/vendor/symfony/console/Command/Command.php(298): Illuminate\\Console\\Command->execute()
#13 /www/wwwroot/mis/sass/vendor/laravel/framework/src/Illuminate/Console/Command.php(121): Symfony\\Component\\Console\\Command\\Command->run()
#14 /www/wwwroot/mis/sass/vendor/symfony/console/Application.php(1028): Illuminate\\Console\\Command->run()
#15 /www/wwwroot/mis/sass/vendor/symfony/console/Application.php(299): Symfony\\Component\\Console\\Application->doRunCommand()
#16 /www/wwwroot/mis/sass/vendor/symfony/console/Application.php(171): Symfony\\Component\\Console\\Application->doRun()
#17 /www/wwwroot/mis/sass/vendor/laravel/framework/src/Illuminate/Console/Application.php(94): Symfony\\Component\\Console\\Application->run()
#18 /www/wwwroot/mis/sass/vendor/laravel/framework/src/Illuminate/Foundation/Console/Kernel.php(129): Illuminate\\Console\\Application->run()
#19 /www/wwwroot/mis/sass/artisan(37): Illuminate\\Foundation\\Console\\Kernel->handle()
#20 {main}
"} 
[2022-12-09 05:32:31] local.ERROR: App\Jobs\AlarmDataJob has been attempted too many times or run too long. The job may have previously timed out. {"exception":"[object] (Illuminate\\Queue\\MaxAttemptsExceededException(code: 0): App\\Jobs\\AlarmDataJob has been attempted too many times or run too long. The job may have previously timed out. at /www/wwwroot/mis/sass/vendor/laravel/framework/src/Illuminate/Queue/Worker.php:750)
[stacktrace]
#0 /www/wwwroot/mis/sass/vendor/laravel/framework/src/Illuminate/Queue/Worker.php(504): Illuminate\\Queue\\Worker->maxAttemptsExceededException()
#1 /www/wwwroot/mis/sass/vendor/laravel/framework/src/Illuminate/Queue/Worker.php(418): Illuminate\\Queue\\Worker->markJobAsFailedIfAlreadyExceedsMaxAttempts()
#2 /www/wwwroot/mis/sass/vendor/laravel/framework/src/Illuminate/Queue/Worker.php(378): Illuminate\\Queue\\Worker->process()
#3 /www/wwwroot/mis/sass/vendor/laravel/framework/src/Illuminate/Queue/Worker.php(172): Illuminate\\Queue\\Worker->runJob()
#4 /www/wwwroot/mis/sass/vendor/laravel/framework/src/Illuminate/Queue/Console/WorkCommand.php(117): Illuminate\\Queue\\Worker->daemon()
#5 /www/wwwroot/mis/sass/vendor/laravel/framework/src/Illuminate/Queue/Console/WorkCommand.php(101): Illuminate\\Queue\\Console\\WorkCommand->runWorker()
#6 /www/wwwroot/mis/sass/vendor/laravel/framework/src/Illuminate/Container/BoundMethod.php(36): Illuminate\\Queue\\Console\\WorkCommand->handle()
#7 /www/wwwroot/mis/sass/vendor/laravel/framework/src/Illuminate/Container/Util.php(40): Illuminate\\Container\\BoundMethod::Illuminate\\Container\\{closure}()
#8 /www/wwwroot/mis/sass/vendor/laravel/framework/src/Illuminate/Container/BoundMethod.php(93): Illuminate\\Container\\Util::unwrapIfClosure()
#9 /www/wwwroot/mis/sass/vendor/laravel/framework/src/Illuminate/Container/BoundMethod.php(37): Illuminate\\Container\\BoundMethod::callBoundMethod()
#10 /www/wwwroot/mis/sass/vendor/laravel/framework/src/Illuminate/Container/Container.php(653): Illuminate\\Container\\BoundMethod::call()
#11 /www/wwwroot/mis/sass/vendor/laravel/framework/src/Illuminate/Console/Command.php(136): Illuminate\\Container\\Container->call()
#12 /www/wwwroot/mis/sass/vendor/symfony/console/Command/Command.php(298): Illuminate\\Console\\Command->execute()
#13 /www/wwwroot/mis/sass/vendor/laravel/framework/src/Illuminate/Console/Command.php(121): Symfony\\Component\\Console\\Command\\Command->run()
#14 /www/wwwroot/mis/sass/vendor/symfony/console/Application.php(1028): Illuminate\\Console\\Command->run()
#15 /www/wwwroot/mis/sass/vendor/symfony/console/Application.php(299): Symfony\\Component\\Console\\Application->doRunCommand()
#16 /www/wwwroot/mis/sass/vendor/symfony/console/Application.php(171): Symfony\\Component\\Console\\Application->doRun()
#17 /www/wwwroot/mis/sass/vendor/laravel/framework/src/Illuminate/Console/Application.php(94): Symfony\\Component\\Console\\Application->run()
#18 /www/wwwroot/mis/sass/vendor/laravel/framework/src/Illuminate/Foundation/Console/Kernel.php(129): Illuminate\\Console\\Application->run()
#19 /www/wwwroot/mis/sass/artisan(37): Illuminate\\Foundation\\Console\\Kernel->handle()
#20 {main}
"} 
[2022-12-09 08:15:31] local.ERROR: App\Jobs\AlarmDataJob has been attempted too many times or run too long. The job may have previously timed out. {"exception":"[object] (Illuminate\\Queue\\MaxAttemptsExceededException(code: 0): App\\Jobs\\AlarmDataJob has been attempted too many times or run too long. The job may have previously timed out. at /www/wwwroot/mis/sass/vendor/laravel/framework/src/Illuminate/Queue/Worker.php:750)
[stacktrace]
#0 /www/wwwroot/mis/sass/vendor/laravel/framework/src/Illuminate/Queue/Worker.php(504): Illuminate\\Queue\\Worker->maxAttemptsExceededException()
#1 /www/wwwroot/mis/sass/vendor/laravel/framework/src/Illuminate/Queue/Worker.php(418): Illuminate\\Queue\\Worker->markJobAsFailedIfAlreadyExceedsMaxAttempts()
#2 /www/wwwroot/mis/sass/vendor/laravel/framework/src/Illuminate/Queue/Worker.php(378): Illuminate\\Queue\\Worker->process()
#3 /www/wwwroot/mis/sass/vendor/laravel/framework/src/Illuminate/Queue/Worker.php(172): Illuminate\\Queue\\Worker->runJob()
#4 /www/wwwroot/mis/sass/vendor/laravel/framework/src/Illuminate/Queue/Console/WorkCommand.php(117): Illuminate\\Queue\\Worker->daemon()
#5 /www/wwwroot/mis/sass/vendor/laravel/framework/src/Illuminate/Queue/Console/WorkCommand.php(101): Illuminate\\Queue\\Console\\WorkCommand->runWorker()
#6 /www/wwwroot/mis/sass/vendor/laravel/framework/src/Illuminate/Container/BoundMethod.php(36): Illuminate\\Queue\\Console\\WorkCommand->handle()
#7 /www/wwwroot/mis/sass/vendor/laravel/framework/src/Illuminate/Container/Util.php(40): Illuminate\\Container\\BoundMethod::Illuminate\\Container\\{closure}()
#8 /www/wwwroot/mis/sass/vendor/laravel/framework/src/Illuminate/Container/BoundMethod.php(93): Illuminate\\Container\\Util::unwrapIfClosure()
#9 /www/wwwroot/mis/sass/vendor/laravel/framework/src/Illuminate/Container/BoundMethod.php(37): Illuminate\\Container\\BoundMethod::callBoundMethod()
#10 /www/wwwroot/mis/sass/vendor/laravel/framework/src/Illuminate/Container/Container.php(653): Illuminate\\Container\\BoundMethod::call()
#11 /www/wwwroot/mis/sass/vendor/laravel/framework/src/Illuminate/Console/Command.php(136): Illuminate\\Container\\Container->call()
#12 /www/wwwroot/mis/sass/vendor/symfony/console/Command/Command.php(298): Illuminate\\Console\\Command->execute()
#13 /www/wwwroot/mis/sass/vendor/laravel/framework/src/Illuminate/Console/Command.php(121): Symfony\\Component\\Console\\Command\\Command->run()
#14 /www/wwwroot/mis/sass/vendor/symfony/console/Application.php(1028): Illuminate\\Console\\Command->run()
#15 /www/wwwroot/mis/sass/vendor/symfony/console/Application.php(299): Symfony\\Component\\Console\\Application->doRunCommand()
#16 /www/wwwroot/mis/sass/vendor/symfony/console/Application.php(171): Symfony\\Component\\Console\\Application->doRun()
#17 /www/wwwroot/mis/sass/vendor/laravel/framework/src/Illuminate/Console/Application.php(94): Symfony\\Component\\Console\\Application->run()
#18 /www/wwwroot/mis/sass/vendor/laravel/framework/src/Illuminate/Foundation/Console/Kernel.php(129): Illuminate\\Console\\Application->run()
#19 /www/wwwroot/mis/sass/artisan(37): Illuminate\\Foundation\\Console\\Kernel->handle()
#20 {main}
"} 
[2022-12-09 13:28:32] local.ERROR: App\Jobs\AlarmDataJob has been attempted too many times or run too long. The job may have previously timed out. {"exception":"[object] (Illuminate\\Queue\\MaxAttemptsExceededException(code: 0): App\\Jobs\\AlarmDataJob has been attempted too many times or run too long. The job may have previously timed out. at /www/wwwroot/mis/sass/vendor/laravel/framework/src/Illuminate/Queue/Worker.php:750)
[stacktrace]
#0 /www/wwwroot/mis/sass/vendor/laravel/framework/src/Illuminate/Queue/Worker.php(504): Illuminate\\Queue\\Worker->maxAttemptsExceededException()
#1 /www/wwwroot/mis/sass/vendor/laravel/framework/src/Illuminate/Queue/Worker.php(418): Illuminate\\Queue\\Worker->markJobAsFailedIfAlreadyExceedsMaxAttempts()
#2 /www/wwwroot/mis/sass/vendor/laravel/framework/src/Illuminate/Queue/Worker.php(378): Illuminate\\Queue\\Worker->process()
#3 /www/wwwroot/mis/sass/vendor/laravel/framework/src/Illuminate/Queue/Worker.php(172): Illuminate\\Queue\\Worker->runJob()
#4 /www/wwwroot/mis/sass/vendor/laravel/framework/src/Illuminate/Queue/Console/WorkCommand.php(117): Illuminate\\Queue\\Worker->daemon()
#5 /www/wwwroot/mis/sass/vendor/laravel/framework/src/Illuminate/Queue/Console/WorkCommand.php(101): Illuminate\\Queue\\Console\\WorkCommand->runWorker()
#6 /www/wwwroot/mis/sass/vendor/laravel/framework/src/Illuminate/Container/BoundMethod.php(36): Illuminate\\Queue\\Console\\WorkCommand->handle()
#7 /www/wwwroot/mis/sass/vendor/laravel/framework/src/Illuminate/Container/Util.php(40): Illuminate\\Container\\BoundMethod::Illuminate\\Container\\{closure}()
#8 /www/wwwroot/mis/sass/vendor/laravel/framework/src/Illuminate/Container/BoundMethod.php(93): Illuminate\\Container\\Util::unwrapIfClosure()
#9 /www/wwwroot/mis/sass/vendor/laravel/framework/src/Illuminate/Container/BoundMethod.php(37): Illuminate\\Container\\BoundMethod::callBoundMethod()
#10 /www/wwwroot/mis/sass/vendor/laravel/framework/src/Illuminate/Container/Container.php(653): Illuminate\\Container\\BoundMethod::call()
#11 /www/wwwroot/mis/sass/vendor/laravel/framework/src/Illuminate/Console/Command.php(136): Illuminate\\Container\\Container->call()
#12 /www/wwwroot/mis/sass/vendor/symfony/console/Command/Command.php(298): Illuminate\\Console\\Command->execute()
#13 /www/wwwroot/mis/sass/vendor/laravel/framework/src/Illuminate/Console/Command.php(121): Symfony\\Component\\Console\\Command\\Command->run()
#14 /www/wwwroot/mis/sass/vendor/symfony/console/Application.php(1028): Illuminate\\Console\\Command->run()
#15 /www/wwwroot/mis/sass/vendor/symfony/console/Application.php(299): Symfony\\Component\\Console\\Application->doRunCommand()
#16 /www/wwwroot/mis/sass/vendor/symfony/console/Application.php(171): Symfony\\Component\\Console\\Application->doRun()
#17 /www/wwwroot/mis/sass/vendor/laravel/framework/src/Illuminate/Console/Application.php(94): Symfony\\Component\\Console\\Application->run()
#18 /www/wwwroot/mis/sass/vendor/laravel/framework/src/Illuminate/Foundation/Console/Kernel.php(129): Illuminate\\Console\\Application->run()
#19 /www/wwwroot/mis/sass/artisan(37): Illuminate\\Foundation\\Console\\Kernel->handle()
#20 {main}
"} 
[2022-12-09 14:05:31] local.ERROR: App\Jobs\AlarmDataJob has been attempted too many times or run too long. The job may have previously timed out. {"exception":"[object] (Illuminate\\Queue\\MaxAttemptsExceededException(code: 0): App\\Jobs\\AlarmDataJob has been attempted too many times or run too long. The job may have previously timed out. at /www/wwwroot/mis/sass/vendor/laravel/framework/src/Illuminate/Queue/Worker.php:750)
[stacktrace]
#0 /www/wwwroot/mis/sass/vendor/laravel/framework/src/Illuminate/Queue/Worker.php(504): Illuminate\\Queue\\Worker->maxAttemptsExceededException()
#1 /www/wwwroot/mis/sass/vendor/laravel/framework/src/Illuminate/Queue/Worker.php(418): Illuminate\\Queue\\Worker->markJobAsFailedIfAlreadyExceedsMaxAttempts()
#2 /www/wwwroot/mis/sass/vendor/laravel/framework/src/Illuminate/Queue/Worker.php(378): Illuminate\\Queue\\Worker->process()
#3 /www/wwwroot/mis/sass/vendor/laravel/framework/src/Illuminate/Queue/Worker.php(172): Illuminate\\Queue\\Worker->runJob()
#4 /www/wwwroot/mis/sass/vendor/laravel/framework/src/Illuminate/Queue/Console/WorkCommand.php(117): Illuminate\\Queue\\Worker->daemon()
#5 /www/wwwroot/mis/sass/vendor/laravel/framework/src/Illuminate/Queue/Console/WorkCommand.php(101): Illuminate\\Queue\\Console\\WorkCommand->runWorker()
#6 /www/wwwroot/mis/sass/vendor/laravel/framework/src/Illuminate/Container/BoundMethod.php(36): Illuminate\\Queue\\Console\\WorkCommand->handle()
#7 /www/wwwroot/mis/sass/vendor/laravel/framework/src/Illuminate/Container/Util.php(40): Illuminate\\Container\\BoundMethod::Illuminate\\Container\\{closure}()
#8 /www/wwwroot/mis/sass/vendor/laravel/framework/src/Illuminate/Container/BoundMethod.php(93): Illuminate\\Container\\Util::unwrapIfClosure()
#9 /www/wwwroot/mis/sass/vendor/laravel/framework/src/Illuminate/Container/BoundMethod.php(37): Illuminate\\Container\\BoundMethod::callBoundMethod()
#10 /www/wwwroot/mis/sass/vendor/laravel/framework/src/Illuminate/Container/Container.php(653): Illuminate\\Container\\BoundMethod::call()
#11 /www/wwwroot/mis/sass/vendor/laravel/framework/src/Illuminate/Console/Command.php(136): Illuminate\\Container\\Container->call()
#12 /www/wwwroot/mis/sass/vendor/symfony/console/Command/Command.php(298): Illuminate\\Console\\Command->execute()
#13 /www/wwwroot/mis/sass/vendor/laravel/framework/src/Illuminate/Console/Command.php(121): Symfony\\Component\\Console\\Command\\Command->run()
#14 /www/wwwroot/mis/sass/vendor/symfony/console/Application.php(1028): Illuminate\\Console\\Command->run()
#15 /www/wwwroot/mis/sass/vendor/symfony/console/Application.php(299): Symfony\\Component\\Console\\Application->doRunCommand()
#16 /www/wwwroot/mis/sass/vendor/symfony/console/Application.php(171): Symfony\\Component\\Console\\Application->doRun()
#17 /www/wwwroot/mis/sass/vendor/laravel/framework/src/Illuminate/Console/Application.php(94): Symfony\\Component\\Console\\Application->run()
#18 /www/wwwroot/mis/sass/vendor/laravel/framework/src/Illuminate/Foundation/Console/Kernel.php(129): Illuminate\\Console\\Application->run()
#19 /www/wwwroot/mis/sass/artisan(37): Illuminate\\Foundation\\Console\\Kernel->handle()
#20 {main}
"} 
[2022-12-09 15:33:31] local.ERROR: App\Jobs\AlarmDataJob has been attempted too many times or run too long. The job may have previously timed out. {"exception":"[object] (Illuminate\\Queue\\MaxAttemptsExceededException(code: 0): App\\Jobs\\AlarmDataJob has been attempted too many times or run too long. The job may have previously timed out. at /www/wwwroot/mis/sass/vendor/laravel/framework/src/Illuminate/Queue/Worker.php:750)
[stacktrace]
#0 /www/wwwroot/mis/sass/vendor/laravel/framework/src/Illuminate/Queue/Worker.php(504): Illuminate\\Queue\\Worker->maxAttemptsExceededException()
#1 /www/wwwroot/mis/sass/vendor/laravel/framework/src/Illuminate/Queue/Worker.php(418): Illuminate\\Queue\\Worker->markJobAsFailedIfAlreadyExceedsMaxAttempts()
#2 /www/wwwroot/mis/sass/vendor/laravel/framework/src/Illuminate/Queue/Worker.php(378): Illuminate\\Queue\\Worker->process()
#3 /www/wwwroot/mis/sass/vendor/laravel/framework/src/Illuminate/Queue/Worker.php(172): Illuminate\\Queue\\Worker->runJob()
#4 /www/wwwroot/mis/sass/vendor/laravel/framework/src/Illuminate/Queue/Console/WorkCommand.php(117): Illuminate\\Queue\\Worker->daemon()
#5 /www/wwwroot/mis/sass/vendor/laravel/framework/src/Illuminate/Queue/Console/WorkCommand.php(101): Illuminate\\Queue\\Console\\WorkCommand->runWorker()
#6 /www/wwwroot/mis/sass/vendor/laravel/framework/src/Illuminate/Container/BoundMethod.php(36): Illuminate\\Queue\\Console\\WorkCommand->handle()
#7 /www/wwwroot/mis/sass/vendor/laravel/framework/src/Illuminate/Container/Util.php(40): Illuminate\\Container\\BoundMethod::Illuminate\\Container\\{closure}()
#8 /www/wwwroot/mis/sass/vendor/laravel/framework/src/Illuminate/Container/BoundMethod.php(93): Illuminate\\Container\\Util::unwrapIfClosure()
#9 /www/wwwroot/mis/sass/vendor/laravel/framework/src/Illuminate/Container/BoundMethod.php(37): Illuminate\\Container\\BoundMethod::callBoundMethod()
#10 /www/wwwroot/mis/sass/vendor/laravel/framework/src/Illuminate/Container/Container.php(653): Illuminate\\Container\\BoundMethod::call()
#11 /www/wwwroot/mis/sass/vendor/laravel/framework/src/Illuminate/Console/Command.php(136): Illuminate\\Container\\Container->call()
#12 /www/wwwroot/mis/sass/vendor/symfony/console/Command/Command.php(298): Illuminate\\Console\\Command->execute()
#13 /www/wwwroot/mis/sass/vendor/laravel/framework/src/Illuminate/Console/Command.php(121): Symfony\\Component\\Console\\Command\\Command->run()
#14 /www/wwwroot/mis/sass/vendor/symfony/console/Application.php(1028): Illuminate\\Console\\Command->run()
#15 /www/wwwroot/mis/sass/vendor/symfony/console/Application.php(299): Symfony\\Component\\Console\\Application->doRunCommand()
#16 /www/wwwroot/mis/sass/vendor/symfony/console/Application.php(171): Symfony\\Component\\Console\\Application->doRun()
#17 /www/wwwroot/mis/sass/vendor/laravel/framework/src/Illuminate/Console/Application.php(94): Symfony\\Component\\Console\\Application->run()
#18 /www/wwwroot/mis/sass/vendor/laravel/framework/src/Illuminate/Foundation/Console/Kernel.php(129): Illuminate\\Console\\Application->run()
#19 /www/wwwroot/mis/sass/artisan(37): Illuminate\\Foundation\\Console\\Kernel->handle()
#20 {main}
"} 
[2022-12-09 15:41:31] local.ERROR: App\Jobs\AlarmDataJob has been attempted too many times or run too long. The job may have previously timed out. {"exception":"[object] (Illuminate\\Queue\\MaxAttemptsExceededException(code: 0): App\\Jobs\\AlarmDataJob has been attempted too many times or run too long. The job may have previously timed out. at /www/wwwroot/mis/sass/vendor/laravel/framework/src/Illuminate/Queue/Worker.php:750)
[stacktrace]
#0 /www/wwwroot/mis/sass/vendor/laravel/framework/src/Illuminate/Queue/Worker.php(504): Illuminate\\Queue\\Worker->maxAttemptsExceededException()
#1 /www/wwwroot/mis/sass/vendor/laravel/framework/src/Illuminate/Queue/Worker.php(418): Illuminate\\Queue\\Worker->markJobAsFailedIfAlreadyExceedsMaxAttempts()
#2 /www/wwwroot/mis/sass/vendor/laravel/framework/src/Illuminate/Queue/Worker.php(378): Illuminate\\Queue\\Worker->process()
#3 /www/wwwroot/mis/sass/vendor/laravel/framework/src/Illuminate/Queue/Worker.php(172): Illuminate\\Queue\\Worker->runJob()
#4 /www/wwwroot/mis/sass/vendor/laravel/framework/src/Illuminate/Queue/Console/WorkCommand.php(117): Illuminate\\Queue\\Worker->daemon()
#5 /www/wwwroot/mis/sass/vendor/laravel/framework/src/Illuminate/Queue/Console/WorkCommand.php(101): Illuminate\\Queue\\Console\\WorkCommand->runWorker()
#6 /www/wwwroot/mis/sass/vendor/laravel/framework/src/Illuminate/Container/BoundMethod.php(36): Illuminate\\Queue\\Console\\WorkCommand->handle()
#7 /www/wwwroot/mis/sass/vendor/laravel/framework/src/Illuminate/Container/Util.php(40): Illuminate\\Container\\BoundMethod::Illuminate\\Container\\{closure}()
#8 /www/wwwroot/mis/sass/vendor/laravel/framework/src/Illuminate/Container/BoundMethod.php(93): Illuminate\\Container\\Util::unwrapIfClosure()
#9 /www/wwwroot/mis/sass/vendor/laravel/framework/src/Illuminate/Container/BoundMethod.php(37): Illuminate\\Container\\BoundMethod::callBoundMethod()
#10 /www/wwwroot/mis/sass/vendor/laravel/framework/src/Illuminate/Container/Container.php(653): Illuminate\\Container\\BoundMethod::call()
#11 /www/wwwroot/mis/sass/vendor/laravel/framework/src/Illuminate/Console/Command.php(136): Illuminate\\Container\\Container->call()
#12 /www/wwwroot/mis/sass/vendor/symfony/console/Command/Command.php(298): Illuminate\\Console\\Command->execute()
#13 /www/wwwroot/mis/sass/vendor/laravel/framework/src/Illuminate/Console/Command.php(121): Symfony\\Component\\Console\\Command\\Command->run()
#14 /www/wwwroot/mis/sass/vendor/symfony/console/Application.php(1028): Illuminate\\Console\\Command->run()
#15 /www/wwwroot/mis/sass/vendor/symfony/console/Application.php(299): Symfony\\Component\\Console\\Application->doRunCommand()
#16 /www/wwwroot/mis/sass/vendor/symfony/console/Application.php(171): Symfony\\Component\\Console\\Application->doRun()
#17 /www/wwwroot/mis/sass/vendor/laravel/framework/src/Illuminate/Console/Application.php(94): Symfony\\Component\\Console\\Application->run()
#18 /www/wwwroot/mis/sass/vendor/laravel/framework/src/Illuminate/Foundation/Console/Kernel.php(129): Illuminate\\Console\\Application->run()
#19 /www/wwwroot/mis/sass/artisan(37): Illuminate\\Foundation\\Console\\Kernel->handle()
#20 {main}
"} 
[2022-12-09 16:08:32] local.ERROR: App\Jobs\AlarmDataJob has been attempted too many times or run too long. The job may have previously timed out. {"exception":"[object] (Illuminate\\Queue\\MaxAttemptsExceededException(code: 0): App\\Jobs\\AlarmDataJob has been attempted too many times or run too long. The job may have previously timed out. at /www/wwwroot/mis/sass/vendor/laravel/framework/src/Illuminate/Queue/Worker.php:750)
[stacktrace]
#0 /www/wwwroot/mis/sass/vendor/laravel/framework/src/Illuminate/Queue/Worker.php(504): Illuminate\\Queue\\Worker->maxAttemptsExceededException()
#1 /www/wwwroot/mis/sass/vendor/laravel/framework/src/Illuminate/Queue/Worker.php(418): Illuminate\\Queue\\Worker->markJobAsFailedIfAlreadyExceedsMaxAttempts()
#2 /www/wwwroot/mis/sass/vendor/laravel/framework/src/Illuminate/Queue/Worker.php(378): Illuminate\\Queue\\Worker->process()
#3 /www/wwwroot/mis/sass/vendor/laravel/framework/src/Illuminate/Queue/Worker.php(172): Illuminate\\Queue\\Worker->runJob()
#4 /www/wwwroot/mis/sass/vendor/laravel/framework/src/Illuminate/Queue/Console/WorkCommand.php(117): Illuminate\\Queue\\Worker->daemon()
#5 /www/wwwroot/mis/sass/vendor/laravel/framework/src/Illuminate/Queue/Console/WorkCommand.php(101): Illuminate\\Queue\\Console\\WorkCommand->runWorker()
#6 /www/wwwroot/mis/sass/vendor/laravel/framework/src/Illuminate/Container/BoundMethod.php(36): Illuminate\\Queue\\Console\\WorkCommand->handle()
#7 /www/wwwroot/mis/sass/vendor/laravel/framework/src/Illuminate/Container/Util.php(40): Illuminate\\Container\\BoundMethod::Illuminate\\Container\\{closure}()
#8 /www/wwwroot/mis/sass/vendor/laravel/framework/src/Illuminate/Container/BoundMethod.php(93): Illuminate\\Container\\Util::unwrapIfClosure()
#9 /www/wwwroot/mis/sass/vendor/laravel/framework/src/Illuminate/Container/BoundMethod.php(37): Illuminate\\Container\\BoundMethod::callBoundMethod()
#10 /www/wwwroot/mis/sass/vendor/laravel/framework/src/Illuminate/Container/Container.php(653): Illuminate\\Container\\BoundMethod::call()
#11 /www/wwwroot/mis/sass/vendor/laravel/framework/src/Illuminate/Console/Command.php(136): Illuminate\\Container\\Container->call()
#12 /www/wwwroot/mis/sass/vendor/symfony/console/Command/Command.php(298): Illuminate\\Console\\Command->execute()
#13 /www/wwwroot/mis/sass/vendor/laravel/framework/src/Illuminate/Console/Command.php(121): Symfony\\Component\\Console\\Command\\Command->run()
#14 /www/wwwroot/mis/sass/vendor/symfony/console/Application.php(1028): Illuminate\\Console\\Command->run()
#15 /www/wwwroot/mis/sass/vendor/symfony/console/Application.php(299): Symfony\\Component\\Console\\Application->doRunCommand()
#16 /www/wwwroot/mis/sass/vendor/symfony/console/Application.php(171): Symfony\\Component\\Console\\Application->doRun()
#17 /www/wwwroot/mis/sass/vendor/laravel/framework/src/Illuminate/Console/Application.php(94): Symfony\\Component\\Console\\Application->run()
#18 /www/wwwroot/mis/sass/vendor/laravel/framework/src/Illuminate/Foundation/Console/Kernel.php(129): Illuminate\\Console\\Application->run()
#19 /www/wwwroot/mis/sass/artisan(37): Illuminate\\Foundation\\Console\\Kernel->handle()
#20 {main}
"} 
[2022-12-09 16:41:31] local.ERROR: App\Jobs\AlarmDataJob has been attempted too many times or run too long. The job may have previously timed out. {"exception":"[object] (Illuminate\\Queue\\MaxAttemptsExceededException(code: 0): App\\Jobs\\AlarmDataJob has been attempted too many times or run too long. The job may have previously timed out. at /www/wwwroot/mis/sass/vendor/laravel/framework/src/Illuminate/Queue/Worker.php:750)
[stacktrace]
#0 /www/wwwroot/mis/sass/vendor/laravel/framework/src/Illuminate/Queue/Worker.php(504): Illuminate\\Queue\\Worker->maxAttemptsExceededException()
#1 /www/wwwroot/mis/sass/vendor/laravel/framework/src/Illuminate/Queue/Worker.php(418): Illuminate\\Queue\\Worker->markJobAsFailedIfAlreadyExceedsMaxAttempts()
#2 /www/wwwroot/mis/sass/vendor/laravel/framework/src/Illuminate/Queue/Worker.php(378): Illuminate\\Queue\\Worker->process()
#3 /www/wwwroot/mis/sass/vendor/laravel/framework/src/Illuminate/Queue/Worker.php(172): Illuminate\\Queue\\Worker->runJob()
#4 /www/wwwroot/mis/sass/vendor/laravel/framework/src/Illuminate/Queue/Console/WorkCommand.php(117): Illuminate\\Queue\\Worker->daemon()
#5 /www/wwwroot/mis/sass/vendor/laravel/framework/src/Illuminate/Queue/Console/WorkCommand.php(101): Illuminate\\Queue\\Console\\WorkCommand->runWorker()
#6 /www/wwwroot/mis/sass/vendor/laravel/framework/src/Illuminate/Container/BoundMethod.php(36): Illuminate\\Queue\\Console\\WorkCommand->handle()
#7 /www/wwwroot/mis/sass/vendor/laravel/framework/src/Illuminate/Container/Util.php(40): Illuminate\\Container\\BoundMethod::Illuminate\\Container\\{closure}()
#8 /www/wwwroot/mis/sass/vendor/laravel/framework/src/Illuminate/Container/BoundMethod.php(93): Illuminate\\Container\\Util::unwrapIfClosure()
#9 /www/wwwroot/mis/sass/vendor/laravel/framework/src/Illuminate/Container/BoundMethod.php(37): Illuminate\\Container\\BoundMethod::callBoundMethod()
#10 /www/wwwroot/mis/sass/vendor/laravel/framework/src/Illuminate/Container/Container.php(653): Illuminate\\Container\\BoundMethod::call()
#11 /www/wwwroot/mis/sass/vendor/laravel/framework/src/Illuminate/Console/Command.php(136): Illuminate\\Container\\Container->call()
#12 /www/wwwroot/mis/sass/vendor/symfony/console/Command/Command.php(298): Illuminate\\Console\\Command->execute()
#13 /www/wwwroot/mis/sass/vendor/laravel/framework/src/Illuminate/Console/Command.php(121): Symfony\\Component\\Console\\Command\\Command->run()
#14 /www/wwwroot/mis/sass/vendor/symfony/console/Application.php(1028): Illuminate\\Console\\Command->run()
#15 /www/wwwroot/mis/sass/vendor/symfony/console/Application.php(299): Symfony\\Component\\Console\\Application->doRunCommand()
#16 /www/wwwroot/mis/sass/vendor/symfony/console/Application.php(171): Symfony\\Component\\Console\\Application->doRun()
#17 /www/wwwroot/mis/sass/vendor/laravel/framework/src/Illuminate/Console/Application.php(94): Symfony\\Component\\Console\\Application->run()
#18 /www/wwwroot/mis/sass/vendor/laravel/framework/src/Illuminate/Foundation/Console/Kernel.php(129): Illuminate\\Console\\Application->run()
#19 /www/wwwroot/mis/sass/artisan(37): Illuminate\\Foundation\\Console\\Kernel->handle()
#20 {main}
"} 
[2022-12-09 17:04:31] local.ERROR: App\Jobs\AlarmDataJob has been attempted too many times or run too long. The job may have previously timed out. {"exception":"[object] (Illuminate\\Queue\\MaxAttemptsExceededException(code: 0): App\\Jobs\\AlarmDataJob has been attempted too many times or run too long. The job may have previously timed out. at /www/wwwroot/mis/sass/vendor/laravel/framework/src/Illuminate/Queue/Worker.php:750)
[stacktrace]
#0 /www/wwwroot/mis/sass/vendor/laravel/framework/src/Illuminate/Queue/Worker.php(504): Illuminate\\Queue\\Worker->maxAttemptsExceededException()
#1 /www/wwwroot/mis/sass/vendor/laravel/framework/src/Illuminate/Queue/Worker.php(418): Illuminate\\Queue\\Worker->markJobAsFailedIfAlreadyExceedsMaxAttempts()
#2 /www/wwwroot/mis/sass/vendor/laravel/framework/src/Illuminate/Queue/Worker.php(378): Illuminate\\Queue\\Worker->process()
#3 /www/wwwroot/mis/sass/vendor/laravel/framework/src/Illuminate/Queue/Worker.php(172): Illuminate\\Queue\\Worker->runJob()
#4 /www/wwwroot/mis/sass/vendor/laravel/framework/src/Illuminate/Queue/Console/WorkCommand.php(117): Illuminate\\Queue\\Worker->daemon()
#5 /www/wwwroot/mis/sass/vendor/laravel/framework/src/Illuminate/Queue/Console/WorkCommand.php(101): Illuminate\\Queue\\Console\\WorkCommand->runWorker()
#6 /www/wwwroot/mis/sass/vendor/laravel/framework/src/Illuminate/Container/BoundMethod.php(36): Illuminate\\Queue\\Console\\WorkCommand->handle()
#7 /www/wwwroot/mis/sass/vendor/laravel/framework/src/Illuminate/Container/Util.php(40): Illuminate\\Container\\BoundMethod::Illuminate\\Container\\{closure}()
#8 /www/wwwroot/mis/sass/vendor/laravel/framework/src/Illuminate/Container/BoundMethod.php(93): Illuminate\\Container\\Util::unwrapIfClosure()
#9 /www/wwwroot/mis/sass/vendor/laravel/framework/src/Illuminate/Container/BoundMethod.php(37): Illuminate\\Container\\BoundMethod::callBoundMethod()
#10 /www/wwwroot/mis/sass/vendor/laravel/framework/src/Illuminate/Container/Container.php(653): Illuminate\\Container\\BoundMethod::call()
#11 /www/wwwroot/mis/sass/vendor/laravel/framework/src/Illuminate/Console/Command.php(136): Illuminate\\Container\\Container->call()
#12 /www/wwwroot/mis/sass/vendor/symfony/console/Command/Command.php(298): Illuminate\\Console\\Command->execute()
#13 /www/wwwroot/mis/sass/vendor/laravel/framework/src/Illuminate/Console/Command.php(121): Symfony\\Component\\Console\\Command\\Command->run()
#14 /www/wwwroot/mis/sass/vendor/symfony/console/Application.php(1028): Illuminate\\Console\\Command->run()
#15 /www/wwwroot/mis/sass/vendor/symfony/console/Application.php(299): Symfony\\Component\\Console\\Application->doRunCommand()
#16 /www/wwwroot/mis/sass/vendor/symfony/console/Application.php(171): Symfony\\Component\\Console\\Application->doRun()
#17 /www/wwwroot/mis/sass/vendor/laravel/framework/src/Illuminate/Console/Application.php(94): Symfony\\Component\\Console\\Application->run()
#18 /www/wwwroot/mis/sass/vendor/laravel/framework/src/Illuminate/Foundation/Console/Kernel.php(129): Illuminate\\Console\\Application->run()
#19 /www/wwwroot/mis/sass/artisan(37): Illuminate\\Foundation\\Console\\Kernel->handle()
#20 {main}
"} 
[2022-12-09 20:25:31] local.ERROR: App\Jobs\AlarmDataJob has been attempted too many times or run too long. The job may have previously timed out. {"exception":"[object] (Illuminate\\Queue\\MaxAttemptsExceededException(code: 0): App\\Jobs\\AlarmDataJob has been attempted too many times or run too long. The job may have previously timed out. at /www/wwwroot/mis/sass/vendor/laravel/framework/src/Illuminate/Queue/Worker.php:750)
[stacktrace]
#0 /www/wwwroot/mis/sass/vendor/laravel/framework/src/Illuminate/Queue/Worker.php(504): Illuminate\\Queue\\Worker->maxAttemptsExceededException()
#1 /www/wwwroot/mis/sass/vendor/laravel/framework/src/Illuminate/Queue/Worker.php(418): Illuminate\\Queue\\Worker->markJobAsFailedIfAlreadyExceedsMaxAttempts()
#2 /www/wwwroot/mis/sass/vendor/laravel/framework/src/Illuminate/Queue/Worker.php(378): Illuminate\\Queue\\Worker->process()
#3 /www/wwwroot/mis/sass/vendor/laravel/framework/src/Illuminate/Queue/Worker.php(172): Illuminate\\Queue\\Worker->runJob()
#4 /www/wwwroot/mis/sass/vendor/laravel/framework/src/Illuminate/Queue/Console/WorkCommand.php(117): Illuminate\\Queue\\Worker->daemon()
#5 /www/wwwroot/mis/sass/vendor/laravel/framework/src/Illuminate/Queue/Console/WorkCommand.php(101): Illuminate\\Queue\\Console\\WorkCommand->runWorker()
#6 /www/wwwroot/mis/sass/vendor/laravel/framework/src/Illuminate/Container/BoundMethod.php(36): Illuminate\\Queue\\Console\\WorkCommand->handle()
#7 /www/wwwroot/mis/sass/vendor/laravel/framework/src/Illuminate/Container/Util.php(40): Illuminate\\Container\\BoundMethod::Illuminate\\Container\\{closure}()
#8 /www/wwwroot/mis/sass/vendor/laravel/framework/src/Illuminate/Container/BoundMethod.php(93): Illuminate\\Container\\Util::unwrapIfClosure()
#9 /www/wwwroot/mis/sass/vendor/laravel/framework/src/Illuminate/Container/BoundMethod.php(37): Illuminate\\Container\\BoundMethod::callBoundMethod()
#10 /www/wwwroot/mis/sass/vendor/laravel/framework/src/Illuminate/Container/Container.php(653): Illuminate\\Container\\BoundMethod::call()
#11 /www/wwwroot/mis/sass/vendor/laravel/framework/src/Illuminate/Console/Command.php(136): Illuminate\\Container\\Container->call()
#12 /www/wwwroot/mis/sass/vendor/symfony/console/Command/Command.php(298): Illuminate\\Console\\Command->execute()
#13 /www/wwwroot/mis/sass/vendor/laravel/framework/src/Illuminate/Console/Command.php(121): Symfony\\Component\\Console\\Command\\Command->run()
#14 /www/wwwroot/mis/sass/vendor/symfony/console/Application.php(1028): Illuminate\\Console\\Command->run()
#15 /www/wwwroot/mis/sass/vendor/symfony/console/Application.php(299): Symfony\\Component\\Console\\Application->doRunCommand()
#16 /www/wwwroot/mis/sass/vendor/symfony/console/Application.php(171): Symfony\\Component\\Console\\Application->doRun()
#17 /www/wwwroot/mis/sass/vendor/laravel/framework/src/Illuminate/Console/Application.php(94): Symfony\\Component\\Console\\Application->run()
#18 /www/wwwroot/mis/sass/vendor/laravel/framework/src/Illuminate/Foundation/Console/Kernel.php(129): Illuminate\\Console\\Application->run()
#19 /www/wwwroot/mis/sass/artisan(37): Illuminate\\Foundation\\Console\\Kernel->handle()
#20 {main}
"} 
[2022-12-09 20:26:31] local.ERROR: App\Jobs\AlarmDataJob has been attempted too many times or run too long. The job may have previously timed out. {"exception":"[object] (Illuminate\\Queue\\MaxAttemptsExceededException(code: 0): App\\Jobs\\AlarmDataJob has been attempted too many times or run too long. The job may have previously timed out. at /www/wwwroot/mis/sass/vendor/laravel/framework/src/Illuminate/Queue/Worker.php:750)
[stacktrace]
#0 /www/wwwroot/mis/sass/vendor/laravel/framework/src/Illuminate/Queue/Worker.php(504): Illuminate\\Queue\\Worker->maxAttemptsExceededException()
#1 /www/wwwroot/mis/sass/vendor/laravel/framework/src/Illuminate/Queue/Worker.php(418): Illuminate\\Queue\\Worker->markJobAsFailedIfAlreadyExceedsMaxAttempts()
#2 /www/wwwroot/mis/sass/vendor/laravel/framework/src/Illuminate/Queue/Worker.php(378): Illuminate\\Queue\\Worker->process()
#3 /www/wwwroot/mis/sass/vendor/laravel/framework/src/Illuminate/Queue/Worker.php(172): Illuminate\\Queue\\Worker->runJob()
#4 /www/wwwroot/mis/sass/vendor/laravel/framework/src/Illuminate/Queue/Console/WorkCommand.php(117): Illuminate\\Queue\\Worker->daemon()
#5 /www/wwwroot/mis/sass/vendor/laravel/framework/src/Illuminate/Queue/Console/WorkCommand.php(101): Illuminate\\Queue\\Console\\WorkCommand->runWorker()
#6 /www/wwwroot/mis/sass/vendor/laravel/framework/src/Illuminate/Container/BoundMethod.php(36): Illuminate\\Queue\\Console\\WorkCommand->handle()
#7 /www/wwwroot/mis/sass/vendor/laravel/framework/src/Illuminate/Container/Util.php(40): Illuminate\\Container\\BoundMethod::Illuminate\\Container\\{closure}()
#8 /www/wwwroot/mis/sass/vendor/laravel/framework/src/Illuminate/Container/BoundMethod.php(93): Illuminate\\Container\\Util::unwrapIfClosure()
#9 /www/wwwroot/mis/sass/vendor/laravel/framework/src/Illuminate/Container/BoundMethod.php(37): Illuminate\\Container\\BoundMethod::callBoundMethod()
#10 /www/wwwroot/mis/sass/vendor/laravel/framework/src/Illuminate/Container/Container.php(653): Illuminate\\Container\\BoundMethod::call()
#11 /www/wwwroot/mis/sass/vendor/laravel/framework/src/Illuminate/Console/Command.php(136): Illuminate\\Container\\Container->call()
#12 /www/wwwroot/mis/sass/vendor/symfony/console/Command/Command.php(298): Illuminate\\Console\\Command->execute()
#13 /www/wwwroot/mis/sass/vendor/laravel/framework/src/Illuminate/Console/Command.php(121): Symfony\\Component\\Console\\Command\\Command->run()
#14 /www/wwwroot/mis/sass/vendor/symfony/console/Application.php(1028): Illuminate\\Console\\Command->run()
#15 /www/wwwroot/mis/sass/vendor/symfony/console/Application.php(299): Symfony\\Component\\Console\\Application->doRunCommand()
#16 /www/wwwroot/mis/sass/vendor/symfony/console/Application.php(171): Symfony\\Component\\Console\\Application->doRun()
#17 /www/wwwroot/mis/sass/vendor/laravel/framework/src/Illuminate/Console/Application.php(94): Symfony\\Component\\Console\\Application->run()
#18 /www/wwwroot/mis/sass/vendor/laravel/framework/src/Illuminate/Foundation/Console/Kernel.php(129): Illuminate\\Console\\Application->run()
#19 /www/wwwroot/mis/sass/artisan(37): Illuminate\\Foundation\\Console\\Kernel->handle()
#20 {main}
"} 
[2022-12-09 21:55:31] local.ERROR: App\Jobs\AlarmDataJob has been attempted too many times or run too long. The job may have previously timed out. {"exception":"[object] (Illuminate\\Queue\\MaxAttemptsExceededException(code: 0): App\\Jobs\\AlarmDataJob has been attempted too many times or run too long. The job may have previously timed out. at /www/wwwroot/mis/sass/vendor/laravel/framework/src/Illuminate/Queue/Worker.php:750)
[stacktrace]
#0 /www/wwwroot/mis/sass/vendor/laravel/framework/src/Illuminate/Queue/Worker.php(504): Illuminate\\Queue\\Worker->maxAttemptsExceededException()
#1 /www/wwwroot/mis/sass/vendor/laravel/framework/src/Illuminate/Queue/Worker.php(418): Illuminate\\Queue\\Worker->markJobAsFailedIfAlreadyExceedsMaxAttempts()
#2 /www/wwwroot/mis/sass/vendor/laravel/framework/src/Illuminate/Queue/Worker.php(378): Illuminate\\Queue\\Worker->process()
#3 /www/wwwroot/mis/sass/vendor/laravel/framework/src/Illuminate/Queue/Worker.php(172): Illuminate\\Queue\\Worker->runJob()
#4 /www/wwwroot/mis/sass/vendor/laravel/framework/src/Illuminate/Queue/Console/WorkCommand.php(117): Illuminate\\Queue\\Worker->daemon()
#5 /www/wwwroot/mis/sass/vendor/laravel/framework/src/Illuminate/Queue/Console/WorkCommand.php(101): Illuminate\\Queue\\Console\\WorkCommand->runWorker()
#6 /www/wwwroot/mis/sass/vendor/laravel/framework/src/Illuminate/Container/BoundMethod.php(36): Illuminate\\Queue\\Console\\WorkCommand->handle()
#7 /www/wwwroot/mis/sass/vendor/laravel/framework/src/Illuminate/Container/Util.php(40): Illuminate\\Container\\BoundMethod::Illuminate\\Container\\{closure}()
#8 /www/wwwroot/mis/sass/vendor/laravel/framework/src/Illuminate/Container/BoundMethod.php(93): Illuminate\\Container\\Util::unwrapIfClosure()
#9 /www/wwwroot/mis/sass/vendor/laravel/framework/src/Illuminate/Container/BoundMethod.php(37): Illuminate\\Container\\BoundMethod::callBoundMethod()
#10 /www/wwwroot/mis/sass/vendor/laravel/framework/src/Illuminate/Container/Container.php(653): Illuminate\\Container\\BoundMethod::call()
#11 /www/wwwroot/mis/sass/vendor/laravel/framework/src/Illuminate/Console/Command.php(136): Illuminate\\Container\\Container->call()
#12 /www/wwwroot/mis/sass/vendor/symfony/console/Command/Command.php(298): Illuminate\\Console\\Command->execute()
#13 /www/wwwroot/mis/sass/vendor/laravel/framework/src/Illuminate/Console/Command.php(121): Symfony\\Component\\Console\\Command\\Command->run()
#14 /www/wwwroot/mis/sass/vendor/symfony/console/Application.php(1028): Illuminate\\Console\\Command->run()
#15 /www/wwwroot/mis/sass/vendor/symfony/console/Application.php(299): Symfony\\Component\\Console\\Application->doRunCommand()
#16 /www/wwwroot/mis/sass/vendor/symfony/console/Application.php(171): Symfony\\Component\\Console\\Application->doRun()
#17 /www/wwwroot/mis/sass/vendor/laravel/framework/src/Illuminate/Console/Application.php(94): Symfony\\Component\\Console\\Application->run()
#18 /www/wwwroot/mis/sass/vendor/laravel/framework/src/Illuminate/Foundation/Console/Kernel.php(129): Illuminate\\Console\\Application->run()
#19 /www/wwwroot/mis/sass/artisan(37): Illuminate\\Foundation\\Console\\Kernel->handle()
#20 {main}
"} 
[2022-12-09 21:56:31] local.ERROR: App\Jobs\AlarmDataJob has been attempted too many times or run too long. The job may have previously timed out. {"exception":"[object] (Illuminate\\Queue\\MaxAttemptsExceededException(code: 0): App\\Jobs\\AlarmDataJob has been attempted too many times or run too long. The job may have previously timed out. at /www/wwwroot/mis/sass/vendor/laravel/framework/src/Illuminate/Queue/Worker.php:750)
[stacktrace]
#0 /www/wwwroot/mis/sass/vendor/laravel/framework/src/Illuminate/Queue/Worker.php(504): Illuminate\\Queue\\Worker->maxAttemptsExceededException()
#1 /www/wwwroot/mis/sass/vendor/laravel/framework/src/Illuminate/Queue/Worker.php(418): Illuminate\\Queue\\Worker->markJobAsFailedIfAlreadyExceedsMaxAttempts()
#2 /www/wwwroot/mis/sass/vendor/laravel/framework/src/Illuminate/Queue/Worker.php(378): Illuminate\\Queue\\Worker->process()
#3 /www/wwwroot/mis/sass/vendor/laravel/framework/src/Illuminate/Queue/Worker.php(172): Illuminate\\Queue\\Worker->runJob()
#4 /www/wwwroot/mis/sass/vendor/laravel/framework/src/Illuminate/Queue/Console/WorkCommand.php(117): Illuminate\\Queue\\Worker->daemon()
#5 /www/wwwroot/mis/sass/vendor/laravel/framework/src/Illuminate/Queue/Console/WorkCommand.php(101): Illuminate\\Queue\\Console\\WorkCommand->runWorker()
#6 /www/wwwroot/mis/sass/vendor/laravel/framework/src/Illuminate/Container/BoundMethod.php(36): Illuminate\\Queue\\Console\\WorkCommand->handle()
#7 /www/wwwroot/mis/sass/vendor/laravel/framework/src/Illuminate/Container/Util.php(40): Illuminate\\Container\\BoundMethod::Illuminate\\Container\\{closure}()
#8 /www/wwwroot/mis/sass/vendor/laravel/framework/src/Illuminate/Container/BoundMethod.php(93): Illuminate\\Container\\Util::unwrapIfClosure()
#9 /www/wwwroot/mis/sass/vendor/laravel/framework/src/Illuminate/Container/BoundMethod.php(37): Illuminate\\Container\\BoundMethod::callBoundMethod()
#10 /www/wwwroot/mis/sass/vendor/laravel/framework/src/Illuminate/Container/Container.php(653): Illuminate\\Container\\BoundMethod::call()
#11 /www/wwwroot/mis/sass/vendor/laravel/framework/src/Illuminate/Console/Command.php(136): Illuminate\\Container\\Container->call()
#12 /www/wwwroot/mis/sass/vendor/symfony/console/Command/Command.php(298): Illuminate\\Console\\Command->execute()
#13 /www/wwwroot/mis/sass/vendor/laravel/framework/src/Illuminate/Console/Command.php(121): Symfony\\Component\\Console\\Command\\Command->run()
#14 /www/wwwroot/mis/sass/vendor/symfony/console/Application.php(1028): Illuminate\\Console\\Command->run()
#15 /www/wwwroot/mis/sass/vendor/symfony/console/Application.php(299): Symfony\\Component\\Console\\Application->doRunCommand()
#16 /www/wwwroot/mis/sass/vendor/symfony/console/Application.php(171): Symfony\\Component\\Console\\Application->doRun()
#17 /www/wwwroot/mis/sass/vendor/laravel/framework/src/Illuminate/Console/Application.php(94): Symfony\\Component\\Console\\Application->run()
#18 /www/wwwroot/mis/sass/vendor/laravel/framework/src/Illuminate/Foundation/Console/Kernel.php(129): Illuminate\\Console\\Application->run()
#19 /www/wwwroot/mis/sass/artisan(37): Illuminate\\Foundation\\Console\\Kernel->handle()
#20 {main}
"} 
[2022-12-09 21:56:31] local.ERROR: App\Jobs\AlarmDataJob has been attempted too many times or run too long. The job may have previously timed out. {"exception":"[object] (Illuminate\\Queue\\MaxAttemptsExceededException(code: 0): App\\Jobs\\AlarmDataJob has been attempted too many times or run too long. The job may have previously timed out. at /www/wwwroot/mis/sass/vendor/laravel/framework/src/Illuminate/Queue/Worker.php:750)
[stacktrace]
#0 /www/wwwroot/mis/sass/vendor/laravel/framework/src/Illuminate/Queue/Worker.php(504): Illuminate\\Queue\\Worker->maxAttemptsExceededException()
#1 /www/wwwroot/mis/sass/vendor/laravel/framework/src/Illuminate/Queue/Worker.php(418): Illuminate\\Queue\\Worker->markJobAsFailedIfAlreadyExceedsMaxAttempts()
#2 /www/wwwroot/mis/sass/vendor/laravel/framework/src/Illuminate/Queue/Worker.php(378): Illuminate\\Queue\\Worker->process()
#3 /www/wwwroot/mis/sass/vendor/laravel/framework/src/Illuminate/Queue/Worker.php(172): Illuminate\\Queue\\Worker->runJob()
#4 /www/wwwroot/mis/sass/vendor/laravel/framework/src/Illuminate/Queue/Console/WorkCommand.php(117): Illuminate\\Queue\\Worker->daemon()
#5 /www/wwwroot/mis/sass/vendor/laravel/framework/src/Illuminate/Queue/Console/WorkCommand.php(101): Illuminate\\Queue\\Console\\WorkCommand->runWorker()
#6 /www/wwwroot/mis/sass/vendor/laravel/framework/src/Illuminate/Container/BoundMethod.php(36): Illuminate\\Queue\\Console\\WorkCommand->handle()
#7 /www/wwwroot/mis/sass/vendor/laravel/framework/src/Illuminate/Container/Util.php(40): Illuminate\\Container\\BoundMethod::Illuminate\\Container\\{closure}()
#8 /www/wwwroot/mis/sass/vendor/laravel/framework/src/Illuminate/Container/BoundMethod.php(93): Illuminate\\Container\\Util::unwrapIfClosure()
#9 /www/wwwroot/mis/sass/vendor/laravel/framework/src/Illuminate/Container/BoundMethod.php(37): Illuminate\\Container\\BoundMethod::callBoundMethod()
#10 /www/wwwroot/mis/sass/vendor/laravel/framework/src/Illuminate/Container/Container.php(653): Illuminate\\Container\\BoundMethod::call()
#11 /www/wwwroot/mis/sass/vendor/laravel/framework/src/Illuminate/Console/Command.php(136): Illuminate\\Container\\Container->call()
#12 /www/wwwroot/mis/sass/vendor/symfony/console/Command/Command.php(298): Illuminate\\Console\\Command->execute()
#13 /www/wwwroot/mis/sass/vendor/laravel/framework/src/Illuminate/Console/Command.php(121): Symfony\\Component\\Console\\Command\\Command->run()
#14 /www/wwwroot/mis/sass/vendor/symfony/console/Application.php(1028): Illuminate\\Console\\Command->run()
#15 /www/wwwroot/mis/sass/vendor/symfony/console/Application.php(299): Symfony\\Component\\Console\\Application->doRunCommand()
#16 /www/wwwroot/mis/sass/vendor/symfony/console/Application.php(171): Symfony\\Component\\Console\\Application->doRun()
#17 /www/wwwroot/mis/sass/vendor/laravel/framework/src/Illuminate/Console/Application.php(94): Symfony\\Component\\Console\\Application->run()
#18 /www/wwwroot/mis/sass/vendor/laravel/framework/src/Illuminate/Foundation/Console/Kernel.php(129): Illuminate\\Console\\Application->run()
#19 /www/wwwroot/mis/sass/artisan(37): Illuminate\\Foundation\\Console\\Kernel->handle()
#20 {main}
"} 
